Using shader api: shaderapiempty.dll
WARNING: ConVarRef developer doesn't point to an existing ConVar
----------------------------------------------
All Search Paths:
"e:\steamlibrary\steamapps\common\half-life 2\" "BASE_PATH" 
"e:\steamlibrary\steamapps\common\half-life 2\bin\" "EXECUTABLE_PATH" 
"GAME" "GAME" (VPK)E:\SteamLibrary\steamapps\common\Half-Life 2\hl2\hl2_sound_vo_english.vpk
"mod" "mod" (VPK)E:\SteamLibrary\steamapps\common\Half-Life 2\hl2\hl2_sound_vo_english.vpk
"GAME" "GAME" (VPK)E:\SteamLibrary\steamapps\common\Half-Life 2\hl2\hl2_pak.vpk
"mod" "mod" (VPK)E:\SteamLibrary\steamapps\common\Half-Life 2\hl2\hl2_pak.vpk
"GAME" "GAME" (VPK)E:\SteamLibrary\steamapps\common\Half-Life 2\hl2\hl2_textures.vpk
"GAME" "GAME" (VPK)E:\SteamLibrary\steamapps\common\Half-Life 2\hl2\hl2_sound_misc.vpk
"GAME" "GAME" (VPK)E:\SteamLibrary\steamapps\common\Half-Life 2\hl2\hl2_misc.vpk
"platform" "platform" (VPK)E:\SteamLibrary\steamapps\common\Half-Life 2\platform\platform_misc.vpk
"e:\steamlibrary\steamapps\common\half-life 2\hl2\" "mod" 
"e:\steamlibrary\steamapps\common\half-life 2\hl2\" "mod_write" 
"e:\steamlibrary\steamapps\common\half-life 2\hl2\" "default_write_path" 
"e:\steamlibrary\steamapps\common\half-life 2\hl2\" "GAME" 
"e:\steamlibrary\steamapps\common\half-life 2\hl2\" "game_write" 
"e:\steamlibrary\steamapps\common\half-life 2\hl2\bin\" "gamebin" 
"e:\steamlibrary\steamapps\common\half-life 2\platform\" "platform" 
"e:\steamlibrary\steamapps\common\half-life 2\e:\steamlibrary\steamapps\common\half-life 2\hl2\" "exp" 
"e:\steamlibrary\steamapps\common\half-life 2\e:\steamlibrary\steamapps\common\half-life 2\hl2\" "root_mod" 
----------------------------------------------
UpdateSearchPathsForCurrentGameExpansion
qdir:    "c:\program files (x86)\steam\steamapps\sourcemods\whohl2mod\modelsrc\beer_dispenser\bar_dispenser\"
gamedir: "E:\SteamLibrary\steamapps\common\Half-Life 2\hl2\"
g_path:  "C:\Program Files (x86)\Steam\steamapps\sourcemods\whohl2mod\ModelSrc\beer_dispenser\bar_dispenser\bar_dispenser.qc"
Building binary model files...
Working on "bar_dispenser.qc"
SMD MODEL ref.smd
SMD MODEL collz.smd
SMD MODEL anims/idle.smd
WARNING: Model has 2-dimensional geometry (less than 0.500 inches thick on any axis)!!!
WARNING: Model has 2-dimensional geometry (less than 0.500 inches thick on any axis)!!!
WARNING: Model has 2-dimensional geometry (less than 0.500 inches thick on any axis)!!!
WARNING: Model has 2-dimensional geometry (less than 0.500 inches thick on any axis)!!!
WARNING: Model has 2-dimensional geometry (less than 0.500 inches thick on any axis)!!!
WARNING: Model has 2-dimensional geometry (less than 0.500 inches thick on any axis)!!!
WARNING: Model has 2-dimensional geometry (less than 0.500 inches thick on any axis)!!!
WARNING: Model has 2-dimensional geometry (less than 0.500 inches thick on any axis)!!!
WARNING: Model has 2-dimensional geometry (less than 0.500 inches thick on any axis)!!!
WARNING: Model has 2-dimensional geometry (less than 0.500 inches thick on any axis)!!!
WARNING: Model has 2-dimensional geometry (less than 0.500 inches thick on any axis)!!!
WARNING: Model has 2-dimensional geometry (less than 0.500 inches thick on any axis)!!!
WARNING: Model has 2-dimensional geometry (less than 0.500 inches thick on any axis)!!!
WARNING: Model has 2-dimensional geometry (less than 0.500 inches thick on any axis)!!!
WARNING: Model has 2-dimensional geometry (less than 0.500 inches thick on any axis)!!!
WARNING: Model has 2-dimensional geometry (less than 0.500 inches thick on any axis)!!!
WARNING: Model has 2-dimensional geometry (less than 0.500 inches thick on any axis)!!!
WARNING: Model has 2-dimensional geometry (less than 0.500 inches thick on any axis)!!!
WARNING: Model has 2-dimensional geometry (less than 0.500 inches thick on any axis)!!!
WARNING: Model has 2-dimensional geometry (less than 0.500 inches thick on any axis)!!!
WARNING: Model has 2-dimensional geometry (less than 0.500 inches thick on any axis)!!!
WARNING: Model has 2-dimensional geometry (less than 0.500 inches thick on any axis)!!!
WARNING: Model has 2-dimensional geometry (less than 0.500 inches thick on any axis)!!!
WARNING: Model has 2-dimensional geometry (less than 0.500 inches thick on any axis)!!!
WARNING: Model has 2-dimensional geometry (less than 0.500 inches thick on any axis)!!!
WARNING: Error with convex elements of collz.smd, building single convex!!!!
Model has 29 convex sub-parts
Collision model completed.
---------------------
writing E:\SteamLibrary\steamapps\common\Half-Life 2\hl2\models/beer_dispenser/bar_dispenser.mdl:
bones          964 bytes (1)
animations     112 bytes (1 anims) (1 frames) [0:00]
sequences      220 bytes (1 seq) 
ik/pose        164 bytes
eyeballs         0 bytes (0 eyeballs)
flexes           0 bytes (0 flexes)
textures        72 bytes
keyvalues        0 bytes
bone transforms        0 bytes
bone flex driver       0 bytes
Collision model volume 3890.70 in^3
collision        0 bytes
total         1760
WARNING: ConVarRef mat_specular_scalar doesn't point to an existing ConVar
---------------------
writing E:\SteamLibrary\steamapps\common\Half-Life 2\hl2\models/beer_dispenser/bar_dispenser.vvd:
vertices     96384 bytes (2008 vertices)
tangents     32128 bytes (2008 vertices)
total       128576 bytes
---------------------
Generating optimized mesh "E:\SteamLibrary\steamapps\common\Half-Life 2\hl2\models/beer_dispenser/bar_dispenser.sw.vtx":
body parts:         8 bytes
models:            20 bytes
model LODs:        12 bytes
meshes:             9 bytes
strip groups:      25 bytes
strips:            27 bytes
verts:          18072 bytes
indices:        15744 bytes
bone changes:      16 bytes
everything:     33957 bytes
---------------------
Generating optimized mesh "E:\SteamLibrary\steamapps\common\Half-Life 2\hl2\models/beer_dispenser/bar_dispenser.dx80.vtx":
body parts:         8 bytes
models:            20 bytes
model LODs:        12 bytes
meshes:             9 bytes
strip groups:      25 bytes
strips:            27 bytes
verts:          18072 bytes
indices:        15744 bytes
bone changes:      16 bytes
everything:     33957 bytes
---------------------
Generating optimized mesh "E:\SteamLibrary\steamapps\common\Half-Life 2\hl2\models/beer_dispenser/bar_dispenser.dx90.vtx":
body parts:         8 bytes
models:            20 bytes
model LODs:        12 bytes
meshes:             9 bytes
strip groups:      25 bytes
strips:            27 bytes
verts:          18072 bytes
indices:        15744 bytes
bone changes:      16 bytes
everything:     33957 bytes

Completed "bar_dispenser.qc"



