Using shader api: shaderapiempty.dll
WARNING: ConVarRef developer doesn't point to an existing ConVar
----------------------------------------------
All Search Paths:
"c:\program files (x86)\steam\steamapps\common\half-life 2\" "BASE_PATH" 
"c:\program files (x86)\steam\steamapps\common\half-life 2\bin\" "EXECUTABLE_PATH" 
"GAME" "GAME" (VPK)C:\Program Files (x86)\Steam\steamapps\common\Half-Life 2\hl2\hl2_sound_vo_english.vpk
"mod" "mod" (VPK)C:\Program Files (x86)\Steam\steamapps\common\Half-Life 2\hl2\hl2_sound_vo_english.vpk
"GAME" "GAME" (VPK)C:\Program Files (x86)\Steam\steamapps\common\Half-Life 2\hl2\hl2_pak.vpk
"mod" "mod" (VPK)C:\Program Files (x86)\Steam\steamapps\common\Half-Life 2\hl2\hl2_pak.vpk
"GAME" "GAME" (VPK)C:\Program Files (x86)\Steam\steamapps\common\Half-Life 2\hl2\hl2_textures.vpk
"GAME" "GAME" (VPK)C:\Program Files (x86)\Steam\steamapps\common\Half-Life 2\hl2\hl2_sound_misc.vpk
"GAME" "GAME" (VPK)C:\Program Files (x86)\Steam\steamapps\common\Half-Life 2\hl2\hl2_misc.vpk
"platform" "platform" (VPK)C:\Program Files (x86)\Steam\steamapps\common\Half-Life 2\platform\platform_misc.vpk
"c:\program files (x86)\steam\steamapps\common\half-life 2\hl2\" "mod" 
"c:\program files (x86)\steam\steamapps\common\half-life 2\hl2\" "mod_write" 
"c:\program files (x86)\steam\steamapps\common\half-life 2\hl2\" "default_write_path" 
"c:\program files (x86)\steam\steamapps\common\half-life 2\hl2\" "GAME" 
"c:\program files (x86)\steam\steamapps\common\half-life 2\hl2\" "game_write" 
"c:\program files (x86)\steam\steamapps\common\half-life 2\hl2\bin\" "gamebin" 
"c:\program files (x86)\steam\steamapps\common\half-life 2\platform\" "platform" 
"c:\program files (x86)\steam\steamapps\common\half-life 2\c:\program files (x86)\steam\steamapps\common\half-life 2\hl2\" "exp" 
"c:\program files (x86)\steam\steamapps\common\half-life 2\c:\program files (x86)\steam\steamapps\common\half-life 2\hl2\" "root_mod" 
----------------------------------------------
UpdateSearchPathsForCurrentGameExpansion
qdir:    "c:\program files (x86)\steam\steamapps\common\half-life 2\hl2\modelsrc\ithinkthisoneshangingrightthere\freime\"
gamedir: "C:\Program Files (x86)\Steam\steamapps\common\Half-Life 2\hl2\"
g_path:  "C:\Program Files (x86)\Steam\steamapps\common\Half-Life 2\hl2\modelsrc\ithinkthisoneshangingrightthere\freime\freime.qc"
Building binary model files...
Working on "freime.qc"
SMD MODEL ref.smd
SMD MODEL colls.smd
SMD MODEL anims/idle.smd
WARNING: Model has 2-dimensional geometry (less than 0.500 inches thick on any axis)!!!
WARNING: Model has 2-dimensional geometry (less than 0.500 inches thick on any axis)!!!
WARNING: Model has 2-dimensional geometry (less than 0.500 inches thick on any axis)!!!
WARNING: Model has 2-dimensional geometry (less than 0.500 inches thick on any axis)!!!
WARNING: Model has 2-dimensional geometry (less than 0.500 inches thick on any axis)!!!
WARNING: Model has 2-dimensional geometry (less than 0.500 inches thick on any axis)!!!
WARNING: Error with convex elements of colls.smd, building single convex!!!!
Model has 1 convex sub-parts
Collision model completed.
---------------------
writing C:\Program Files (x86)\Steam\steamapps\common\Half-Life 2\hl2\models/ithinkthisoneshangingrightthere/freime.mdl:
bones          896 bytes (1)
animations     116 bytes (1 anims) (1 frames) [0:00]
sequences      220 bytes (1 seq) 
ik/pose        164 bytes
eyeballs         0 bytes (0 eyeballs)
flexes           0 bytes (0 flexes)
textures       204 bytes
keyvalues        0 bytes
bone transforms        0 bytes
bone flex driver       0 bytes
Collision model volume 204.74 in^3
collision        0 bytes
total         2164
WARNING: ConVarRef mat_specular_scalar doesn't point to an existing ConVar
---------------------
writing C:\Program Files (x86)\Steam\steamapps\common\Half-Life 2\hl2\models/ithinkthisoneshangingrightthere/freime.vvd:
vertices    138432 bytes (2884 vertices)
tangents     46144 bytes (2884 vertices)
total       184640 bytes
---------------------
Generating optimized mesh "C:\Program Files (x86)\Steam\steamapps\common\Half-Life 2\hl2\models/ithinkthisoneshangingrightthere/freime.sw.vtx":
body parts:         8 bytes
models:            20 bytes
model LODs:        12 bytes
meshes:            27 bytes
strip groups:      75 bytes
strips:            81 bytes
verts:          25956 bytes
indices:        22068 bytes
bone changes:      32 bytes
everything:     48303 bytes
---------------------
Generating optimized mesh "C:\Program Files (x86)\Steam\steamapps\common\Half-Life 2\hl2\models/ithinkthisoneshangingrightthere/freime.dx80.vtx":
body parts:         8 bytes
models:            20 bytes
model LODs:        12 bytes
meshes:            27 bytes
strip groups:      75 bytes
strips:            81 bytes
verts:          25956 bytes
indices:        22068 bytes
bone changes:      32 bytes
everything:     48303 bytes
---------------------
Generating optimized mesh "C:\Program Files (x86)\Steam\steamapps\common\Half-Life 2\hl2\models/ithinkthisoneshangingrightthere/freime.dx90.vtx":
body parts:         8 bytes
models:            20 bytes
model LODs:        12 bytes
meshes:            27 bytes
strip groups:      75 bytes
strips:            81 bytes
verts:          25956 bytes
indices:        22068 bytes
bone changes:      32 bytes
everything:     48303 bytes

Completed "freime.qc"



