Using shader api: shaderapiempty.dll
WARNING: ConVarRef developer doesn't point to an existing ConVar
----------------------------------------------
All Search Paths:
"c:\program files (x86)\steam\steamapps\common\half-life 2\" "BASE_PATH" 
"c:\program files (x86)\steam\steamapps\common\half-life 2\bin\" "EXECUTABLE_PATH" 
"GAME" "GAME" (VPK)C:\Program Files (x86)\Steam\steamapps\common\Half-Life 2\hl2\hl2_sound_vo_english.vpk
"mod" "mod" (VPK)C:\Program Files (x86)\Steam\steamapps\common\Half-Life 2\hl2\hl2_sound_vo_english.vpk
"GAME" "GAME" (VPK)C:\Program Files (x86)\Steam\steamapps\common\Half-Life 2\hl2\hl2_pak.vpk
"mod" "mod" (VPK)C:\Program Files (x86)\Steam\steamapps\common\Half-Life 2\hl2\hl2_pak.vpk
"GAME" "GAME" (VPK)C:\Program Files (x86)\Steam\steamapps\common\Half-Life 2\hl2\hl2_textures.vpk
"GAME" "GAME" (VPK)C:\Program Files (x86)\Steam\steamapps\common\Half-Life 2\hl2\hl2_sound_misc.vpk
"GAME" "GAME" (VPK)C:\Program Files (x86)\Steam\steamapps\common\Half-Life 2\hl2\hl2_misc.vpk
"platform" "platform" (VPK)C:\Program Files (x86)\Steam\steamapps\common\Half-Life 2\platform\platform_misc.vpk
"c:\program files (x86)\steam\steamapps\common\half-life 2\hl2\" "mod" 
"c:\program files (x86)\steam\steamapps\common\half-life 2\hl2\" "mod_write" 
"c:\program files (x86)\steam\steamapps\common\half-life 2\hl2\" "default_write_path" 
"c:\program files (x86)\steam\steamapps\common\half-life 2\hl2\" "GAME" 
"c:\program files (x86)\steam\steamapps\common\half-life 2\hl2\" "game_write" 
"c:\program files (x86)\steam\steamapps\common\half-life 2\hl2\bin\" "gamebin" 
"c:\program files (x86)\steam\steamapps\common\half-life 2\platform\" "platform" 
"c:\program files (x86)\steam\steamapps\common\half-life 2\c:\program files (x86)\steam\steamapps\common\half-life 2\hl2\" "exp" 
"c:\program files (x86)\steam\steamapps\common\half-life 2\c:\program files (x86)\steam\steamapps\common\half-life 2\hl2\" "root_mod" 
----------------------------------------------
UpdateSearchPathsForCurrentGameExpansion
qdir:    "c:\program files (x86)\steam\steamapps\common\half-life 2\hl2\modelsrc\taabl\lattable\"
gamedir: "C:\Program Files (x86)\Steam\steamapps\common\Half-Life 2\hl2\"
g_path:  "C:\Program Files (x86)\Steam\steamapps\common\Half-Life 2\hl2\modelsrc\taabl\lattable\lattable.qc"
Building binary model files...
Working on "lattable.qc"
SMD MODEL ref.smd
SMD MODEL colls.smd
SMD MODEL anims/idle.smd
WARNING: Model has 2-dimensional geometry (less than 0.500 inches thick on any axis)!!!
WARNING: Model has 2-dimensional geometry (less than 0.500 inches thick on any axis)!!!
WARNING: Model has 2-dimensional geometry (less than 0.500 inches thick on any axis)!!!
WARNING: Model has 2-dimensional geometry (less than 0.500 inches thick on any axis)!!!
WARNING: Model has 2-dimensional geometry (less than 0.500 inches thick on any axis)!!!
WARNING: Model has 2-dimensional geometry (less than 0.500 inches thick on any axis)!!!
WARNING: Error with convex elements of colls.smd, building single convex!!!!
Model has 1 convex sub-parts
Collision model completed.
---------------------
writing C:\Program Files (x86)\Steam\steamapps\common\Half-Life 2\hl2\models/taabl/lattable.mdl:
bones          964 bytes (1)
animations     112 bytes (1 anims) (1 frames) [0:00]
sequences      220 bytes (1 seq) 
ik/pose        164 bytes
eyeballs         0 bytes (0 eyeballs)
flexes           0 bytes (0 flexes)
textures        72 bytes
keyvalues        0 bytes
bone transforms        0 bytes
bone flex driver       0 bytes
Collision model volume 100879.49 in^3
collision        0 bytes
total         1760
WARNING: ConVarRef mat_specular_scalar doesn't point to an existing ConVar
---------------------
writing C:\Program Files (x86)\Steam\steamapps\common\Half-Life 2\hl2\models/taabl/lattable.vvd:
vertices    285312 bytes (5944 vertices)
tangents     95104 bytes (5944 vertices)
total       380480 bytes
---------------------
Generating optimized mesh "C:\Program Files (x86)\Steam\steamapps\common\Half-Life 2\hl2\models/taabl/lattable.sw.vtx":
body parts:         8 bytes
models:            20 bytes
model LODs:        12 bytes
meshes:             9 bytes
strip groups:      25 bytes
strips:            27 bytes
verts:          53496 bytes
indices:        51840 bytes
bone changes:      16 bytes
everything:    105477 bytes
---------------------
Generating optimized mesh "C:\Program Files (x86)\Steam\steamapps\common\Half-Life 2\hl2\models/taabl/lattable.dx80.vtx":
body parts:         8 bytes
models:            20 bytes
model LODs:        12 bytes
meshes:             9 bytes
strip groups:      25 bytes
strips:            27 bytes
verts:          53496 bytes
indices:        51840 bytes
bone changes:      16 bytes
everything:    105477 bytes
---------------------
Generating optimized mesh "C:\Program Files (x86)\Steam\steamapps\common\Half-Life 2\hl2\models/taabl/lattable.dx90.vtx":
body parts:         8 bytes
models:            20 bytes
model LODs:        12 bytes
meshes:             9 bytes
strip groups:      25 bytes
strips:            27 bytes
verts:          53496 bytes
indices:        51840 bytes
bone changes:      16 bytes
everything:    105477 bytes

Completed "lattable.qc"



