Using shader api: shaderapiempty.dll
WARNING: ConVarRef developer doesn't point to an existing ConVar
----------------------------------------------
All Search Paths:
"e:\steamlibrary\steamapps\common\half-life 2\" "BASE_PATH" 
"e:\steamlibrary\steamapps\common\half-life 2\bin\" "EXECUTABLE_PATH" 
"GAME" "GAME" (VPK)E:\SteamLibrary\steamapps\common\Half-Life 2\hl2\hl2_sound_vo_english.vpk
"mod" "mod" (VPK)E:\SteamLibrary\steamapps\common\Half-Life 2\hl2\hl2_sound_vo_english.vpk
"GAME" "GAME" (VPK)E:\SteamLibrary\steamapps\common\Half-Life 2\hl2\hl2_pak.vpk
"mod" "mod" (VPK)E:\SteamLibrary\steamapps\common\Half-Life 2\hl2\hl2_pak.vpk
"GAME" "GAME" (VPK)E:\SteamLibrary\steamapps\common\Half-Life 2\hl2\hl2_textures.vpk
"GAME" "GAME" (VPK)E:\SteamLibrary\steamapps\common\Half-Life 2\hl2\hl2_sound_misc.vpk
"GAME" "GAME" (VPK)E:\SteamLibrary\steamapps\common\Half-Life 2\hl2\hl2_misc.vpk
"platform" "platform" (VPK)E:\SteamLibrary\steamapps\common\Half-Life 2\platform\platform_misc.vpk
"e:\steamlibrary\steamapps\common\half-life 2\hl2\" "mod" 
"e:\steamlibrary\steamapps\common\half-life 2\hl2\" "mod_write" 
"e:\steamlibrary\steamapps\common\half-life 2\hl2\" "default_write_path" 
"e:\steamlibrary\steamapps\common\half-life 2\hl2\" "GAME" 
"e:\steamlibrary\steamapps\common\half-life 2\hl2\" "game_write" 
"e:\steamlibrary\steamapps\common\half-life 2\hl2\bin\" "gamebin" 
"e:\steamlibrary\steamapps\common\half-life 2\platform\" "platform" 
"e:\steamlibrary\steamapps\common\half-life 2\e:\steamlibrary\steamapps\common\half-life 2\hl2\" "exp" 
"e:\steamlibrary\steamapps\common\half-life 2\e:\steamlibrary\steamapps\common\half-life 2\hl2\" "root_mod" 
----------------------------------------------
UpdateSearchPathsForCurrentGameExpansion
qdir:    "c:\program files (x86)\steam\steamapps\sourcemods\whohl2mod\modelsrc\mindow_itly\itly_wdw\"
gamedir: "E:\SteamLibrary\steamapps\common\Half-Life 2\hl2\"
g_path:  "C:\Program Files (x86)\Steam\steamapps\sourcemods\whohl2mod\ModelSrc\mindow_itly\itly_wdw\itly_wdw.qc"
Building binary model files...
Working on "itly_wdw.qc"
SMD MODEL ref.smd
SMD MODEL colls.smd
SMD MODEL anims/idle.smd
WARNING: Model has 2-dimensional geometry (less than 0.500 inches thick on any axis)!!!
WARNING: Model has 2-dimensional geometry (less than 0.500 inches thick on any axis)!!!
WARNING: Model has 2-dimensional geometry (less than 0.500 inches thick on any axis)!!!
WARNING: Model has 2-dimensional geometry (less than 0.500 inches thick on any axis)!!!
WARNING: Model has 2-dimensional geometry (less than 0.500 inches thick on any axis)!!!
WARNING: Model has 2-dimensional geometry (less than 0.500 inches thick on any axis)!!!
WARNING: Model has 2-dimensional geometry (less than 0.500 inches thick on any axis)!!!
WARNING: Model has 2-dimensional geometry (less than 0.500 inches thick on any axis)!!!
WARNING: Model has 2-dimensional geometry (less than 0.500 inches thick on any axis)!!!
WARNING: Model has 2-dimensional geometry (less than 0.500 inches thick on any axis)!!!
WARNING: Model has 2-dimensional geometry (less than 0.500 inches thick on any axis)!!!
WARNING: Model has 2-dimensional geometry (less than 0.500 inches thick on any axis)!!!
WARNING: Model has 2-dimensional geometry (less than 0.500 inches thick on any axis)!!!
WARNING: Model has 2-dimensional geometry (less than 0.500 inches thick on any axis)!!!
WARNING: Model has 2-dimensional geometry (less than 0.500 inches thick on any axis)!!!
WARNING: Model has 2-dimensional geometry (less than 0.500 inches thick on any axis)!!!
WARNING: Model has 2-dimensional geometry (less than 0.500 inches thick on any axis)!!!
WARNING: Model has 2-dimensional geometry (less than 0.500 inches thick on any axis)!!!
WARNING: Model has 2-dimensional geometry (less than 0.500 inches thick on any axis)!!!
WARNING: Model has 2-dimensional geometry (less than 0.500 inches thick on any axis)!!!
WARNING: Model has 2-dimensional geometry (less than 0.500 inches thick on any axis)!!!
WARNING: Model has 2-dimensional geometry (less than 0.500 inches thick on any axis)!!!
WARNING: Model has 2-dimensional geometry (less than 0.500 inches thick on any axis)!!!
WARNING: Model has 2-dimensional geometry (less than 0.500 inches thick on any axis)!!!
WARNING: Model has 2-dimensional geometry (less than 0.500 inches thick on any axis)!!!
WARNING: Model has 2-dimensional geometry (less than 0.500 inches thick on any axis)!!!
WARNING: Model has 2-dimensional geometry (less than 0.500 inches thick on any axis)!!!
WARNING: Model has 2-dimensional geometry (less than 0.500 inches thick on any axis)!!!
WARNING: Model has 2-dimensional geometry (less than 0.500 inches thick on any axis)!!!
WARNING: Model has 2-dimensional geometry (less than 0.500 inches thick on any axis)!!!
WARNING: Model has 2-dimensional geometry (less than 0.500 inches thick on any axis)!!!
WARNING: Model has 2-dimensional geometry (less than 0.500 inches thick on any axis)!!!
WARNING: Model has 2-dimensional geometry (less than 0.500 inches thick on any axis)!!!
WARNING: Model has 2-dimensional geometry (less than 0.500 inches thick on any axis)!!!
WARNING: Model has 2-dimensional geometry (less than 0.500 inches thick on any axis)!!!
WARNING: Model has 2-dimensional geometry (less than 0.500 inches thick on any axis)!!!
WARNING: Model has 2-dimensional geometry (less than 0.500 inches thick on any axis)!!!
WARNING: Error with convex elements of colls.smd, building single convex!!!!
Model has 15 convex sub-parts
Collision model completed.
---------------------
writing E:\SteamLibrary\steamapps\common\Half-Life 2\hl2\models/mindow_itly/itly_wdw.mdl:
bones          964 bytes (1)
animations     112 bytes (1 anims) (1 frames) [0:00]
sequences      220 bytes (1 seq) 
ik/pose        164 bytes
eyeballs         0 bytes (0 eyeballs)
flexes           0 bytes (0 flexes)
textures       136 bytes
keyvalues        0 bytes
bone transforms        0 bytes
bone flex driver       0 bytes
Collision model volume 96167.41 in^3
collision        0 bytes
total         1968
WARNING: ConVarRef mat_specular_scalar doesn't point to an existing ConVar
---------------------
writing E:\SteamLibrary\steamapps\common\Half-Life 2\hl2\models/mindow_itly/itly_wdw.vvd:
vertices     31536 bytes (657 vertices)
tangents     10512 bytes (657 vertices)
total        42112 bytes
---------------------
Generating optimized mesh "E:\SteamLibrary\steamapps\common\Half-Life 2\hl2\models/mindow_itly/itly_wdw.sw.vtx":
body parts:         8 bytes
models:            20 bytes
model LODs:        12 bytes
meshes:            18 bytes
strip groups:      50 bytes
strips:            54 bytes
verts:           5913 bytes
indices:         3468 bytes
bone changes:      24 bytes
everything:      9591 bytes
---------------------
Generating optimized mesh "E:\SteamLibrary\steamapps\common\Half-Life 2\hl2\models/mindow_itly/itly_wdw.dx80.vtx":
body parts:         8 bytes
models:            20 bytes
model LODs:        12 bytes
meshes:            18 bytes
strip groups:      50 bytes
strips:            54 bytes
verts:           5913 bytes
indices:         3468 bytes
bone changes:      24 bytes
everything:      9591 bytes
---------------------
Generating optimized mesh "E:\SteamLibrary\steamapps\common\Half-Life 2\hl2\models/mindow_itly/itly_wdw.dx90.vtx":
body parts:         8 bytes
models:            20 bytes
model LODs:        12 bytes
meshes:            18 bytes
strip groups:      50 bytes
strips:            54 bytes
verts:           5913 bytes
indices:         3468 bytes
bone changes:      24 bytes
everything:      9591 bytes

Completed "itly_wdw.qc"



