15:08:34.591 INFO  Loading C:\Program Files (x86)\Steam\steamapps\sourcemods\whohl2mod\maps\bckground.bsp
15:08:35.194 INFO  Using 'DStaticPropV6' for sprp version 6
15:08:35.199 WARN  Lump LUMP_CLIPPORTALVERTS is empty
15:08:35.205 WARN  Lump LUMP_DISPINFO is empty
15:08:35.207 WARN  Lump LUMP_DISP_VERTS is empty
15:08:35.208 WARN  Lump LUMP_DISP_TRIS is empty
15:08:35.210 WARN  Lump LUMP_OVERLAY_SYSTEM_LEVELS is empty
15:08:35.214 WARN  Lump LUMP_OVERLAYS is empty
15:08:35.214 WARN  Lump LUMP_OVERLAY_FADES is empty
15:08:35.216 INFO  BSP version: 20
15:08:35.217 INFO  Game: Black Mesa
15:08:35.232 INFO  No areaportals to reallocate...
15:08:35.234 INFO  No occluders to reallocate...
15:08:35.296 INFO  41 (21.6%) exact brushside->origface matches
15:08:35.299 INFO  0/0 (nondisp/disp) original faces left after exact brushside->origface matching
15:08:35.306 INFO  4 (2.1%) partial brushside->origface matches
15:08:35.308 INFO  Writing brushes and planes
15:08:35.347 INFO  Writing displacements
15:08:35.347 INFO  Writing entities
15:08:35.351 INFO  Writing func_details
15:08:35.352 INFO  Writing func_viscluster
15:08:35.358 INFO  Writing info_overlays
15:08:35.358 INFO  Writing prop_statics
15:08:35.359 INFO  Writing env_cubemaps
15:08:35.360 INFO  Writing func_ladders
15:08:35.361 INFO  Finished decompiling C:\Program Files (x86)\Steam\steamapps\sourcemods\whohl2mod\maps\bckground.bsp.



materialPath: C:\Program Files (x86)\Steam\steamapps\sourcemods\whohl2mod\materials
Loading C:\Program Files (x86)\Steam\steamapps\sourcemods\whohl2mod\maps\bckground_d.vmf
Could not locate 'GameData' key in c:\program files (x86)\steam\steamapps\sourcemods\whohl2mod\gameinfo.txt
fixing up env_cubemap materials on brush sides...
0...1...2...3...4...5...6...7...8...9...100...1...2...3...4...5...6...7...8...9...10Processing areas...done (0)
Building Faces...done (0)
FixTjuncs...
PruneNodes...
WriteBSP...
done (0)
writing C:\Program Files (x86)\Steam\steamapps\sourcemods\whohl2mod\maps\bckground_d.prt...Building visibility clusters...
done (0)
Creating default LDR cubemaps for env_cubemap using skybox materials:
   skybox/sky_day01_01*.vmt
 ! Run buildcubemaps in the engine to get the correct cube maps.
Creating default HDR cubemaps for env_cubemap using skybox materials:
   skybox/sky_day01_01*.vmt
 ! Run buildcubemaps in the engine to get the correct cube maps.
Finding displacement neighbors...
Finding lightmap sample positions...
Displacement Alpha : 0...1...2...3...4...5...6...7...8...9...10
Building Physics collision data...
done (0) (11456 bytes)
Placing detail props : 0...1...2...3...4...5...6...7...8...9...10
Compacting texture/material tables...
Reduced 54 texinfos to 37
Reduced 12 texdatas to 9 (321 bytes to 274)
Writing C:\Program Files (x86)\Steam\steamapps\sourcemods\whohl2mod\maps\bckground_d.bsp
0 seconds elapsed



6 threads
reading c:\program files (x86)\steam\steamapps\sourcemods\whohl2mod\maps\bckground_d.bsp
reading c:\program files (x86)\steam\steamapps\sourcemods\whohl2mod\maps\bckground_d.prt
  22 portalclusters
  50 numportals
0...1...2...3...4...5...6...7...8...9...100...1...2...3...4...5...6...7...8...9...10Optimized: 0 visible clusters (0.00%)
Total clusters visible: 450
Average clusters visible: 20
Building PAS...
Average clusters audible: 22
visdatasize:312  compressed from 352
writing c:\program files (x86)\steam\steamapps\sourcemods\whohl2mod\maps\bckground_d.bsp
0 seconds elapsed



Could not find lights.rad in lights.rad.
Trying VRAD BIN directory instead...
Warning: Couldn't open texlight file C:\Program Files (x86)\Steam\steamapps\common\Source SDK Base 2013 Singleplayer\bin\lights.rad.
Loading c:\program files (x86)\steam\steamapps\sourcemods\whohl2mod\maps\bckground_d.bsp
76 faces
3907 square feet [562720.44 square inches]
0 Displacements
0 Square Feet [0.00 Square Inches]
76 patches before subdivision
848 patches after subdivision
3 direct lights
0...1...2...3...4...5...6...7...8...9...100...1...2...3...4...5...6...7...8...9...10transfers 62645, max 198
transfer lists:   0.5 megs
0...1...2...3...4...5...6...7...8...9...10	Bounce #1 added RGB(675, 308, 30)
0...1...2...3...4...5...6...7...8...9...10	Bounce #2 added RGB(140, 53, 4)
0...1...2...3...4...5...6...7...8...9...10	Bounce #3 added RGB(31, 10, 1)
0...1...2...3...4...5...6...7...8...9...10	Bounce #4 added RGB(7, 2, 0)
0...1...2...3...4...5...6...7...8...9...10	Bounce #5 added RGB(2, 0, 0)
0...1...2...3...4...5...6...7...8...9...10	Bounce #6 added RGB(0, 0, 0)
Build Patch/Sample Hash Table(s).....Done<0.0002 sec>
0...1...2...3...4...5...6...7...8...9...10FinalLightFace Done
0 of 0 (0% of) surface lights went in leaf ambient cubes.
0...1...2...3...4...5...6...7...8...9...10Writing leaf ambient...done
Ready to Finish

Object names       Objects/Maxobjs  Memory / Maxmem  Fullness 
------------       ---------------  ---------------  -------- 
models                   1/1024           48/49152    ( 0.1%) 
brushes                 31/8192          372/98304    ( 0.4%) 
brushsides             192/65536        1536/524288   ( 0.3%) 
planes                 170/65536        3400/1310720  ( 0.3%) 
vertexes               191/65536        2292/786432   ( 0.3%) 
nodes                   67/65536        2144/2097152  ( 0.1%) 
texinfos                37/12288        2664/884736   ( 0.3%) 
texdata                  9/2048          288/65536    ( 0.4%) 
dispinfos                0/0               0/0        ( 0.0%) 
disp_verts               0/0               0/0        ( 0.0%) 
disp_tris                0/0               0/0        ( 0.0%) 
disp_lmsamples           0/0               0/0        ( 0.0%) 
faces                   76/65536        4256/3670016  ( 0.1%) 
hdr faces                0/65536           0/3670016  ( 0.0%) 
origfaces               41/65536        2296/3670016  ( 0.1%) 
leaves                  69/65536        2208/2097152  ( 0.1%) 
leaffaces               87/65536         174/131072   ( 0.1%) 
leafbrushes            116/65536         232/131072   ( 0.2%) 
areas                    2/256            16/2048     ( 0.8%) 
surfedges              517/512000       2068/2048000  ( 0.1%) 
edges                  323/256000       1292/1024000  ( 0.1%) 
LDR worldlights          3/8192          264/720896   ( 0.0%) 
HDR worldlights          0/8192            0/720896   ( 0.0%) 
leafwaterdata            0/32768           0/393216   ( 0.0%) 
waterstrips              4/32768          40/327680   ( 0.0%) 
waterverts               0/65536           0/786432   ( 0.0%) 
waterindices            51/65536         102/131072   ( 0.1%) 
cubemapsamples           1/1024           16/16384    ( 0.1%) 
overlays                 0/512             0/180224   ( 0.0%) 
LDR lightdata         [variable]       31904/0        ( 0.0%) 
HDR lightdata         [variable]           0/0        ( 0.0%) 
visdata               [variable]         312/16777216 ( 0.0%) 
entdata               [variable]        4128/393216   ( 1.0%) 
LDR ambient table       69/65536         276/262144   ( 0.1%) 
HDR ambient table       69/65536         276/262144   ( 0.1%) 
LDR leaf ambient       206/65536        5768/1835008  ( 0.3%) 
HDR leaf ambient        69/65536        1932/1835008  ( 0.1%) 
occluders                0/0               0/0        ( 0.0%) 
occluder polygons        0/0               0/0        ( 0.0%) 
occluder vert ind        0/0               0/0        ( 0.0%) 
detail props          [variable]           1/12       ( 8.3%) 
static props          [variable]           1/986      ( 0.1%) 
pakfile               [variable]      212252/0        ( 0.0%) 
physics               [variable]       11456/4194304  ( 0.3%) 
physics terrain       [variable]           2/1048576  ( 0.0%) 

Level flags = 0

Total triangle count: 201
Writing c:\program files (x86)\steam\steamapps\sourcemods\whohl2mod\maps\bckground_d.bsp
0 seconds elapsed



materialPath: C:\Program Files (x86)\Steam\steamapps\sourcemods\whohl2mod\materials
Loading C:\Program Files (x86)\Steam\steamapps\sourcemods\whohl2mod\maps\bckground_d.vmf
Could not locate 'GameData' key in c:\program files (x86)\steam\steamapps\sourcemods\whohl2mod\gameinfo.txt
fixing up env_cubemap materials on brush sides...
0...1...2...3...4...5...6...7...8...9...100...1...2...3...4...5...6...7...8...9...10Processing areas...done (0)
Building Faces...done (0)
FixTjuncs...
PruneNodes...
WriteBSP...
done (0)
writing C:\Program Files (x86)\Steam\steamapps\sourcemods\whohl2mod\maps\bckground_d.prt...Building visibility clusters...
done (0)
Creating default LDR cubemaps for env_cubemap using skybox materials:
   skybox/sky_day01_01*.vmt
 ! Run buildcubemaps in the engine to get the correct cube maps.
Creating default HDR cubemaps for env_cubemap using skybox materials:
   skybox/sky_day01_01*.vmt
 ! Run buildcubemaps in the engine to get the correct cube maps.
Finding displacement neighbors...
Finding lightmap sample positions...
Displacement Alpha : 0...1...2...3...4...5...6...7...8...9...10
Building Physics collision data...
done (0) (11456 bytes)
Placing detail props : 0...1...2...3...4...5...6...7...8...9...10
Compacting texture/material tables...
Reduced 54 texinfos to 37
Reduced 12 texdatas to 9 (321 bytes to 274)
Writing C:\Program Files (x86)\Steam\steamapps\sourcemods\whohl2mod\maps\bckground_d.bsp
0 seconds elapsed



6 threads
reading c:\program files (x86)\steam\steamapps\sourcemods\whohl2mod\maps\bckground_d.bsp
reading c:\program files (x86)\steam\steamapps\sourcemods\whohl2mod\maps\bckground_d.prt
  22 portalclusters
  50 numportals
0...1...2...3...4...5...6...7...8...9...100...1...2...3...4...5...6...7...8...9...10Optimized: 0 visible clusters (0.00%)
Total clusters visible: 450
Average clusters visible: 20
Building PAS...
Average clusters audible: 22
visdatasize:312  compressed from 352
writing c:\program files (x86)\steam\steamapps\sourcemods\whohl2mod\maps\bckground_d.bsp
0 seconds elapsed



Could not find lights.rad in lights.rad.
Trying VRAD BIN directory instead...
Warning: Couldn't open texlight file C:\Program Files (x86)\Steam\steamapps\common\Source SDK Base 2013 Singleplayer\bin\lights.rad.
Loading c:\program files (x86)\steam\steamapps\sourcemods\whohl2mod\maps\bckground_d.bsp
76 faces
3907 square feet [562720.44 square inches]
0 Displacements
0 Square Feet [0.00 Square Inches]
76 patches before subdivision
848 patches after subdivision
3 direct lights
0...1...2...3...4...5...6...7...8...9...100...1...2...3...4...5...6...7...8...9...10transfers 62645, max 198
transfer lists:   0.5 megs
0...1...2...3...4...5...6...7...8...9...10	Bounce #1 added RGB(675, 308, 30)
0...1...2...3...4...5...6...7...8...9...10	Bounce #2 added RGB(140, 53, 4)
0...1...2...3...4...5...6...7...8...9...10	Bounce #3 added RGB(31, 10, 1)
0...1...2...3...4...5...6...7...8...9...10	Bounce #4 added RGB(7, 2, 0)
0...1...2...3...4...5...6...7...8...9...10	Bounce #5 added RGB(2, 0, 0)
0...1...2...3...4...5...6...7...8...9...10	Bounce #6 added RGB(0, 0, 0)
Build Patch/Sample Hash Table(s).....Done<0.0001 sec>
0...1...2...3...4...5...6...7...8...9...10FinalLightFace Done
0 of 0 (0% of) surface lights went in leaf ambient cubes.
0...1...2...3...4...5...6...7...8...9...10Writing leaf ambient...done
Ready to Finish

Object names       Objects/Maxobjs  Memory / Maxmem  Fullness 
------------       ---------------  ---------------  -------- 
models                   1/1024           48/49152    ( 0.1%) 
brushes                 31/8192          372/98304    ( 0.4%) 
brushsides             192/65536        1536/524288   ( 0.3%) 
planes                 170/65536        3400/1310720  ( 0.3%) 
vertexes               191/65536        2292/786432   ( 0.3%) 
nodes                   67/65536        2144/2097152  ( 0.1%) 
texinfos                37/12288        2664/884736   ( 0.3%) 
texdata                  9/2048          288/65536    ( 0.4%) 
dispinfos                0/0               0/0        ( 0.0%) 
disp_verts               0/0               0/0        ( 0.0%) 
disp_tris                0/0               0/0        ( 0.0%) 
disp_lmsamples           0/0               0/0        ( 0.0%) 
faces                   76/65536        4256/3670016  ( 0.1%) 
hdr faces                0/65536           0/3670016  ( 0.0%) 
origfaces               41/65536        2296/3670016  ( 0.1%) 
leaves                  69/65536        2208/2097152  ( 0.1%) 
leaffaces               87/65536         174/131072   ( 0.1%) 
leafbrushes            116/65536         232/131072   ( 0.2%) 
areas                    2/256            16/2048     ( 0.8%) 
surfedges              517/512000       2068/2048000  ( 0.1%) 
edges                  323/256000       1292/1024000  ( 0.1%) 
LDR worldlights          3/8192          264/720896   ( 0.0%) 
HDR worldlights          0/8192            0/720896   ( 0.0%) 
leafwaterdata            0/32768           0/393216   ( 0.0%) 
waterstrips              4/32768          40/327680   ( 0.0%) 
waterverts               0/65536           0/786432   ( 0.0%) 
waterindices            51/65536         102/131072   ( 0.1%) 
cubemapsamples           1/1024           16/16384    ( 0.1%) 
overlays                 0/512             0/180224   ( 0.0%) 
LDR lightdata         [variable]       31904/0        ( 0.0%) 
HDR lightdata         [variable]           0/0        ( 0.0%) 
visdata               [variable]         312/16777216 ( 0.0%) 
entdata               [variable]        4128/393216   ( 1.0%) 
LDR ambient table       69/65536         276/262144   ( 0.1%) 
HDR ambient table       69/65536         276/262144   ( 0.1%) 
LDR leaf ambient       206/65536        5768/1835008  ( 0.3%) 
HDR leaf ambient        69/65536        1932/1835008  ( 0.1%) 
occluders                0/0               0/0        ( 0.0%) 
occluder polygons        0/0               0/0        ( 0.0%) 
occluder vert ind        0/0               0/0        ( 0.0%) 
detail props          [variable]           1/12       ( 8.3%) 
static props          [variable]           1/986      ( 0.1%) 
pakfile               [variable]      212252/0        ( 0.0%) 
physics               [variable]       11456/4194304  ( 0.3%) 
physics terrain       [variable]           2/1048576  ( 0.0%) 

Level flags = 0

Total triangle count: 201
Writing c:\program files (x86)\steam\steamapps\sourcemods\whohl2mod\maps\bckground_d.bsp
0 seconds elapsed



materialPath: C:\Program Files (x86)\Steam\steamapps\sourcemods\whohl2mod\materials
Loading C:\Program Files (x86)\Steam\steamapps\sourcemods\whohl2mod\maps\bckground_d.vmf
Could not locate 'GameData' key in c:\program files (x86)\steam\steamapps\sourcemods\whohl2mod\gameinfo.txt
fixing up env_cubemap materials on brush sides...
0...1...2...3...4...5...6...7...8...9...100...1...2...3...4...5...6...7...8...9...10Processing areas...done (0)
Building Faces...done (0)
FixTjuncs...
PruneNodes...
WriteBSP...
done (0)
writing C:\Program Files (x86)\Steam\steamapps\sourcemods\whohl2mod\maps\bckground_d.prt...Building visibility clusters...
done (0)
Creating default LDR cubemaps for env_cubemap using skybox materials:
   skybox/sky_day01_01*.vmt
 ! Run buildcubemaps in the engine to get the correct cube maps.
Creating default HDR cubemaps for env_cubemap using skybox materials:
   skybox/sky_day01_01*.vmt
 ! Run buildcubemaps in the engine to get the correct cube maps.
Finding displacement neighbors...
Finding lightmap sample positions...
Displacement Alpha : 0...1...2...3...4...5...6...7...8...9...10
Building Physics collision data...
done (0) (11456 bytes)
Placing detail props : 0...1...2...3...4...5...6...7...8...9...10
Compacting texture/material tables...
Reduced 54 texinfos to 37
Reduced 12 texdatas to 9 (321 bytes to 274)
Writing C:\Program Files (x86)\Steam\steamapps\sourcemods\whohl2mod\maps\bckground_d.bsp
0 seconds elapsed



6 threads
reading c:\program files (x86)\steam\steamapps\sourcemods\whohl2mod\maps\bckground_d.bsp
reading c:\program files (x86)\steam\steamapps\sourcemods\whohl2mod\maps\bckground_d.prt
  22 portalclusters
  50 numportals
0...1...2...3...4...5...6...7...8...9...100...1...2...3...4...5...6...7...8...9...10Optimized: 0 visible clusters (0.00%)
Total clusters visible: 450
Average clusters visible: 20
Building PAS...
Average clusters audible: 22
visdatasize:312  compressed from 352
writing c:\program files (x86)\steam\steamapps\sourcemods\whohl2mod\maps\bckground_d.bsp
0 seconds elapsed



Could not find lights.rad in lights.rad.
Trying VRAD BIN directory instead...
Warning: Couldn't open texlight file C:\Program Files (x86)\Steam\steamapps\common\Source SDK Base 2013 Singleplayer\bin\lights.rad.
Loading c:\program files (x86)\steam\steamapps\sourcemods\whohl2mod\maps\bckground_d.bsp
76 faces
3907 square feet [562720.44 square inches]
0 Displacements
0 Square Feet [0.00 Square Inches]
76 patches before subdivision
848 patches after subdivision
3 direct lights
0...1...2...3...4...5...6...7...8...9...100...1...2...3...4...5...6...7...8...9...10transfers 62637, max 198
transfer lists:   0.5 megs
0...1...2...3...4...5...6...7...8...9...10	Bounce #1 added RGB(675, 308, 30)
0...1...2...3...4...5...6...7...8...9...10	Bounce #2 added RGB(140, 53, 4)
0...1...2...3...4...5...6...7...8...9...10	Bounce #3 added RGB(31, 10, 1)
0...1...2...3...4...5...6...7...8...9...10	Bounce #4 added RGB(7, 2, 0)
0...1...2...3...4...5...6...7...8...9...10	Bounce #5 added RGB(2, 0, 0)
0...1...2...3...4...5...6...7...8...9...10	Bounce #6 added RGB(0, 0, 0)
Build Patch/Sample Hash Table(s).....Done<0.0001 sec>
0...1...2...3...4...5...6...7...8...9...10FinalLightFace Done
0 of 0 (0% of) surface lights went in leaf ambient cubes.
0...1...2...3...4...5...6...7...8...9...10Writing leaf ambient...done
Ready to Finish

Object names       Objects/Maxobjs  Memory / Maxmem  Fullness 
------------       ---------------  ---------------  -------- 
models                   1/1024           48/49152    ( 0.1%) 
brushes                 31/8192          372/98304    ( 0.4%) 
brushsides             192/65536        1536/524288   ( 0.3%) 
planes                 170/65536        3400/1310720  ( 0.3%) 
vertexes               191/65536        2292/786432   ( 0.3%) 
nodes                   67/65536        2144/2097152  ( 0.1%) 
texinfos                37/12288        2664/884736   ( 0.3%) 
texdata                  9/2048          288/65536    ( 0.4%) 
dispinfos                0/0               0/0        ( 0.0%) 
disp_verts               0/0               0/0        ( 0.0%) 
disp_tris                0/0               0/0        ( 0.0%) 
disp_lmsamples           0/0               0/0        ( 0.0%) 
faces                   76/65536        4256/3670016  ( 0.1%) 
hdr faces                0/65536           0/3670016  ( 0.0%) 
origfaces               41/65536        2296/3670016  ( 0.1%) 
leaves                  69/65536        2208/2097152  ( 0.1%) 
leaffaces               87/65536         174/131072   ( 0.1%) 
leafbrushes            116/65536         232/131072   ( 0.2%) 
areas                    2/256            16/2048     ( 0.8%) 
surfedges              517/512000       2068/2048000  ( 0.1%) 
edges                  323/256000       1292/1024000  ( 0.1%) 
LDR worldlights          3/8192          264/720896   ( 0.0%) 
HDR worldlights          0/8192            0/720896   ( 0.0%) 
leafwaterdata            0/32768           0/393216   ( 0.0%) 
waterstrips              4/32768          40/327680   ( 0.0%) 
waterverts               0/65536           0/786432   ( 0.0%) 
waterindices            51/65536         102/131072   ( 0.1%) 
cubemapsamples           1/1024           16/16384    ( 0.1%) 
overlays                 0/512             0/180224   ( 0.0%) 
LDR lightdata         [variable]       31904/0        ( 0.0%) 
HDR lightdata         [variable]           0/0        ( 0.0%) 
visdata               [variable]         312/16777216 ( 0.0%) 
entdata               [variable]        4128/393216   ( 1.0%) 
LDR ambient table       69/65536         276/262144   ( 0.1%) 
HDR ambient table       69/65536         276/262144   ( 0.1%) 
LDR leaf ambient       206/65536        5768/1835008  ( 0.3%) 
HDR leaf ambient        69/65536        1932/1835008  ( 0.1%) 
occluders                0/0               0/0        ( 0.0%) 
occluder polygons        0/0               0/0        ( 0.0%) 
occluder vert ind        0/0               0/0        ( 0.0%) 
detail props          [variable]           1/12       ( 8.3%) 
static props          [variable]           1/1180     ( 0.1%) 
pakfile               [variable]      212252/0        ( 0.0%) 
physics               [variable]       11456/4194304  ( 0.3%) 
physics terrain       [variable]           2/1048576  ( 0.0%) 

Level flags = 0

Total triangle count: 201
Writing c:\program files (x86)\steam\steamapps\sourcemods\whohl2mod\maps\bckground_d.bsp
0 seconds elapsed



materialPath: C:\Program Files (x86)\Steam\steamapps\sourcemods\who\materials
Loading c:\program files (x86)\steam\steamapps\sourcemods\who\maps\bckground_d.vmf
Could not locate 'GameData' key in c:\program files (x86)\steam\steamapps\sourcemods\who\gameinfo.txt
fixing up env_cubemap materials on brush sides...
0...1...2...3...4...5...6...7...8...9...100...1...2...3...4...5...6...7...8...9...10Processing areas...done (0)
Building Faces...done (0)
FixTjuncs...
PruneNodes...
WriteBSP...
done (0)
writing c:\program files (x86)\steam\steamapps\sourcemods\who\maps\bckground_d.prt...Building visibility clusters...
done (0)
Creating default LDR cubemaps for env_cubemap using skybox materials:
   skybox/sky_day01_01*.vmt
 ! Run buildcubemaps in the engine to get the correct cube maps.
Creating default HDR cubemaps for env_cubemap using skybox materials:
   skybox/sky_day01_01*.vmt
 ! Run buildcubemaps in the engine to get the correct cube maps.
Finding displacement neighbors...
Finding lightmap sample positions...
Displacement Alpha : 0...1...2...3...4...5...6...7...8...9...10
Building Physics collision data...
done (0) (11456 bytes)
Placing detail props : 0...1...2...3...4...5...6...7...8...9...10
Compacting texture/material tables...
Reduced 54 texinfos to 37
Reduced 12 texdatas to 9 (321 bytes to 274)
Writing c:\program files (x86)\steam\steamapps\sourcemods\who\maps\bckground_d.bsp
0 seconds elapsed



8 threads
reading c:\program files (x86)\steam\steamapps\sourcemods\who\maps\bckground_d.bsp
reading c:\program files (x86)\steam\steamapps\sourcemods\who\maps\bckground_d.prt
  22 portalclusters
  50 numportals
0...1...2...3...4...5...6...7...8...9...100...1...2...3...4...5...6...7...8...9...10Optimized: 0 visible clusters (0.00%)
Total clusters visible: 450
Average clusters visible: 20
Building PAS...
Average clusters audible: 22
visdatasize:312  compressed from 352
writing c:\program files (x86)\steam\steamapps\sourcemods\who\maps\bckground_d.bsp
0 seconds elapsed



Could not find lights.rad in lights.rad.
Trying VRAD BIN directory instead...
Warning: Couldn't open texlight file C:\Program Files (x86)\Steam\steamapps\common\Source SDK Base 2013 Singleplayer\bin\lights.rad.
Loading c:\program files (x86)\steam\steamapps\sourcemods\who\maps\bckground_d.bsp
76 faces
3907 square feet [562720.44 square inches]
0 Displacements
0 Square Feet [0.00 Square Inches]
76 patches before subdivision
848 patches after subdivision
3 direct lights
0...1...2...3...4...5...6...7...8...9...100...1...2...3...4...5...6...7...8...9...10transfers 62637, max 198
transfer lists:   0.5 megs
0...1...2...3...4...5...6...7...8...9...10	Bounce #1 added RGB(675, 308, 30)
0...1...2...3...4...5...6...7...8...9...10	Bounce #2 added RGB(140, 53, 4)
0...1...2...3...4...5...6...7...8...9...10	Bounce #3 added RGB(31, 10, 1)
0...1...2...3...4...5...6...7...8...9...10	Bounce #4 added RGB(7, 2, 0)
0...1...2...3...4...5...6...7...8...9...10	Bounce #5 added RGB(2, 0, 0)
0...1...2...3...4...5...6...7...8...9...10	Bounce #6 added RGB(0, 0, 0)
Build Patch/Sample Hash Table(s).....Done<0.0001 sec>
0...1...2...3...4...5...6...7...8...9...10FinalLightFace Done
0 of 0 (0% of) surface lights went in leaf ambient cubes.
0...1...2...3...4...5...6...7...8...9...10Writing leaf ambient...done
Ready to Finish

Object names       Objects/Maxobjs  Memory / Maxmem  Fullness 
------------       ---------------  ---------------  -------- 
models                   1/1024           48/49152    ( 0.1%) 
brushes                 31/8192          372/98304    ( 0.4%) 
brushsides             192/65536        1536/524288   ( 0.3%) 
planes                 170/65536        3400/1310720  ( 0.3%) 
vertexes               191/65536        2292/786432   ( 0.3%) 
nodes                   67/65536        2144/2097152  ( 0.1%) 
texinfos                37/12288        2664/884736   ( 0.3%) 
texdata                  9/2048          288/65536    ( 0.4%) 
dispinfos                0/0               0/0        ( 0.0%) 
disp_verts               0/0               0/0        ( 0.0%) 
disp_tris                0/0               0/0        ( 0.0%) 
disp_lmsamples           0/0               0/0        ( 0.0%) 
faces                   76/65536        4256/3670016  ( 0.1%) 
hdr faces                0/65536           0/3670016  ( 0.0%) 
origfaces               41/65536        2296/3670016  ( 0.1%) 
leaves                  69/65536        2208/2097152  ( 0.1%) 
leaffaces               87/65536         174/131072   ( 0.1%) 
leafbrushes            116/65536         232/131072   ( 0.2%) 
areas                    2/256            16/2048     ( 0.8%) 
surfedges              517/512000       2068/2048000  ( 0.1%) 
edges                  323/256000       1292/1024000  ( 0.1%) 
LDR worldlights          3/8192          264/720896   ( 0.0%) 
HDR worldlights          0/8192            0/720896   ( 0.0%) 
leafwaterdata            0/32768           0/393216   ( 0.0%) 
waterstrips              4/32768          40/327680   ( 0.0%) 
waterverts               0/65536           0/786432   ( 0.0%) 
waterindices            51/65536         102/131072   ( 0.1%) 
cubemapsamples           1/1024           16/16384    ( 0.1%) 
overlays                 0/512             0/180224   ( 0.0%) 
LDR lightdata         [variable]       31904/0        ( 0.0%) 
HDR lightdata         [variable]           0/0        ( 0.0%) 
visdata               [variable]         312/16777216 ( 0.0%) 
entdata               [variable]        4127/393216   ( 1.0%) 
LDR ambient table       69/65536         276/262144   ( 0.1%) 
HDR ambient table       69/65536         276/262144   ( 0.1%) 
LDR leaf ambient       206/65536        5768/1835008  ( 0.3%) 
HDR leaf ambient        69/65536        1932/1835008  ( 0.1%) 
occluders                0/0               0/0        ( 0.0%) 
occluder polygons        0/0               0/0        ( 0.0%) 
occluder vert ind        0/0               0/0        ( 0.0%) 
detail props          [variable]           1/12       ( 8.3%) 
static props          [variable]           1/1180     ( 0.1%) 
pakfile               [variable]      212252/0        ( 0.0%) 
physics               [variable]       11456/4194304  ( 0.3%) 
physics terrain       [variable]           2/1048576  ( 0.0%) 

Level flags = 0

Total triangle count: 201
Writing c:\program files (x86)\steam\steamapps\sourcemods\who\maps\bckground_d.bsp
0 seconds elapsed



Could not find lights.rad in lights.rad.
Trying VRAD BIN directory instead...
Warning: Couldn't open texlight file C:\Program Files (x86)\Steam\steamapps\common\Source SDK Base 2013 Singleplayer\bin\lights.rad.
Loading c:\program files (x86)\steam\steamapps\sourcemods\who\maps\bckground_d.bsp
76 faces
3907 square feet [562720.44 square inches]
0 Displacements
0 Square Feet [0.00 Square Inches]
76 patches before subdivision
848 patches after subdivision
3 direct lights
0...1...2...3...4...5...6...7...8...9...100...1...2...3...4...5...6...7...8...9...10transfers 62637, max 198
transfer lists:   0.5 megs
0...1...2...3...4...5...6...7...8...9...10	Bounce #1 added RGB(675, 308, 30)
0...1...2...3...4...5...6...7...8...9...10	Bounce #2 added RGB(140, 53, 4)
0...1...2...3...4...5...6...7...8...9...10	Bounce #3 added RGB(31, 10, 1)
0...1...2...3...4...5...6...7...8...9...10	Bounce #4 added RGB(7, 2, 0)
0...1...2...3...4...5...6...7...8...9...10	Bounce #5 added RGB(2, 0, 0)
0...1...2...3...4...5...6...7...8...9...10	Bounce #6 added RGB(0, 0, 0)
Build Patch/Sample Hash Table(s).....Done<0.0002 sec>
0...1...2...3...4...5...6...7...8...9...10FinalLightFace Done
0 of 0 (0% of) surface lights went in leaf ambient cubes.
0...1...2...3...4...5...6...7...8...9...10Writing leaf ambient...done
Ready to Finish

Object names       Objects/Maxobjs  Memory / Maxmem  Fullness 
------------       ---------------  ---------------  -------- 
models                   1/1024           48/49152    ( 0.1%) 
brushes                 31/8192          372/98304    ( 0.4%) 
brushsides             192/65536        1536/524288   ( 0.3%) 
planes                 170/65536        3400/1310720  ( 0.3%) 
vertexes               191/65536        2292/786432   ( 0.3%) 
nodes                   67/65536        2144/2097152  ( 0.1%) 
texinfos                37/12288        2664/884736   ( 0.3%) 
texdata                  9/2048          288/65536    ( 0.4%) 
dispinfos                0/0               0/0        ( 0.0%) 
disp_verts               0/0               0/0        ( 0.0%) 
disp_tris                0/0               0/0        ( 0.0%) 
disp_lmsamples           0/0               0/0        ( 0.0%) 
faces                   76/65536        4256/3670016  ( 0.1%) 
hdr faces               76/65536        4256/3670016  ( 0.1%) 
origfaces               41/65536        2296/3670016  ( 0.1%) 
leaves                  69/65536        2208/2097152  ( 0.1%) 
leaffaces               87/65536         174/131072   ( 0.1%) 
leafbrushes            116/65536         232/131072   ( 0.2%) 
areas                    2/256            16/2048     ( 0.8%) 
surfedges              517/512000       2068/2048000  ( 0.1%) 
edges                  323/256000       1292/1024000  ( 0.1%) 
LDR worldlights          3/8192          264/720896   ( 0.0%) 
HDR worldlights          3/8192          264/720896   ( 0.0%) 
leafwaterdata            0/32768           0/393216   ( 0.0%) 
waterstrips              4/32768          40/327680   ( 0.0%) 
waterverts               0/65536           0/786432   ( 0.0%) 
waterindices            51/65536         102/131072   ( 0.1%) 
cubemapsamples           1/1024           16/16384    ( 0.1%) 
overlays                 0/512             0/180224   ( 0.0%) 
LDR lightdata         [variable]       31904/0        ( 0.0%) 
HDR lightdata         [variable]       31904/0        ( 0.0%) 
visdata               [variable]         312/16777216 ( 0.0%) 
entdata               [variable]        4127/393216   ( 1.0%) 
LDR ambient table       69/65536         276/262144   ( 0.1%) 
HDR ambient table       69/65536         276/262144   ( 0.1%) 
LDR leaf ambient       206/65536        5768/1835008  ( 0.3%) 
HDR leaf ambient       206/65536        5768/1835008  ( 0.3%) 
occluders                0/0               0/0        ( 0.0%) 
occluder polygons        0/0               0/0        ( 0.0%) 
occluder vert ind        0/0               0/0        ( 0.0%) 
detail props          [variable]           1/12       ( 8.3%) 
static props          [variable]           1/1180     ( 0.1%) 
pakfile               [variable]      212252/0        ( 0.0%) 
physics               [variable]       11456/4194304  ( 0.3%) 
physics terrain       [variable]           2/1048576  ( 0.0%) 

Level flags = 0

Total triangle count: 201
Writing c:\program files (x86)\steam\steamapps\sourcemods\who\maps\bckground_d.bsp
0 seconds elapsed



materialPath: C:\Program Files (x86)\Steam\steamapps\sourcemods\who\materials
Loading C:\Program Files (x86)\Steam\steamapps\sourcemods\who\maps\bckground_d.vmf
Could not locate 'GameData' key in c:\program files (x86)\steam\steamapps\sourcemods\who\gameinfo.txt
fixing up env_cubemap materials on brush sides...
0...1...2...3...4...5...6...7...8...9...100...1...2...3...4...5...6...7...8...9...10Processing areas...done (0)
Building Faces...done (0)
FixTjuncs...
PruneNodes...
WriteBSP...
done (0)
writing C:\Program Files (x86)\Steam\steamapps\sourcemods\who\maps\bckground_d.prt...Building visibility clusters...
done (0)
Creating default LDR cubemaps for env_cubemap using skybox materials:
   skybox/sky_day01_01*.vmt
 ! Run buildcubemaps in the engine to get the correct cube maps.
Creating default HDR cubemaps for env_cubemap using skybox materials:
   skybox/sky_day01_01*.vmt
 ! Run buildcubemaps in the engine to get the correct cube maps.
Finding displacement neighbors...
Finding lightmap sample positions...
Displacement Alpha : 0...1...2...3...4...5...6...7...8...9...10
Building Physics collision data...
done (0) (11456 bytes)
Placing detail props : 0...1...2...3...4...5...6...7...8...9...10
Compacting texture/material tables...
Reduced 54 texinfos to 37
Reduced 12 texdatas to 9 (321 bytes to 274)
Writing C:\Program Files (x86)\Steam\steamapps\sourcemods\who\maps\bckground_d.bsp
0 seconds elapsed



8 threads
reading c:\program files (x86)\steam\steamapps\sourcemods\who\maps\bckground_d.bsp
reading c:\program files (x86)\steam\steamapps\sourcemods\who\maps\bckground_d.prt
  22 portalclusters
  50 numportals
0...1...2...3...4...5...6...7...8...9...100...1...2...3...4...5...6...7...8...9...10Optimized: 0 visible clusters (0.00%)
Total clusters visible: 450
Average clusters visible: 20
Building PAS...
Average clusters audible: 22
visdatasize:312  compressed from 352
writing c:\program files (x86)\steam\steamapps\sourcemods\who\maps\bckground_d.bsp
0 seconds elapsed



Could not find lights.rad in lights.rad.
Trying VRAD BIN directory instead...
Warning: Couldn't open texlight file C:\Program Files (x86)\Steam\steamapps\common\Source SDK Base 2013 Singleplayer\bin\lights.rad.
Loading c:\program files (x86)\steam\steamapps\sourcemods\who\maps\bckground_d.bsp
76 faces
3907 square feet [562720.44 square inches]
0 Displacements
0 Square Feet [0.00 Square Inches]
76 patches before subdivision
848 patches after subdivision
3 direct lights
0...1...2...3...4...5...6...7...8...9...100...1...2...3...4...5...6...7...8...9...10transfers 62637, max 198
transfer lists:   0.5 megs
0...1...2...3...4...5...6...7...8...9...10	Bounce #1 added RGB(675, 308, 30)
0...1...2...3...4...5...6...7...8...9...10	Bounce #2 added RGB(140, 53, 4)
0...1...2...3...4...5...6...7...8...9...10	Bounce #3 added RGB(31, 10, 1)
0...1...2...3...4...5...6...7...8...9...10	Bounce #4 added RGB(7, 2, 0)
0...1...2...3...4...5...6...7...8...9...10	Bounce #5 added RGB(2, 0, 0)
0...1...2...3...4...5...6...7...8...9...10	Bounce #6 added RGB(0, 0, 0)
Build Patch/Sample Hash Table(s).....Done<0.0002 sec>
0...1...2...3...4...5...6...7...8...9...10FinalLightFace Done
0 of 0 (0% of) surface lights went in leaf ambient cubes.
0...1...2...3...4...5...6...7...8...9...10Writing leaf ambient...done
Ready to Finish

Object names       Objects/Maxobjs  Memory / Maxmem  Fullness 
------------       ---------------  ---------------  -------- 
models                   1/1024           48/49152    ( 0.1%) 
brushes                 31/8192          372/98304    ( 0.4%) 
brushsides             192/65536        1536/524288   ( 0.3%) 
planes                 170/65536        3400/1310720  ( 0.3%) 
vertexes               191/65536        2292/786432   ( 0.3%) 
nodes                   67/65536        2144/2097152  ( 0.1%) 
texinfos                37/12288        2664/884736   ( 0.3%) 
texdata                  9/2048          288/65536    ( 0.4%) 
dispinfos                0/0               0/0        ( 0.0%) 
disp_verts               0/0               0/0        ( 0.0%) 
disp_tris                0/0               0/0        ( 0.0%) 
disp_lmsamples           0/0               0/0        ( 0.0%) 
faces                   76/65536        4256/3670016  ( 0.1%) 
hdr faces                0/65536           0/3670016  ( 0.0%) 
origfaces               41/65536        2296/3670016  ( 0.1%) 
leaves                  69/65536        2208/2097152  ( 0.1%) 
leaffaces               87/65536         174/131072   ( 0.1%) 
leafbrushes            116/65536         232/131072   ( 0.2%) 
areas                    2/256            16/2048     ( 0.8%) 
surfedges              517/512000       2068/2048000  ( 0.1%) 
edges                  323/256000       1292/1024000  ( 0.1%) 
LDR worldlights          3/8192          264/720896   ( 0.0%) 
HDR worldlights          0/8192            0/720896   ( 0.0%) 
leafwaterdata            0/32768           0/393216   ( 0.0%) 
waterstrips              4/32768          40/327680   ( 0.0%) 
waterverts               0/65536           0/786432   ( 0.0%) 
waterindices            51/65536         102/131072   ( 0.1%) 
cubemapsamples           1/1024           16/16384    ( 0.1%) 
overlays                 0/512             0/180224   ( 0.0%) 
LDR lightdata         [variable]       31904/0        ( 0.0%) 
HDR lightdata         [variable]           0/0        ( 0.0%) 
visdata               [variable]         312/16777216 ( 0.0%) 
entdata               [variable]        3664/393216   ( 0.9%) 
LDR ambient table       69/65536         276/262144   ( 0.1%) 
HDR ambient table       69/65536         276/262144   ( 0.1%) 
LDR leaf ambient       206/65536        5768/1835008  ( 0.3%) 
HDR leaf ambient        69/65536        1932/1835008  ( 0.1%) 
occluders                0/0               0/0        ( 0.0%) 
occluder polygons        0/0               0/0        ( 0.0%) 
occluder vert ind        0/0               0/0        ( 0.0%) 
detail props          [variable]           1/12       ( 8.3%) 
static props          [variable]           1/1180     ( 0.1%) 
pakfile               [variable]      212252/0        ( 0.0%) 
physics               [variable]       11456/4194304  ( 0.3%) 
physics terrain       [variable]           2/1048576  ( 0.0%) 

Level flags = 0

Total triangle count: 201
Writing c:\program files (x86)\steam\steamapps\sourcemods\who\maps\bckground_d.bsp
0 seconds elapsed



materialPath: C:\Program Files (x86)\Steam\steamapps\sourcemods\who\materials
Loading C:\Program Files (x86)\Steam\steamapps\sourcemods\who\maps\bckground_d.vmf
Could not locate 'GameData' key in c:\program files (x86)\steam\steamapps\sourcemods\who\gameinfo.txt
fixing up env_cubemap materials on brush sides...
0...1...2...3...4...5...6...7...8...9...100...1...2...3...4...5...6...7...8...9...10Processing areas...done (0)
Building Faces...done (0)
FixTjuncs...
PruneNodes...
WriteBSP...
done (0)
writing C:\Program Files (x86)\Steam\steamapps\sourcemods\who\maps\bckground_d.prt...Building visibility clusters...
done (0)
Creating default LDR cubemaps for env_cubemap using skybox materials:
   skybox/sky_day01_01*.vmt
 ! Run buildcubemaps in the engine to get the correct cube maps.
Creating default HDR cubemaps for env_cubemap using skybox materials:
   skybox/sky_day01_01*.vmt
 ! Run buildcubemaps in the engine to get the correct cube maps.
Finding displacement neighbors...
Finding lightmap sample positions...
Displacement Alpha : 0...1...2...3...4...5...6...7...8...9...10
Building Physics collision data...
done (0) (11456 bytes)
Placing detail props : 0...1...2...3...4...5...6...7...8...9...10
Compacting texture/material tables...
Reduced 54 texinfos to 37
Reduced 12 texdatas to 9 (321 bytes to 274)
Writing C:\Program Files (x86)\Steam\steamapps\sourcemods\who\maps\bckground_d.bsp
0 seconds elapsed



8 threads
reading c:\program files (x86)\steam\steamapps\sourcemods\who\maps\bckground_d.bsp
reading c:\program files (x86)\steam\steamapps\sourcemods\who\maps\bckground_d.prt
  22 portalclusters
  50 numportals
0...1...2...3...4...5...6...7...8...9...100...1...2...3...4...5...6...7...8...9...10Optimized: 0 visible clusters (0.00%)
Total clusters visible: 450
Average clusters visible: 20
Building PAS...
Average clusters audible: 22
visdatasize:312  compressed from 352
writing c:\program files (x86)\steam\steamapps\sourcemods\who\maps\bckground_d.bsp
0 seconds elapsed



Could not find lights.rad in lights.rad.
Trying VRAD BIN directory instead...
Warning: Couldn't open texlight file C:\Program Files (x86)\Steam\steamapps\common\Source SDK Base 2013 Singleplayer\bin\lights.rad.
Loading c:\program files (x86)\steam\steamapps\sourcemods\who\maps\bckground_d.bsp
76 faces
3907 square feet [562720.44 square inches]
0 Displacements
0 Square Feet [0.00 Square Inches]
76 patches before subdivision
848 patches after subdivision
3 direct lights
0...1...2...3...4...5...6...7...8...9...100...1...2...3...4...5...6...7...8...9...10transfers 62637, max 198
transfer lists:   0.5 megs
0...1...2...3...4...5...6...7...8...9...10	Bounce #1 added RGB(675, 308, 30)
0...1...2...3...4...5...6...7...8...9...10	Bounce #2 added RGB(140, 53, 4)
0...1...2...3...4...5...6...7...8...9...10	Bounce #3 added RGB(31, 10, 1)
0...1...2...3...4...5...6...7...8...9...10	Bounce #4 added RGB(7, 2, 0)
0...1...2...3...4...5...6...7...8...9...10	Bounce #5 added RGB(2, 0, 0)
0...1...2...3...4...5...6...7...8...9...10	Bounce #6 added RGB(0, 0, 0)
Build Patch/Sample Hash Table(s).....Done<0.0002 sec>
0...1...2...3...4...5...6...7...8...9...10FinalLightFace Done
0 of 0 (0% of) surface lights went in leaf ambient cubes.
0...1...2...3...4...5...6...7...8...9...10Writing leaf ambient...done
Ready to Finish

Object names       Objects/Maxobjs  Memory / Maxmem  Fullness 
------------       ---------------  ---------------  -------- 
models                   1/1024           48/49152    ( 0.1%) 
brushes                 31/8192          372/98304    ( 0.4%) 
brushsides             192/65536        1536/524288   ( 0.3%) 
planes                 170/65536        3400/1310720  ( 0.3%) 
vertexes               191/65536        2292/786432   ( 0.3%) 
nodes                   67/65536        2144/2097152  ( 0.1%) 
texinfos                37/12288        2664/884736   ( 0.3%) 
texdata                  9/2048          288/65536    ( 0.4%) 
dispinfos                0/0               0/0        ( 0.0%) 
disp_verts               0/0               0/0        ( 0.0%) 
disp_tris                0/0               0/0        ( 0.0%) 
disp_lmsamples           0/0               0/0        ( 0.0%) 
faces                   76/65536        4256/3670016  ( 0.1%) 
hdr faces                0/65536           0/3670016  ( 0.0%) 
origfaces               41/65536        2296/3670016  ( 0.1%) 
leaves                  69/65536        2208/2097152  ( 0.1%) 
leaffaces               87/65536         174/131072   ( 0.1%) 
leafbrushes            116/65536         232/131072   ( 0.2%) 
areas                    2/256            16/2048     ( 0.8%) 
surfedges              517/512000       2068/2048000  ( 0.1%) 
edges                  323/256000       1292/1024000  ( 0.1%) 
LDR worldlights          3/8192          264/720896   ( 0.0%) 
HDR worldlights          0/8192            0/720896   ( 0.0%) 
leafwaterdata            0/32768           0/393216   ( 0.0%) 
waterstrips              4/32768          40/327680   ( 0.0%) 
waterverts               0/65536           0/786432   ( 0.0%) 
waterindices            51/65536         102/131072   ( 0.1%) 
cubemapsamples           1/1024           16/16384    ( 0.1%) 
overlays                 0/512             0/180224   ( 0.0%) 
LDR lightdata         [variable]       31904/0        ( 0.0%) 
HDR lightdata         [variable]           0/0        ( 0.0%) 
visdata               [variable]         312/16777216 ( 0.0%) 
entdata               [variable]        3664/393216   ( 0.9%) 
LDR ambient table       69/65536         276/262144   ( 0.1%) 
HDR ambient table       69/65536         276/262144   ( 0.1%) 
LDR leaf ambient       206/65536        5768/1835008  ( 0.3%) 
HDR leaf ambient        69/65536        1932/1835008  ( 0.1%) 
occluders                0/0               0/0        ( 0.0%) 
occluder polygons        0/0               0/0        ( 0.0%) 
occluder vert ind        0/0               0/0        ( 0.0%) 
detail props          [variable]           1/12       ( 8.3%) 
static props          [variable]           1/1180     ( 0.1%) 
pakfile               [variable]      212252/0        ( 0.0%) 
physics               [variable]       11456/4194304  ( 0.3%) 
physics terrain       [variable]           2/1048576  ( 0.0%) 

Level flags = 0

Total triangle count: 201
Writing c:\program files (x86)\steam\steamapps\sourcemods\who\maps\bckground_d.bsp
0 seconds elapsed



Could not find lights.rad in lights.rad.
Trying VRAD BIN directory instead...
Warning: Couldn't open texlight file C:\Program Files (x86)\Steam\steamapps\common\Source SDK Base 2013 Singleplayer\bin\lights.rad.
Loading c:\program files (x86)\steam\steamapps\sourcemods\who\maps\bckground_d.bsp
76 faces
3907 square feet [562720.44 square inches]
0 Displacements
0 Square Feet [0.00 Square Inches]
76 patches before subdivision
848 patches after subdivision
3 direct lights
0...1...2...3...4...5...6...7...8...9...100...1...2...3...4...5...6...7...8...9...10transfers 62637, max 198
transfer lists:   0.5 megs
0...1...2...3...4...5...6...7...8...9...10	Bounce #1 added RGB(675, 308, 30)
0...1...2...3...4...5...6...7...8...9...10	Bounce #2 added RGB(140, 53, 4)
0...1...2...3...4...5...6...7...8...9...10	Bounce #3 added RGB(31, 10, 1)
0...1...2...3...4...5...6...7...8...9...10	Bounce #4 added RGB(7, 2, 0)
0...1...2...3...4...5...6...7...8...9...10	Bounce #5 added RGB(2, 0, 0)
0...1...2...3...4...5...6...7...8...9...10	Bounce #6 added RGB(0, 0, 0)
Build Patch/Sample Hash Table(s).....Done<0.0001 sec>
0...1...2...3...4...5...6...7...8...9...10FinalLightFace Done
0 of 0 (0% of) surface lights went in leaf ambient cubes.
0...1...2...3...4...5...6...7...8...9...10Writing leaf ambient...done
Ready to Finish

Object names       Objects/Maxobjs  Memory / Maxmem  Fullness 
------------       ---------------  ---------------  -------- 
models                   1/1024           48/49152    ( 0.1%) 
brushes                 31/8192          372/98304    ( 0.4%) 
brushsides             192/65536        1536/524288   ( 0.3%) 
planes                 170/65536        3400/1310720  ( 0.3%) 
vertexes               191/65536        2292/786432   ( 0.3%) 
nodes                   67/65536        2144/2097152  ( 0.1%) 
texinfos                37/12288        2664/884736   ( 0.3%) 
texdata                  9/2048          288/65536    ( 0.4%) 
dispinfos                0/0               0/0        ( 0.0%) 
disp_verts               0/0               0/0        ( 0.0%) 
disp_tris                0/0               0/0        ( 0.0%) 
disp_lmsamples           0/0               0/0        ( 0.0%) 
faces                   76/65536        4256/3670016  ( 0.1%) 
hdr faces               76/65536        4256/3670016  ( 0.1%) 
origfaces               41/65536        2296/3670016  ( 0.1%) 
leaves                  69/65536        2208/2097152  ( 0.1%) 
leaffaces               87/65536         174/131072   ( 0.1%) 
leafbrushes            116/65536         232/131072   ( 0.2%) 
areas                    2/256            16/2048     ( 0.8%) 
surfedges              517/512000       2068/2048000  ( 0.1%) 
edges                  323/256000       1292/1024000  ( 0.1%) 
LDR worldlights          3/8192          264/720896   ( 0.0%) 
HDR worldlights          3/8192          264/720896   ( 0.0%) 
leafwaterdata            0/32768           0/393216   ( 0.0%) 
waterstrips              4/32768          40/327680   ( 0.0%) 
waterverts               0/65536           0/786432   ( 0.0%) 
waterindices            51/65536         102/131072   ( 0.1%) 
cubemapsamples           1/1024           16/16384    ( 0.1%) 
overlays                 0/512             0/180224   ( 0.0%) 
LDR lightdata         [variable]       31904/0        ( 0.0%) 
HDR lightdata         [variable]       31904/0        ( 0.0%) 
visdata               [variable]         312/16777216 ( 0.0%) 
entdata               [variable]        3664/393216   ( 0.9%) 
LDR ambient table       69/65536         276/262144   ( 0.1%) 
HDR ambient table       69/65536         276/262144   ( 0.1%) 
LDR leaf ambient       206/65536        5768/1835008  ( 0.3%) 
HDR leaf ambient       206/65536        5768/1835008  ( 0.3%) 
occluders                0/0               0/0        ( 0.0%) 
occluder polygons        0/0               0/0        ( 0.0%) 
occluder vert ind        0/0               0/0        ( 0.0%) 
detail props          [variable]           1/12       ( 8.3%) 
static props          [variable]           1/1180     ( 0.1%) 
pakfile               [variable]      212252/0        ( 0.0%) 
physics               [variable]       11456/4194304  ( 0.3%) 
physics terrain       [variable]           2/1048576  ( 0.0%) 

Level flags = 0

Total triangle count: 201
Writing c:\program files (x86)\steam\steamapps\sourcemods\who\maps\bckground_d.bsp
0 seconds elapsed



materialPath: C:\Program Files (x86)\Steam\steamapps\sourcemods\who\materials
Loading C:\Program Files (x86)\Steam\steamapps\sourcemods\who\maps\bckground_d.vmf
"materials/debug/env_cubemap_model_translucent.vtf": cached version doesn't exist
Could not locate 'GameData' key in c:\program files (x86)\steam\steamapps\sourcemods\who\gameinfo.txt
fixing up env_cubemap materials on brush sides...
0...1...2...3...4...5...6...7...8...9...100...1...2...3...4...5...6...7...8...9...10Processing areas...done (0)
Building Faces...done (0)
FixTjuncs...
PruneNodes...
WriteBSP...
done (0)
writing C:\Program Files (x86)\Steam\steamapps\sourcemods\who\maps\bckground_d.prt...Building visibility clusters...
done (0)
Creating default LDR cubemaps for env_cubemap using skybox materials:
   skybox/sky_day01_01*.vmt
 ! Run buildcubemaps in the engine to get the correct cube maps.
Creating default HDR cubemaps for env_cubemap using skybox materials:
   skybox/sky_day01_01*.vmt
 ! Run buildcubemaps in the engine to get the correct cube maps.
Finding displacement neighbors...
Finding lightmap sample positions...
Displacement Alpha : 0...1...2...3...4...5...6...7...8...9...10
Building Physics collision data...
done (0) (11456 bytes)
Placing detail props : 0...1...2...3...4...5...6...7...8...9...10
Compacting texture/material tables...
Reduced 54 texinfos to 37
Reduced 16 texdatas to 11 (499 bytes to 393)
Writing C:\Program Files (x86)\Steam\steamapps\sourcemods\who\maps\bckground_d.bsp
0 seconds elapsed



8 threads
reading c:\program files (x86)\steam\steamapps\sourcemods\who\maps\bckground_d.bsp
reading c:\program files (x86)\steam\steamapps\sourcemods\who\maps\bckground_d.prt
  24 portalclusters
  58 numportals
0...1...2...3...4...5...6...7...8...9...100...1...2...3...4...5...6...7...8...9...10Optimized: 0 visible clusters (0.00%)
Total clusters visible: 562
Average clusters visible: 23
Building PAS...
Average clusters audible: 24
visdatasize:340  compressed from 384
writing c:\program files (x86)\steam\steamapps\sourcemods\who\maps\bckground_d.bsp
0 seconds elapsed



Could not find lights.rad in lights.rad.
Trying VRAD BIN directory instead...
Warning: Couldn't open texlight file C:\Program Files (x86)\Steam\steamapps\common\Source SDK Base 2013 Singleplayer\bin\lights.rad.
Loading c:\program files (x86)\steam\steamapps\sourcemods\who\maps\bckground_d.bsp
79 faces
3910 square feet [563052.25 square inches]
0 Displacements
0 Square Feet [0.00 Square Inches]
79 patches before subdivision
847 patches after subdivision
3 direct lights
0...1...2...3...4...5...6...7...8...9...100...1...2...3...4...5...6...7...8...9...10transfers 65749, max 202
transfer lists:   0.5 megs
0...1...2...3...4...5...6...7...8...9...10	Bounce #1 added RGB(616, 276, 26)
0...1...2...3...4...5...6...7...8...9...10	Bounce #2 added RGB(129, 48, 4)
0...1...2...3...4...5...6...7...8...9...10	Bounce #3 added RGB(28, 9, 1)
0...1...2...3...4...5...6...7...8...9...10	Bounce #4 added RGB(6, 2, 0)
0...1...2...3...4...5...6...7...8...9...10	Bounce #5 added RGB(1, 0, 0)
0...1...2...3...4...5...6...7...8...9...10	Bounce #6 added RGB(0, 0, 0)
Build Patch/Sample Hash Table(s).....Done<0.0002 sec>
0...1...2...3...4...5...6...7...8...9...10FinalLightFace Done
0 of 0 (0% of) surface lights went in leaf ambient cubes.
0...1...2...3...4...5...6...7...8...9...10Writing leaf ambient...done
Ready to Finish

Object names       Objects/Maxobjs  Memory / Maxmem  Fullness 
------------       ---------------  ---------------  -------- 
models                   1/1024           48/49152    ( 0.1%) 
brushes                 31/8192          372/98304    ( 0.4%) 
brushsides             192/65536        1536/524288   ( 0.3%) 
planes                 170/65536        3400/1310720  ( 0.3%) 
vertexes               191/65536        2292/786432   ( 0.3%) 
nodes                   69/65536        2208/2097152  ( 0.1%) 
texinfos                37/12288        2664/884736   ( 0.3%) 
texdata                 11/2048          352/65536    ( 0.5%) 
dispinfos                0/0               0/0        ( 0.0%) 
disp_verts               0/0               0/0        ( 0.0%) 
disp_tris                0/0               0/0        ( 0.0%) 
disp_lmsamples           0/0               0/0        ( 0.0%) 
faces                   79/65536        4424/3670016  ( 0.1%) 
hdr faces                0/65536           0/3670016  ( 0.0%) 
origfaces               41/65536        2296/3670016  ( 0.1%) 
leaves                  71/65536        2272/2097152  ( 0.1%) 
leaffaces               89/65536         178/131072   ( 0.1%) 
leafbrushes            118/65536         236/131072   ( 0.2%) 
areas                    2/256            16/2048     ( 0.8%) 
surfedges              530/512000       2120/2048000  ( 0.1%) 
edges                  336/256000       1344/1024000  ( 0.1%) 
LDR worldlights          3/8192          264/720896   ( 0.0%) 
HDR worldlights          0/8192            0/720896   ( 0.0%) 
leafwaterdata            0/32768           0/393216   ( 0.0%) 
waterstrips              3/32768          30/327680   ( 0.0%) 
waterverts               0/65536           0/786432   ( 0.0%) 
waterindices            42/65536          84/131072   ( 0.1%) 
cubemapsamples           1/1024           16/16384    ( 0.1%) 
overlays                 0/512             0/180224   ( 0.0%) 
LDR lightdata         [variable]       30984/0        ( 0.0%) 
HDR lightdata         [variable]           0/0        ( 0.0%) 
visdata               [variable]         340/16777216 ( 0.0%) 
entdata               [variable]        3664/393216   ( 0.9%) 
LDR ambient table       71/65536         284/262144   ( 0.1%) 
HDR ambient table       71/65536         284/262144   ( 0.1%) 
LDR leaf ambient       195/65536        5460/1835008  ( 0.3%) 
HDR leaf ambient        71/65536        1988/1835008  ( 0.1%) 
occluders                0/0               0/0        ( 0.0%) 
occluder polygons        0/0               0/0        ( 0.0%) 
occluder vert ind        0/0               0/0        ( 0.0%) 
detail props          [variable]           1/12       ( 8.3%) 
static props          [variable]           1/1182     ( 0.1%) 
pakfile               [variable]      213014/0        ( 0.0%) 
physics               [variable]       11456/4194304  ( 0.3%) 
physics terrain       [variable]           2/1048576  ( 0.0%) 

Level flags = 0

Total triangle count: 208
Writing c:\program files (x86)\steam\steamapps\sourcemods\who\maps\bckground_d.bsp
0 seconds elapsed



Could not find lights.rad in lights.rad.
Trying VRAD BIN directory instead...
Warning: Couldn't open texlight file C:\Program Files (x86)\Steam\steamapps\common\Source SDK Base 2013 Singleplayer\bin\lights.rad.
Loading c:\program files (x86)\steam\steamapps\sourcemods\who\maps\bckground_d.bsp
79 faces
3910 square feet [563052.25 square inches]
0 Displacements
0 Square Feet [0.00 Square Inches]
79 patches before subdivision
847 patches after subdivision
3 direct lights
0...1...2...3...4...5...6...7...8...9...100...1...2...3...4...5...6...7...8...9...10transfers 65749, max 202
transfer lists:   0.5 megs
0...1...2...3...4...5...6...7...8...9...10	Bounce #1 added RGB(616, 276, 26)
0...1...2...3...4...5...6...7...8...9...10	Bounce #2 added RGB(129, 48, 4)
0...1...2...3...4...5...6...7...8...9...10	Bounce #3 added RGB(28, 9, 1)
0...1...2...3...4...5...6...7...8...9...10	Bounce #4 added RGB(6, 2, 0)
0...1...2...3...4...5...6...7...8...9...10	Bounce #5 added RGB(1, 0, 0)
0...1...2...3...4...5...6...7...8...9...10	Bounce #6 added RGB(0, 0, 0)
Build Patch/Sample Hash Table(s).....Done<0.0002 sec>
0...1...2...3...4...5...6...7...8...9...10FinalLightFace Done
0 of 0 (0% of) surface lights went in leaf ambient cubes.
0...1...2...3...4...5...6...7...8...9...10Writing leaf ambient...done
Ready to Finish

Object names       Objects/Maxobjs  Memory / Maxmem  Fullness 
------------       ---------------  ---------------  -------- 
models                   1/1024           48/49152    ( 0.1%) 
brushes                 31/8192          372/98304    ( 0.4%) 
brushsides             192/65536        1536/524288   ( 0.3%) 
planes                 170/65536        3400/1310720  ( 0.3%) 
vertexes               191/65536        2292/786432   ( 0.3%) 
nodes                   69/65536        2208/2097152  ( 0.1%) 
texinfos                37/12288        2664/884736   ( 0.3%) 
texdata                 11/2048          352/65536    ( 0.5%) 
dispinfos                0/0               0/0        ( 0.0%) 
disp_verts               0/0               0/0        ( 0.0%) 
disp_tris                0/0               0/0        ( 0.0%) 
disp_lmsamples           0/0               0/0        ( 0.0%) 
faces                   79/65536        4424/3670016  ( 0.1%) 
hdr faces               79/65536        4424/3670016  ( 0.1%) 
origfaces               41/65536        2296/3670016  ( 0.1%) 
leaves                  71/65536        2272/2097152  ( 0.1%) 
leaffaces               89/65536         178/131072   ( 0.1%) 
leafbrushes            118/65536         236/131072   ( 0.2%) 
areas                    2/256            16/2048     ( 0.8%) 
surfedges              530/512000       2120/2048000  ( 0.1%) 
edges                  336/256000       1344/1024000  ( 0.1%) 
LDR worldlights          3/8192          264/720896   ( 0.0%) 
HDR worldlights          3/8192          264/720896   ( 0.0%) 
leafwaterdata            0/32768           0/393216   ( 0.0%) 
waterstrips              3/32768          30/327680   ( 0.0%) 
waterverts               0/65536           0/786432   ( 0.0%) 
waterindices            42/65536          84/131072   ( 0.1%) 
cubemapsamples           1/1024           16/16384    ( 0.1%) 
overlays                 0/512             0/180224   ( 0.0%) 
LDR lightdata         [variable]       30984/0        ( 0.0%) 
HDR lightdata         [variable]       30984/0        ( 0.0%) 
visdata               [variable]         340/16777216 ( 0.0%) 
entdata               [variable]        3664/393216   ( 0.9%) 
LDR ambient table       71/65536         284/262144   ( 0.1%) 
HDR ambient table       71/65536         284/262144   ( 0.1%) 
LDR leaf ambient       195/65536        5460/1835008  ( 0.3%) 
HDR leaf ambient       195/65536        5460/1835008  ( 0.3%) 
occluders                0/0               0/0        ( 0.0%) 
occluder polygons        0/0               0/0        ( 0.0%) 
occluder vert ind        0/0               0/0        ( 0.0%) 
detail props          [variable]           1/12       ( 8.3%) 
static props          [variable]           1/1182     ( 0.1%) 
pakfile               [variable]      213014/0        ( 0.0%) 
physics               [variable]       11456/4194304  ( 0.3%) 
physics terrain       [variable]           2/1048576  ( 0.0%) 

Level flags = 0

Total triangle count: 208
Writing c:\program files (x86)\steam\steamapps\sourcemods\who\maps\bckground_d.bsp
0 seconds elapsed



materialPath: C:\Program Files (x86)\Steam\steamapps\sourcemods\who\materials
Loading C:\Program Files (x86)\Steam\steamapps\sourcemods\who\maps\bckground_d.vmf
Could not locate 'GameData' key in c:\program files (x86)\steam\steamapps\sourcemods\who\gameinfo.txt
fixing up env_cubemap materials on brush sides...
0...1...2...3...4...5...6...7...8...9...100...1...2...3...4...5...6...7...8...9...10Processing areas...done (0)
Building Faces...done (0)
FixTjuncs...
PruneNodes...
WriteBSP...
done (0)
writing C:\Program Files (x86)\Steam\steamapps\sourcemods\who\maps\bckground_d.prt...Building visibility clusters...
done (0)
Creating default LDR cubemaps for env_cubemap using skybox materials:
   skybox/sky_day01_01*.vmt
 ! Run buildcubemaps in the engine to get the correct cube maps.
Creating default HDR cubemaps for env_cubemap using skybox materials:
   skybox/sky_day01_01*.vmt
 ! Run buildcubemaps in the engine to get the correct cube maps.
Finding displacement neighbors...
Finding lightmap sample positions...
Displacement Alpha : 0...1...2...3...4...5...6...7...8...9...10
Building Physics collision data...
done (0) (11467 bytes)
Placing detail props : 0...1...2...3...4...5...6...7...8...9...10
Compacting texture/material tables...
Reduced 54 texinfos to 37
Reduced 14 texdatas to 10 (397 bytes to 327)
Writing C:\Program Files (x86)\Steam\steamapps\sourcemods\who\maps\bckground_d.bsp
0 seconds elapsed



8 threads
reading c:\program files (x86)\steam\steamapps\sourcemods\who\maps\bckground_d.bsp
reading c:\program files (x86)\steam\steamapps\sourcemods\who\maps\bckground_d.prt
  22 portalclusters
  50 numportals
0...1...2...3...4...5...6...7...8...9...100...1...2...3...4...5...6...7...8...9...10Optimized: 0 visible clusters (0.00%)
Total clusters visible: 450
Average clusters visible: 20
Building PAS...
Average clusters audible: 22
visdatasize:312  compressed from 352
writing c:\program files (x86)\steam\steamapps\sourcemods\who\maps\bckground_d.bsp
0 seconds elapsed



Could not find lights.rad in lights.rad.
Trying VRAD BIN directory instead...
Warning: Couldn't open texlight file C:\Program Files (x86)\Steam\steamapps\common\Source SDK Base 2013 Singleplayer\bin\lights.rad.
Loading c:\program files (x86)\steam\steamapps\sourcemods\who\maps\bckground_d.bsp
76 faces
3907 square feet [562720.44 square inches]
0 Displacements
0 Square Feet [0.00 Square Inches]
76 patches before subdivision
848 patches after subdivision
3 direct lights
0...1...2...3...4...5...6...7...8...9...100...1...2...3...4...5...6...7...8...9...10transfers 62637, max 198
transfer lists:   0.5 megs
0...1...2...3...4...5...6...7...8...9...10	Bounce #1 added RGB(684, 311, 30)
0...1...2...3...4...5...6...7...8...9...10	Bounce #2 added RGB(146, 55, 4)
0...1...2...3...4...5...6...7...8...9...10	Bounce #3 added RGB(33, 11, 1)
0...1...2...3...4...5...6...7...8...9...10	Bounce #4 added RGB(8, 2, 0)
0...1...2...3...4...5...6...7...8...9...10	Bounce #5 added RGB(2, 0, 0)
0...1...2...3...4...5...6...7...8...9...10	Bounce #6 added RGB(0, 0, 0)
Build Patch/Sample Hash Table(s).....Done<0.0003 sec>
0...1...2...3...4...5...6...7...8...9...10FinalLightFace Done
0 of 0 (0% of) surface lights went in leaf ambient cubes.
0...1...2...3...4...5...6...7...8...9...10Writing leaf ambient...done
Ready to Finish

Object names       Objects/Maxobjs  Memory / Maxmem  Fullness 
------------       ---------------  ---------------  -------- 
models                   1/1024           48/49152    ( 0.1%) 
brushes                 31/8192          372/98304    ( 0.4%) 
brushsides             192/65536        1536/524288   ( 0.3%) 
planes                 170/65536        3400/1310720  ( 0.3%) 
vertexes               191/65536        2292/786432   ( 0.3%) 
nodes                   67/65536        2144/2097152  ( 0.1%) 
texinfos                37/12288        2664/884736   ( 0.3%) 
texdata                 10/2048          320/65536    ( 0.5%) 
dispinfos                0/0               0/0        ( 0.0%) 
disp_verts               0/0               0/0        ( 0.0%) 
disp_tris                0/0               0/0        ( 0.0%) 
disp_lmsamples           0/0               0/0        ( 0.0%) 
faces                   76/65536        4256/3670016  ( 0.1%) 
hdr faces                0/65536           0/3670016  ( 0.0%) 
origfaces               41/65536        2296/3670016  ( 0.1%) 
leaves                  69/65536        2208/2097152  ( 0.1%) 
leaffaces               87/65536         174/131072   ( 0.1%) 
leafbrushes            116/65536         232/131072   ( 0.2%) 
areas                    2/256            16/2048     ( 0.8%) 
surfedges              517/512000       2068/2048000  ( 0.1%) 
edges                  323/256000       1292/1024000  ( 0.1%) 
LDR worldlights          3/8192          264/720896   ( 0.0%) 
HDR worldlights          0/8192            0/720896   ( 0.0%) 
leafwaterdata            0/32768           0/393216   ( 0.0%) 
waterstrips              4/32768          40/327680   ( 0.0%) 
waterverts               0/65536           0/786432   ( 0.0%) 
waterindices            51/65536         102/131072   ( 0.1%) 
cubemapsamples           1/1024           16/16384    ( 0.1%) 
overlays                 0/512             0/180224   ( 0.0%) 
LDR lightdata         [variable]       32016/0        ( 0.0%) 
HDR lightdata         [variable]           0/0        ( 0.0%) 
visdata               [variable]         312/16777216 ( 0.0%) 
entdata               [variable]        3664/393216   ( 0.9%) 
LDR ambient table       69/65536         276/262144   ( 0.1%) 
HDR ambient table       69/65536         276/262144   ( 0.1%) 
LDR leaf ambient       202/65536        5656/1835008  ( 0.3%) 
HDR leaf ambient        69/65536        1932/1835008  ( 0.1%) 
occluders                0/0               0/0        ( 0.0%) 
occluder polygons        0/0               0/0        ( 0.0%) 
occluder vert ind        0/0               0/0        ( 0.0%) 
detail props          [variable]           1/12       ( 8.3%) 
static props          [variable]           1/1180     ( 0.1%) 
pakfile               [variable]      212633/0        ( 0.0%) 
physics               [variable]       11467/4194304  ( 0.3%) 
physics terrain       [variable]           2/1048576  ( 0.0%) 

Level flags = 0

Total triangle count: 201
Writing c:\program files (x86)\steam\steamapps\sourcemods\who\maps\bckground_d.bsp
0 seconds elapsed



Could not find lights.rad in lights.rad.
Trying VRAD BIN directory instead...
Warning: Couldn't open texlight file C:\Program Files (x86)\Steam\steamapps\common\Source SDK Base 2013 Singleplayer\bin\lights.rad.
Loading c:\program files (x86)\steam\steamapps\sourcemods\who\maps\bckground_d.bsp
76 faces
3907 square feet [562720.44 square inches]
0 Displacements
0 Square Feet [0.00 Square Inches]
76 patches before subdivision
848 patches after subdivision
3 direct lights
0...1...2...3...4...5...6...7...8...9...100...1...2...3...4...5...6...7...8...9...10transfers 62637, max 198
transfer lists:   0.5 megs
0...1...2...3...4...5...6...7...8...9...10	Bounce #1 added RGB(684, 311, 30)
0...1...2...3...4...5...6...7...8...9...10	Bounce #2 added RGB(146, 55, 4)
0...1...2...3...4...5...6...7...8...9...10	Bounce #3 added RGB(33, 11, 1)
0...1...2...3...4...5...6...7...8...9...10	Bounce #4 added RGB(8, 2, 0)
0...1...2...3...4...5...6...7...8...9...10	Bounce #5 added RGB(2, 0, 0)
0...1...2...3...4...5...6...7...8...9...10	Bounce #6 added RGB(0, 0, 0)
Build Patch/Sample Hash Table(s).....Done<0.0002 sec>
0...1...2...3...4...5...6...7...8...9...10FinalLightFace Done
0 of 0 (0% of) surface lights went in leaf ambient cubes.
0...1...2...3...4...5...6...7...8...9...10Writing leaf ambient...done
Ready to Finish

Object names       Objects/Maxobjs  Memory / Maxmem  Fullness 
------------       ---------------  ---------------  -------- 
models                   1/1024           48/49152    ( 0.1%) 
brushes                 31/8192          372/98304    ( 0.4%) 
brushsides             192/65536        1536/524288   ( 0.3%) 
planes                 170/65536        3400/1310720  ( 0.3%) 
vertexes               191/65536        2292/786432   ( 0.3%) 
nodes                   67/65536        2144/2097152  ( 0.1%) 
texinfos                37/12288        2664/884736   ( 0.3%) 
texdata                 10/2048          320/65536    ( 0.5%) 
dispinfos                0/0               0/0        ( 0.0%) 
disp_verts               0/0               0/0        ( 0.0%) 
disp_tris                0/0               0/0        ( 0.0%) 
disp_lmsamples           0/0               0/0        ( 0.0%) 
faces                   76/65536        4256/3670016  ( 0.1%) 
hdr faces               76/65536        4256/3670016  ( 0.1%) 
origfaces               41/65536        2296/3670016  ( 0.1%) 
leaves                  69/65536        2208/2097152  ( 0.1%) 
leaffaces               87/65536         174/131072   ( 0.1%) 
leafbrushes            116/65536         232/131072   ( 0.2%) 
areas                    2/256            16/2048     ( 0.8%) 
surfedges              517/512000       2068/2048000  ( 0.1%) 
edges                  323/256000       1292/1024000  ( 0.1%) 
LDR worldlights          3/8192          264/720896   ( 0.0%) 
HDR worldlights          3/8192          264/720896   ( 0.0%) 
leafwaterdata            0/32768           0/393216   ( 0.0%) 
waterstrips              4/32768          40/327680   ( 0.0%) 
waterverts               0/65536           0/786432   ( 0.0%) 
waterindices            51/65536         102/131072   ( 0.1%) 
cubemapsamples           1/1024           16/16384    ( 0.1%) 
overlays                 0/512             0/180224   ( 0.0%) 
LDR lightdata         [variable]       32016/0        ( 0.0%) 
HDR lightdata         [variable]       32016/0        ( 0.0%) 
visdata               [variable]         312/16777216 ( 0.0%) 
entdata               [variable]        3664/393216   ( 0.9%) 
LDR ambient table       69/65536         276/262144   ( 0.1%) 
HDR ambient table       69/65536         276/262144   ( 0.1%) 
LDR leaf ambient       202/65536        5656/1835008  ( 0.3%) 
HDR leaf ambient       202/65536        5656/1835008  ( 0.3%) 
occluders                0/0               0/0        ( 0.0%) 
occluder polygons        0/0               0/0        ( 0.0%) 
occluder vert ind        0/0               0/0        ( 0.0%) 
detail props          [variable]           1/12       ( 8.3%) 
static props          [variable]           1/1180     ( 0.1%) 
pakfile               [variable]      212633/0        ( 0.0%) 
physics               [variable]       11467/4194304  ( 0.3%) 
physics terrain       [variable]           2/1048576  ( 0.0%) 

Level flags = 0

Total triangle count: 201
Writing c:\program files (x86)\steam\steamapps\sourcemods\who\maps\bckground_d.bsp
0 seconds elapsed
