PRT1
61
162
4 0 9 (0 71.111099 -64 ) (0 71.111099 64 ) (0 128 64 ) (0 128 -64 ) 
4 0 6 (0 71.111099 64 ) (0 71.111099 384 ) (0 128 384 ) (0 128 64 ) 
4 0 5 (0 71.111099 48 ) (0 71.111099 -64 ) (320 71.111099 -64 ) (320 71.111099 48 ) 
4 0 3 (314.309021 71.111099 64 ) (320 71.111099 64 ) (320 71.111099 256 ) (314.309021 71.111099 256 ) 
4 0 4 (0 71.111099 256 ) (0 71.111099 64 ) (311.390991 71.111099 64 ) (311.390991 71.111099 256 ) 
4 0 2 (320 71.111099 384 ) (0 71.111099 384 ) (0 71.111099 272 ) (320 71.111099 272 ) 
4 0 1 (576 71.111099 384 ) (320 71.111099 384 ) (320 71.111099 -64 ) (576 71.111099 -64 ) 
4 1 50 (320 0 48 ) (320 0 -64 ) (576 0 -64 ) (576 0 48 ) 
4 1 26 (320 0 256 ) (320 0 48 ) (336 0 48 ) (336 0 256 ) 
4 1 25 (336 0 48 ) (480 0 48 ) (480 0 256 ) (336 0 256 ) 
4 1 23 (480 0 48 ) (484 0 48 ) (484 0 64 ) (480 0 64 ) 
4 1 20 (484 0 64 ) (484 0 256 ) (480 0 256 ) (480 0 64 ) 
4 1 18 (320 0 272 ) (320 0 256 ) (336 0 256 ) (336 0 272 ) 
4 1 17 (336 0 256 ) (484 0 256 ) (484 0 272 ) (336 0 272 ) 
4 1 16 (484 0 384 ) (320 0 384 ) (320 0 272 ) (484 0 272 ) 
4 1 15 (576 0 384 ) (484 0 384 ) (484 0 48 ) (576 0 48 ) 
4 1 5 (320 71.111099 48 ) (320 71.111099 -64 ) (320 0 -64 ) (320 0 48 ) 
4 1 3 (320 71.111099 256 ) (320 71.111099 64 ) (320 0 64 ) (320 0 256 ) 
4 1 2 (320 71.111099 384 ) (320 71.111099 272 ) (320 0 272 ) (320 0 384 ) 
4 2 16 (320 0 384 ) (0 0 384 ) (0 0 272 ) (320 0 272 ) 
4 2 7 (0 0 272 ) (0 0 384 ) (0 71.111099 384 ) (0 71.111099 272 ) 
4 3 39 (314.309021 0 64 ) (320 0 64 ) (320 0 256 ) (314.309021 0 256 ) 
4 4 46 (0 0 256 ) (0 0 64 ) (311.390991 0 64 ) (311.390991 0 256 ) 
4 4 8 (0 0 64 ) (0 0 256 ) (0 71.111099 256 ) (0 71.111099 64 ) 
4 5 50 (0 0 48 ) (0 0 -64 ) (320 0 -64 ) (320 0 48 ) 
4 5 10 (0 0 -64 ) (0 0 48 ) (0 71.111099 48 ) (0 71.111099 -64 ) 
4 6 11 (-128 128 384 ) (-128 128 64 ) (-128 71.111099 64 ) (-128 71.111099 384 ) 
4 6 9 (-128 71.111099 64 ) (-128 128 64 ) (0 128 64 ) (0 71.111099 64 ) 
4 6 7 (0 71.111099 272 ) (0 71.111099 384 ) (-128 71.111099 384 ) (-128 71.111099 272 ) 
4 6 8 (-128 71.111099 64 ) (0 71.111099 64 ) (0 71.111099 256 ) (-128 71.111099 256 ) 
4 7 51 (0 0 272 ) (0 0 384 ) (-128 0 384 ) (-128 0 272 ) 
4 7 12 (-128 0 272 ) (-128 0 384 ) (-128 71.111099 384 ) (-128 71.111099 272 ) 
4 8 52 (0 0 64 ) (0 0 256 ) (-128 0 256 ) (-128 0 64 ) 
4 9 11 (-128 128 64 ) (-128 128 -64 ) (-128 71.111099 -64 ) (-128 71.111099 64 ) 
4 9 10 (-128 71.111099 48 ) (-128 71.111099 -64 ) (0 71.111099 -64 ) (0 71.111099 48 ) 
4 10 56 (0 0 -64 ) (0 0 48 ) (-128 0 48 ) (-128 0 -64 ) 
4 10 13 (-128 71.111099 -64 ) (-128 0 -64 ) (-128 0 48 ) (-128 71.111099 48 ) 
4 11 14 (-144 128 -64 ) (-144 71.111099 -64 ) (-144 71.111099 384 ) (-144 128 384 ) 
4 11 12 (-144 71.111099 384 ) (-144 71.111099 272 ) (-128 71.111099 272 ) (-128 71.111099 384 ) 
4 11 13 (-144 71.111099 48 ) (-144 71.111099 -64 ) (-128 71.111099 -64 ) (-128 71.111099 48 ) 
4 12 57 (-128 0 272 ) (-128 0 384 ) (-144 0 384 ) (-144 0 272 ) 
4 12 14 (-144 0 272 ) (-144 0 384 ) (-144 71.111099 384 ) (-144 71.111099 272 ) 
4 13 58 (-144 0 -64 ) (-128 0 -64 ) (-128 0 48 ) (-144 0 48 ) 
4 13 14 (-144 71.111099 -64 ) (-144 0 -64 ) (-144 0 48 ) (-144 71.111099 48 ) 
4 14 60 (-192 0 -64 ) (-144 0 -64 ) (-144 0 384 ) (-192 0 384 ) 
4 15 50 (484 0 48 ) (576 0 48 ) (576 -391.111023 48 ) (484 -391.111023 48 ) 
4 15 49 (484 -391.111023 48 ) (576 -391.111023 48 ) (576 -391.111023 384 ) (484 -391.111023 384 ) 
4 15 23 (484 0 48 ) (484 -92 48 ) (484 -92 64 ) (484 0 64 ) 
4 15 24 (484 -256 48 ) (484 -391.111023 48 ) (484 -391.111023 64 ) (484 -256 64 ) 
4 15 21 (484 -256 256 ) (484 -92 256 ) (484 -92 166.281006 ) (484 -256 166.281006 ) 
4 15 20 (484 -92 256 ) (484 0 256 ) (484 0 64 ) (484 -92 64 ) 
4 15 22 (484 -391.111023 64 ) (484 -391.111023 256 ) (484 -256 256 ) (484 -256 64 ) 
4 15 17 (484 -391.111023 256 ) (484 -391.111023 272 ) (484 0 272 ) (484 0 256 ) 
4 15 16 (484 -391.111023 272 ) (484 -391.111023 384 ) (484 0 384 ) (484 0 272 ) 
4 16 51 (0 0 384 ) (0 0 272 ) (0 -391.111023 272 ) (0 -391.111023 384 ) 
4 16 49 (484 -391.111023 272 ) (484 -391.111023 384 ) (0 -391.111023 384 ) (0 -391.111023 272 ) 
4 16 19 (336 -76.888901 272 ) (336 -391.111023 272 ) (320 -391.111023 272 ) (320 -76.888901 272 ) 
4 16 18 (320 0 272 ) (336 0 272 ) (336 -68 272 ) (320 -68 272 ) 
4 16 17 (336 0 272 ) (484 0 272 ) (484 -391.111023 272 ) (336 -391.111023 272 ) 
4 17 49 (484 -391.111023 256 ) (484 -391.111023 272 ) (336 -391.111023 272 ) (336 -391.111023 256 ) 
4 17 35 (480 -391.111023 256 ) (336 -391.111023 256 ) (336 -256 256 ) (480 -256 256 ) 
4 17 29 (336 -252 256 ) (336 -96 256 ) (480 -96 256 ) (480 -252 256 ) 
4 17 28 (336 -96 256 ) (336 -92 256 ) (480 -92 256 ) (480 -96 256 ) 
4 17 30 (336 -256 256 ) (336 -252 256 ) (480 -252 256 ) (480 -256 256 ) 
4 17 25 (336 -92 256 ) (336 0 256 ) (480 0 256 ) (480 -92 256 ) 
4 17 21 (484 -92 256 ) (484 -256 256 ) (480 -256 256 ) (480 -92 256 ) 
4 17 20 (484 0 256 ) (484 -92 256 ) (480 -92 256 ) (480 0 256 ) 
4 17 22 (484 -256 256 ) (484 -391.111023 256 ) (480 -391.111023 256 ) (480 -256 256 ) 
4 17 19 (336 -76.888901 256 ) (336 -391.111023 256 ) (336 -391.111023 272 ) (336 -76.888901 272 ) 
4 17 18 (336 0 256 ) (336 -68 256 ) (336 -68 272 ) (336 0 272 ) 
4 18 26 (320 0 256 ) (336 0 256 ) (336 -68 256 ) (320 -68 256 ) 
4 19 49 (336 -391.111023 272 ) (320 -391.111023 272 ) (320 -391.111023 256 ) (336 -391.111023 256 ) 
4 19 36 (320 -305.111023 256 ) (320 -256 256 ) (336 -256 256 ) (336 -305.111023 256 ) 
4 19 38 (336 -391.111023 256 ) (320 -391.111023 256 ) (320 -314 256 ) (336 -314 256 ) 
4 19 29 (320 -252 256 ) (320 -96 256 ) (336 -96 256 ) (336 -252 256 ) 
4 19 28 (320 -96 256 ) (320 -92 256 ) (336 -92 256 ) (336 -96 256 ) 
4 19 30 (320 -256 256 ) (320 -252 256 ) (336 -252 256 ) (336 -256 256 ) 
4 19 27 (320 -92 256 ) (320 -76.888901 256 ) (336 -76.888901 256 ) (336 -92 256 ) 
4 20 25 (480 -92 256 ) (480 0 256 ) (480 0 64 ) (480 -92 64 ) 
4 20 23 (480 -92 64 ) (480 0 64 ) (484 0 64 ) (484 -92 64 ) 
4 20 21 (480 -92 256 ) (480 -92 166.281006 ) (484 -92 166.281006 ) (484 -92 256 ) 
4 21 29 (480 -252 256 ) (480 -96 256 ) (480 -96 172 ) (480 -252 172 ) 
4 21 28 (480 -96 256 ) (480 -92 256 ) (480 -92 166.281006 ) (480 -96 166.281006 ) 
4 21 30 (480 -256 256 ) (480 -252 256 ) (480 -252 166.281006 ) (480 -256 166.281006 ) 
4 21 22 (480 -256 256 ) (480 -256 166.281006 ) (484 -256 166.281006 ) (484 -256 256 ) 
4 22 49 (484 -391.111023 64 ) (484 -391.111023 256 ) (480 -391.111023 256 ) (480 -391.111023 64 ) 
4 22 35 (480 -391.111023 64 ) (480 -391.111023 256 ) (480 -256 256 ) (480 -256 64 ) 
4 22 24 (480 -391.111023 64 ) (480 -256 64 ) (484 -256 64 ) (484 -391.111023 64 ) 
4 23 50 (480 0 48 ) (484 0 48 ) (484 -92 48 ) (480 -92 48 ) 
4 23 25 (480 0 48 ) (480 -92 48 ) (480 -92 64 ) (480 0 64 ) 
4 24 50 (484 -256 48 ) (484 -391.111023 48 ) (480 -391.111023 48 ) (480 -256 48 ) 
4 24 49 (480 -391.111023 48 ) (484 -391.111023 48 ) (484 -391.111023 64 ) (480 -391.111023 64 ) 
4 24 35 (480 -256 48 ) (480 -391.111023 48 ) (480 -391.111023 64 ) (480 -256 64 ) 
4 25 50 (336 0 48 ) (480 0 48 ) (480 -92 48 ) (336 -92 48 ) 
4 25 28 (480 -92 166.281006 ) (480 -92 256 ) (336 -92 256 ) (336 -92 166.281006 ) 
4 25 26 (336 0 48 ) (336 -68 48 ) (336 -68 256 ) (336 0 256 ) 
4 25 27 (336 -76.888901 48 ) (336 -92 48 ) (336 -92 256 ) (336 -76.888901 256 ) 
4 26 50 (320 0 48 ) (336 0 48 ) (336 -68 48 ) (320 -68 48 ) 
4 26 39 (320 -68 64 ) (320 -68 256 ) (320 0 256 ) (320 0 64 ) 
4 27 50 (336 -76.888901 48 ) (336 -92 48 ) (320 -92 48 ) (320 -76.888901 48 ) 
4 27 40 (320 -92 64 ) (320 -92 256 ) (320 -76.888901 256 ) (320 -76.888901 64 ) 
4 27 28 (320 -92 256 ) (320 -92 166.281006 ) (336 -92 166.281006 ) (336 -92 256 ) 
4 28 40 (320 -96 256 ) (320 -92 256 ) (320 -92 166.281006 ) (320 -96 166.281006 ) 
4 28 29 (320 -96 256 ) (320 -96 172 ) (480 -96 172 ) (480 -96 256 ) 
4 29 41 (320 -252 256 ) (320 -169.345001 256 ) (320 -169.345001 172 ) (320 -252 172 ) 
4 29 40 (320 -169.345001 256 ) (320 -96 256 ) (320 -96 172 ) (320 -169.345001 172 ) 
4 29 30 (320 -252 256 ) (320 -252 172 ) (480 -252 172 ) (480 -252 256 ) 
4 30 41 (320 -256 166.281006 ) (320 -256 256 ) (320 -252 256 ) (320 -252 166.281006 ) 
4 30 36 (320 -256 256 ) (320 -256 166.281006 ) (336 -256 166.281006 ) (336 -256 256 ) 
4 30 35 (336 -256 166.281006 ) (480 -256 166.281006 ) (480 -256 256 ) (336 -256 256 ) 
4 31 41 (320 -252 152.175018 ) (320 -252 166.281006 ) (320 -169.345001 166.281006 ) (320 -169.345001 152.175018 ) 
4 31 40 (320 -169.345001 166.281006 ) (320 -96 166.281006 ) (320 -96 152.175018 ) (320 -169.345001 152.175018 ) 
4 31 34 (337.574005 -182.074997 152.175018 ) (423.649109 -96 152.175018 ) (427.326965 -96 152.175018 ) (339.412994 -183.914017 152.175018 ) 
3 31 33 (320 -199.648972 152.175018 ) (320 -96 152.175018 ) (423.649109 -96 152.175018 ) 
5 31 32 (480 -252 152.175018 ) (320 -252 152.175018 ) (320 -203.327011 152.175018 ) (427.326965 -96 152.175018 ) (480 -96 152.175018 ) 
4 32 42 (320 -252 64 ) (320 -252 152.175018 ) (320 -203.327011 152.175018 ) (320 -203.327011 64 ) 
4 32 34 (339.411591 -183.912613 152.175018 ) (427.324158 -96 152.175018 ) (427.324158 -96 64 ) (339.411591 -183.912613 64 ) 
4 33 43 (320 -199.648956 64 ) (320 -199.648972 152.175018 ) (320 -169.345001 152.175018 ) (320 -169.345001 64 ) 
4 33 40 (320 -169.345001 152.175018 ) (320 -96 152.175018 ) (320 -96 64 ) (320 -169.345001 64 ) 
4 33 34 (423.648438 -96 64 ) (423.648438 -96 152.175018 ) (337.573730 -182.074722 152.175018 ) (337.573700 -182.074722 64 ) 
4 35 50 (480 -256 48 ) (480 -391.111023 48 ) (336 -391.111023 48 ) (336 -256 48 ) 
4 35 49 (336 -391.111023 48 ) (480 -391.111023 48 ) (480 -391.111023 256 ) (336 -391.111023 256 ) 
4 35 37 (336 -305.111023 48 ) (336 -314 48 ) (336 -314 64 ) (336 -305.111023 64 ) 
4 35 36 (336 -256 256 ) (336 -256 48 ) (336 -305.111023 48 ) (336 -305.111023 256 ) 
4 35 38 (336 -314 48 ) (336 -391.111023 48 ) (336 -391.111023 256 ) (336 -314 256 ) 
4 36 50 (320 -305.111023 48 ) (320 -256 48 ) (336 -256 48 ) (336 -305.111023 48 ) 
4 36 42 (320 -305.111023 64 ) (320 -305.111023 152.175018 ) (320 -256 152.175018 ) (320 -256 64 ) 
4 36 41 (320 -305.111023 152.175018 ) (320 -305.111023 256 ) (320 -256 256 ) (320 -256 152.175018 ) 
4 36 37 (320 -305.111023 64 ) (320 -305.111023 48 ) (336 -305.111023 48 ) (336 -305.111023 64 ) 
4 37 50 (320 -314 48 ) (320 -305.111023 48 ) (336 -305.111023 48 ) (336 -314 48 ) 
4 37 38 (320 -314 64 ) (320 -314 48 ) (336 -314 48 ) (336 -314 64 ) 
4 38 50 (336 -391.111023 48 ) (320 -391.111023 48 ) (320 -314 48 ) (336 -314 48 ) 
4 38 49 (320 -391.111023 48 ) (336 -391.111023 48 ) (336 -391.111023 256 ) (320 -391.111023 256 ) 
4 38 45 (320 -391.111023 64 ) (320 -391.111023 256 ) (320 -314 256 ) (320 -314 64 ) 
4 40 43 (314.309021 -169.345001 64 ) (320 -169.345001 64 ) (320 -169.345001 152.175018 ) (314.309021 -169.345001 152.175018 ) 
4 40 41 (320 -169.345001 152.175018 ) (320 -169.345001 256 ) (314.309021 -169.345001 256 ) (314.309021 -169.345001 152.175018 ) 
4 41 43 (314.309021 -205.339966 152.175018 ) (314.309021 -169.345001 152.175018 ) (320 -169.345001 152.175018 ) (320 -199.649002 152.175018 ) 
4 41 42 (320 -305.111023 152.175018 ) (314.309021 -305.111023 152.175018 ) (314.309021 -209.018005 152.175018 ) (320 -203.326996 152.175018 ) 
4 43 44 (314.309021 -169.345001 152.175018 ) (314.309021 -169.345001 64 ) (314.309021 -205.339966 64 ) (314.309021 -205.339966 152.175018 ) 
4 44 47 (311.390991 -208.257996 64 ) (311.390991 -208.257996 152.117004 ) (311.390991 -169.345001 152.117004 ) (311.390991 -169.345001 64 ) 
4 45 49 (320 -391.111023 64 ) (320 -391.111023 256 ) (314.309021 -391.111023 256 ) (314.309021 -391.111023 64 ) 
4 46 52 (0 0 256 ) (0 0 64 ) (0 -68 64 ) (0 -68 256 ) 
4 47 53 (0 -305.111023 256 ) (0 -76.888901 256 ) (0 -76.888901 64 ) (0 -305.111023 64 ) 
4 48 54 (0 -391.111023 64 ) (0 -391.111023 256 ) (0 -314 256 ) (0 -314 64 ) 
4 48 49 (311.390991 -391.111023 64 ) (311.390991 -391.111023 256 ) (0 -391.111023 256 ) (0 -391.111023 64 ) 
4 49 55 (0 -391.111023 48 ) (0 -448 48 ) (0 -448 272 ) (0 -391.111023 272 ) 
4 49 51 (0 -448 272 ) (0 -448 384 ) (0 -391.111023 384 ) (0 -391.111023 272 ) 
4 49 50 (576 -448 48 ) (0 -448 48 ) (0 -391.111023 48 ) (576 -391.111023 48 ) 
4 50 56 (0 0 48 ) (0 0 -64 ) (0 -448 -64 ) (0 -448 48 ) 
4 51 57 (-128 0 384 ) (-128 0 272 ) (-128 -391.111023 272 ) (-128 -391.111023 384 ) 
4 51 59 (-128 -391.111023 272 ) (-128 -448 272 ) (-128 -448 384 ) (-128 -391.111023 384 ) 
4 51 55 (0 -448 272 ) (-128 -448 272 ) (-128 -391.111023 272 ) (0 -391.111023 272 ) 
4 54 55 (0 -391.111023 64 ) (0 -391.111023 256 ) (-128 -391.111023 256 ) (-128 -391.111023 64 ) 
4 55 59 (-128 -391.111023 48 ) (-128 -448 48 ) (-128 -448 272 ) (-128 -391.111023 272 ) 
4 55 56 (0 -448 48 ) (-128 -448 48 ) (-128 -391.111023 48 ) (0 -391.111023 48 ) 
4 56 58 (-128 0 48 ) (-128 0 -64 ) (-128 -391.111023 -64 ) (-128 -391.111023 48 ) 
4 56 59 (-128 -391.111023 -64 ) (-128 -448 -64 ) (-128 -448 48 ) (-128 -391.111023 48 ) 
4 57 60 (-144 -391.111023 272 ) (-144 -391.111023 384 ) (-144 0 384 ) (-144 0 272 ) 
4 57 59 (-144 -391.111023 384 ) (-144 -391.111023 272 ) (-128 -391.111023 272 ) (-128 -391.111023 384 ) 
4 58 60 (-144 0 -64 ) (-144 -391.111023 -64 ) (-144 -391.111023 48 ) (-144 0 48 ) 
4 58 59 (-144 -391.111023 48 ) (-144 -391.111023 -64 ) (-128 -391.111023 -64 ) (-128 -391.111023 48 ) 
4 59 60 (-144 -391.111023 -64 ) (-144 -448 -64 ) (-144 -448 384 ) (-144 -391.111023 384 ) 
