PRT1
105
241
4 0 8 (0 80 48 ) (0 128 48 ) (48 128 48 ) (48 80 48 ) 
4 1 5 (87 76.911003 33 ) (87 82.911003 33 ) (87 82.911003 -65 ) (87 76.911003 -65 ) 
4 1 2 (87 76.911003 33 ) (87 76.911003 26.485001 ) (88 76.911003 26.485001 ) (88 76.911003 33 ) 
4 1 3 (87 76.911003 -64 ) (87 76.911003 -65 ) (88 76.911003 -65 ) (88 76.911003 -64 ) 
4 2 5 (87 36.911003 33 ) (87 76.911003 33 ) (87 76.911003 26.485001 ) (87 36.911003 26.485001 ) 
4 2 4 (87 36.911003 33 ) (87 36.911003 26.485001 ) (88 36.911003 26.485001 ) (88 36.911003 33 ) 
4 3 5 (87 76.911003 -64 ) (87 76.911003 -65 ) (87 36.911003 -65 ) (87 36.911003 -64 ) 
4 3 4 (87 36.911003 -64 ) (87 36.911003 -65 ) (88 36.911003 -65 ) (88 36.911003 -64 ) 
4 4 5 (87 29.911001 -65 ) (87 29.911001 33 ) (87 36.911003 33 ) (87 36.911003 -65 ) 
4 5 6 (72 29.911001 -65 ) (72 29.911001 33 ) (72 82.539001 33 ) (72 82.539001 -65 ) 
4 6 27 (69 82.539001 -65 ) (69 29.911001 -65 ) (69 29.911001 -63 ) (69 82.539001 -63 ) 
4 6 14 (69 30.284002 33 ) (69 82.539001 33 ) (69 82.539001 -63 ) (69 30.284002 -63 ) 
4 7 18 (1.400460 183.455002 -63 ) (41.633904 183.455002 -63 ) (41.633904 182 -63 ) (1.400460 182 -63 ) 
4 7 16 (1 182 -63 ) (42 182 -63 ) (42 182 28.070999 ) (1 182 28.070999 ) 
5 8 64 (68.232903 0 48 ) (0 0 48 ) (0 0 45 ) (68.627403 0 45 ) (68.627403 0 45.968193 ) 
5 8 32 (0 0 45 ) (0 0 48 ) (0 181.238007 48 ) (0 181.634003 45.958794 ) (0 181.634003 45 ) 
4 8 12 (0 0 45 ) (0 181.634003 45 ) (68.627403 181.634003 45 ) (68.627403 0 45 ) 
4 9 13 (68.627403 182 33 ) (69 182 33 ) (69 84.911003 33 ) (68.627403 84.911003 33 ) 
4 9 10 (68.627403 84.911003 45 ) (68.627403 84.911003 35 ) (69 84.911003 35 ) (69 84.911003 45 ) 
4 9 12 (68.627403 182 33 ) (68.627403 84.911003 33 ) (68.627403 84.911003 45 ) (68.627403 182 45 ) 
4 10 12 (68.627403 27.911001 35 ) (68.627403 27.911001 45 ) (68.627403 84.911003 45 ) (68.627403 84.911003 35 ) 
4 10 11 (68.627403 27.911001 45 ) (68.627403 27.911001 35 ) (69 27.911001 35 ) (69 27.911001 45 ) 
4 11 68 (69 0 33 ) (69 0 45 ) (68.627403 0 45 ) (68.627403 0 33 ) 
4 11 15 (69 27.911001 33 ) (69 0 33 ) (68.627403 0 33 ) (68.627403 27.911001 33 ) 
4 11 12 (68.627403 27.911001 33 ) (68.627403 0 33 ) (68.627403 0 45 ) (68.627403 27.911001 45 ) 
4 12 70 (68.627403 0 45 ) (0 0 45 ) (0 0 33 ) (68.627403 0 33 ) 
4 12 34 (0 0 33 ) (0 0 45 ) (0 138 45 ) (0 138 33 ) 
4 12 33 (0 138 45 ) (0 182 45 ) (0 182 33 ) (0 138 33 ) 
4 12 16 (0 182 33 ) (68.627403 182 33 ) (68.627403 0 33 ) (0 0 33 ) 
4 13 16 (68.627403 84.911003 33 ) (68.627403 182 33 ) (68.627403 182 -63 ) (68.627403 84.911003 -63 ) 
4 14 27 (69 82.539001 -63 ) (69 30.284002 -63 ) (68.627403 30.284002 -63 ) (68.627403 82.539001 -63 ) 
4 14 16 (68.627403 30.284002 33 ) (68.627403 82.539001 33 ) (68.627403 82.539001 -63 ) (68.627403 30.284002 -63 ) 
4 15 71 (69 0 -63 ) (69 0 33 ) (68.627403 0 33 ) (68.627403 0 -63 ) 
4 15 16 (68.627403 0 33 ) (68.627403 27.911001 33 ) (68.627403 27.911001 -63 ) (68.627403 0 -63 ) 
4 16 73 (68.627403 0 33 ) (0 0 33 ) (0 0 -63 ) (68.627403 0 -63 ) 
4 16 37 (0 0 -63 ) (0 0 33 ) (0 182 33 ) (0 182 -63 ) 
4 16 29 (0 0 -63 ) (0 82.539001 -63 ) (66 82.539001 -63 ) (66 0 -63 ) 
4 16 28 (66 82.539001 -63 ) (68.627403 82.539001 -63 ) (68.627403 0 -63 ) (66 0 -63 ) 
4 16 25 (0 82.539001 -63 ) (0 172.294006 -63 ) (1 172.294006 -63 ) (1 82.539001 -63 ) 
4 16 24 (0 172.294006 -63 ) (0 182 -63 ) (1 182 -63 ) (1 172.294006 -63 ) 
4 16 22 (66 82.539001 -63 ) (1 82.539001 -63 ) (1 172.294006 -63 ) (66 172.294006 -63 ) 
4 16 21 (68.627403 172.294006 -63 ) (68.627403 82.539001 -63 ) (66 82.539001 -63 ) (66 172.294006 -63 ) 
4 16 20 (1.400460 181.634003 -63 ) (1.400460 172.294006 -63 ) (1 172.294006 -63 ) (1 181.634003 -63 ) 
4 16 19 (42 181.634003 -63 ) (42 172.294006 -63 ) (1.400460 172.294006 -63 ) (1.400460 181.634003 -63 ) 
4 16 17 (68.627403 181.634003 -63 ) (68.627403 172.294006 -63 ) (42 172.294006 -63 ) (42 181.634003 -63 ) 
4 17 23 (42 172.294006 -65 ) (66 172.294006 -65 ) (66 172.294006 -64 ) (42 172.294006 -64 ) 
4 17 22 (66 172.294006 -64 ) (66 172.294006 -63 ) (42 172.294006 -63 ) (42 172.294006 -64 ) 
5 17 21 (66 172.294006 -65 ) (68.237289 172.294006 -65 ) (68.627403 172.294006 -63.661560 ) (68.627403 172.294006 -63 ) (66 172.294006 -63 ) 
4 17 19 (42 181.237991 -65 ) (42 172.294006 -65 ) (42 172.294006 -63 ) (42 181.819672 -63 ) 
4 19 23 (1.400460 172.294006 -65 ) (42 172.294006 -65 ) (42 172.294006 -64 ) (1.400460 172.294006 -64 ) 
4 19 22 (42 172.294006 -64 ) (42 172.294006 -63 ) (1.400460 172.294006 -63 ) (1.400460 172.294006 -64 ) 
4 19 20 (1.400460 181.634003 -65 ) (1.400460 172.294006 -65 ) (1.400460 172.294006 -63 ) (1.400460 181.634003 -63 ) 
4 20 24 (1 181.634003 -65 ) (1 172.294006 -65 ) (1 172.294006 -63 ) (1 181.634003 -63 ) 
4 20 23 (1 172.294006 -64 ) (1 172.294006 -65 ) (1.400460 172.294006 -65 ) (1.400460 172.294006 -64 ) 
4 20 22 (1 172.294006 -63 ) (1 172.294006 -64 ) (1.400460 172.294006 -64 ) (1.400460 172.294006 -63 ) 
5 21 28 (66 82.539001 -65 ) (68.237289 82.539001 -65 ) (68.627403 82.539001 -63.661560 ) (68.627403 82.539001 -63 ) (66 82.539001 -63 ) 
4 21 23 (66 172.294006 -64 ) (66 172.294006 -65 ) (66 82.539001 -65 ) (66 82.539001 -64 ) 
4 21 22 (66 172.294006 -63 ) (66 172.294006 -64 ) (66 82.539001 -64 ) (66 82.539001 -63 ) 
4 22 29 (66 82.539001 -64 ) (66 82.539001 -63 ) (1 82.539001 -63 ) (1 82.539001 -64 ) 
4 22 25 (1 82.539001 -64 ) (1 82.539001 -63 ) (1 172.294006 -63 ) (1 172.294006 -64 ) 
4 22 23 (1 82.539001 -64 ) (1 172.294006 -64 ) (66 172.294006 -64 ) (66 82.539001 -64 ) 
4 23 30 (1 82.539001 -65 ) (66 82.539001 -65 ) (66 82.539001 -64 ) (1 82.539001 -64 ) 
4 23 26 (1 172.294006 -65 ) (1 82.539001 -65 ) (1 82.539001 -64 ) (1 172.294006 -64 ) 
5 24 41 (0 172.294006 -63 ) (0 181.634003 -63 ) (0 181.634003 -63.638401 ) (0 181.237991 -65 ) (0 172.294006 -65 ) 
4 24 26 (0 172.294006 -65 ) (1 172.294006 -65 ) (1 172.294006 -64 ) (0 172.294006 -64 ) 
4 24 25 (1 172.294006 -64 ) (1 172.294006 -63 ) (0 172.294006 -63 ) (0 172.294006 -64 ) 
4 25 48 (0 82.539001 -63 ) (0 83.365005 -63 ) (0 83.365005 -64 ) (0 82.539001 -64 ) 
4 25 45 (0 83.365005 -63 ) (0 135.626999 -63 ) (0 135.626999 -64 ) (0 83.365005 -64 ) 
4 25 42 (0 135.626999 -63 ) (0 172.294006 -63 ) (0 172.294006 -64 ) (0 135.626999 -64 ) 
4 25 29 (1 82.539001 -64 ) (1 82.539001 -63 ) (0 82.539001 -63 ) (0 82.539001 -64 ) 
4 25 26 (0 172.294006 -64 ) (1 172.294006 -64 ) (1 82.539001 -64 ) (0 82.539001 -64 ) 
4 26 49 (0 83.365005 -65 ) (0 82.539001 -65 ) (0 82.539001 -64 ) (0 83.365005 -64 ) 
4 26 46 (0 135.626999 -65 ) (0 83.365005 -65 ) (0 83.365005 -64 ) (0 135.626999 -64 ) 
4 26 43 (0 172.294006 -64 ) (0 172.294006 -65 ) (0 135.626999 -65 ) (0 135.626999 -64 ) 
4 26 30 (0 82.539001 -65 ) (1 82.539001 -65 ) (1 82.539001 -64 ) (0 82.539001 -64 ) 
4 27 31 (68.627403 82.539001 -63.661560 ) (68.627403 82.539001 -65 ) (68.627403 30 -65 ) (68.627403 30 -63.661560 ) 
4 27 28 (68.627403 82.539001 -63 ) (68.627403 82.539001 -63.661560 ) (68.627403 30 -63.661560 ) (68.627403 30 -63 ) 
5 28 76 (68.627403 0 -63 ) (66 0 -63 ) (66 0 -65 ) (68.237289 0 -65 ) (68.627403 0 -63.661560 ) 
4 28 31 (68.236328 30 -65 ) (68.236328 82.539001 -65 ) (68.627403 82.539001 -63.660156 ) (68.627403 30 -63.660156 ) 
4 28 30 (66 82.539001 -64 ) (66 82.539001 -65 ) (66 0 -65 ) (66 0 -64 ) 
4 28 29 (66 82.539001 -63 ) (66 82.539001 -64 ) (66 0 -64 ) (66 0 -63 ) 
4 29 77 (66 0 -63 ) (0 0 -63 ) (0 0 -64 ) (66 0 -64 ) 
4 29 48 (0 0 -64 ) (0 0 -63 ) (0 82.539001 -63 ) (0 82.539001 -64 ) 
4 29 30 (0 82.539001 -64 ) (66 82.539001 -64 ) (66 0 -64 ) (0 0 -64 ) 
4 30 78 (0 0 -64 ) (0 0 -65 ) (66 0 -65 ) (66 0 -64 ) 
4 30 49 (0 0 -65 ) (0 0 -64 ) (0 82.539001 -64 ) (0 82.539001 -65 ) 
5 32 84 (0 0 45 ) (0 0 48 ) (-22.241587 0 48 ) (-22.638100 0 45.958858 ) (-22.638100 0 45 ) 
4 32 34 (0 0 45 ) (-22.638100 0 45 ) (-22.638100 138 45 ) (0 138 45 ) 
4 32 33 (-22.638100 138 45 ) (-22.638100 181.820007 45 ) (0 181.820007 45 ) (0 138 45 ) 
4 33 38 (-23 138 33 ) (-23 182 33 ) (-22.638100 182 33 ) (-22.638100 138 33 ) 
4 33 37 (-22.638100 182 33 ) (0 182 33 ) (0 138 33 ) (-22.638100 138 33 ) 
4 33 35 (-22.638100 138 35 ) (-22.638100 138 45 ) (-23 138 45 ) (-23 138 35 ) 
4 33 34 (-22.638100 138 33 ) (0 138 33 ) (0 138 45 ) (-22.638100 138 45 ) 
4 34 86 (0 0 33 ) (0 0 45 ) (-22.638100 0 45 ) (-22.638100 0 33 ) 
4 34 37 (-22.638100 138 33 ) (0 138 33 ) (0 0 33 ) (-22.638100 0 33 ) 
4 34 35 (-22.638100 138 45 ) (-22.638100 138 35 ) (-22.638100 81 35 ) (-22.638100 81 45 ) 
4 34 36 (-22.638100 81 33 ) (-22.638100 0 33 ) (-22.638100 0 45 ) (-22.638100 81 45 ) 
4 35 36 (-22.638100 81 35 ) (-22.638100 81 45 ) (-23 81 45 ) (-23 81 35 ) 
4 36 87 (-22.638100 0 45 ) (-23 0 45 ) (-23 0 33 ) (-22.638100 0 33 ) 
4 36 40 (-23 0 33 ) (-23 81 33 ) (-22.638100 81 33 ) (-22.638100 0 33 ) 
4 37 90 (0 0 -63 ) (0 0 33 ) (-22.638100 0 33 ) (-22.638100 0 -63 ) 
4 37 48 (0 0 -63 ) (-21 0 -63 ) (-21 83.365005 -63 ) (0 83.365005 -63 ) 
4 37 50 (-21 0 -63 ) (-22.638100 0 -63 ) (-22.638100 83.365005 -63 ) (-21 83.365005 -63 ) 
4 37 45 (-21 135.626999 -63 ) (0 135.626999 -63 ) (0 83.365005 -63 ) (-21 83.365005 -63 ) 
4 37 47 (-22.638100 83.365005 -63 ) (-22.638100 135.626999 -63 ) (-21 135.626999 -63 ) (-21 83.365005 -63 ) 
4 37 42 (-21 172.294006 -63 ) (0 172.294006 -63 ) (0 135.626999 -63 ) (-21 135.626999 -63 ) 
4 37 44 (-22.638100 135.626999 -63 ) (-22.638100 172.294006 -63 ) (-21 172.294006 -63 ) (-21 135.626999 -63 ) 
4 37 41 (-22.638100 172.294006 -63 ) (-22.638100 181.634003 -63 ) (0 181.634003 -63 ) (0 172.294006 -63 ) 
4 37 40 (-22.638100 81 -63 ) (-22.638100 0 -63 ) (-22.638100 0 33 ) (-22.638100 81 33 ) 
4 37 38 (-22.638100 182 33 ) (-22.638100 182 -63 ) (-22.638100 138 -63 ) (-22.638100 138 33 ) 
4 37 39 (-22.638100 135.626999 -63 ) (-22.638100 83.365005 -63 ) (-22.638100 83.365005 33 ) (-22.638100 135.626999 33 ) 
4 39 51 (-23 135.626999 -63 ) (-23 83.365005 -63 ) (-23 83.365005 32.633999 ) (-23 135.626999 32.633999 ) 
4 39 47 (-23 83.365005 -63 ) (-23 135.626999 -63 ) (-22.638100 135.626999 -63 ) (-22.638100 83.365005 -63 ) 
4 40 91 (-22.638100 0 33 ) (-23 0 33 ) (-23 0 -63 ) (-22.638100 0 -63 ) 
4 41 43 (-21 172.294006 -65 ) (0 172.294006 -65 ) (0 172.294006 -64 ) (-21 172.294006 -64 ) 
4 41 42 (0 172.294006 -64 ) (0 172.294006 -63 ) (-21 172.294006 -63 ) (-21 172.294006 -64 ) 
5 41 44 (-22.237700 172.294006 -65 ) (-21 172.294006 -65 ) (-21 172.294006 -63 ) (-22.638100 172.294006 -63 ) (-22.638100 172.294006 -63.625282 ) 
4 42 45 (0 135.626999 -64 ) (0 135.626999 -63 ) (-21 135.626999 -63 ) (-21 135.626999 -64 ) 
4 42 44 (-21 172.294006 -63 ) (-21 172.294006 -64 ) (-21 135.626999 -64 ) (-21 135.626999 -63 ) 
4 42 43 (0 135.626999 -64 ) (-21 135.626999 -64 ) (-21 172.294006 -64 ) (0 172.294006 -64 ) 
4 43 46 (-21 135.626999 -65 ) (0 135.626999 -65 ) (0 135.626999 -64 ) (-21 135.626999 -64 ) 
4 43 44 (-21 172.294006 -64 ) (-21 172.294006 -65 ) (-21 135.626999 -65 ) (-21 135.626999 -64 ) 
5 44 47 (-22.237700 135.626999 -65 ) (-21 135.626999 -65 ) (-21 135.626999 -63 ) (-22.638100 135.626999 -63 ) (-22.638100 135.626999 -63.625282 ) 
4 45 48 (0 83.365005 -64 ) (0 83.365005 -63 ) (-21 83.365005 -63 ) (-21 83.365005 -64 ) 
4 45 47 (-21 135.626999 -63 ) (-21 135.626999 -64 ) (-21 83.365005 -64 ) (-21 83.365005 -63 ) 
4 45 46 (0 83.365005 -64 ) (-21 83.365005 -64 ) (-21 135.626999 -64 ) (0 135.626999 -64 ) 
4 46 49 (-21 83.365005 -65 ) (0 83.365005 -65 ) (0 83.365005 -64 ) (-21 83.365005 -64 ) 
4 46 47 (-21 135.626999 -64 ) (-21 135.626999 -65 ) (-21 83.365005 -65 ) (-21 83.365005 -64 ) 
4 47 51 (-23 135.626999 -65 ) (-23 83.365005 -65 ) (-23 83.365005 -63 ) (-23 135.626999 -63 ) 
5 47 50 (-22.237700 83.365005 -65 ) (-21 83.365005 -65 ) (-21 83.365005 -63 ) (-22.638100 83.365005 -63 ) (-22.638100 83.365005 -63.625282 ) 
4 48 94 (0 0 -64 ) (0 0 -63 ) (-21 0 -63 ) (-21 0 -64 ) 
4 48 50 (-21 83.365005 -63 ) (-21 83.365005 -64 ) (-21 0 -64 ) (-21 0 -63 ) 
4 48 49 (0 0 -64 ) (-21 0 -64 ) (-21 83.365005 -64 ) (0 83.365005 -64 ) 
4 49 95 (0 0 -65 ) (0 0 -64 ) (-21 0 -64 ) (-21 0 -65 ) 
4 49 50 (-21 83.365005 -64 ) (-21 83.365005 -65 ) (-21 0 -65 ) (-21 0 -64 ) 
5 50 96 (-21 0 -63 ) (-22.638100 0 -63 ) (-22.638100 0 -63.625282 ) (-22.237700 0 -65 ) (-21 0 -65 ) 
4 51 52 (-26 135.626999 32.633999 ) (-26 135.626999 -65 ) (-26 83.365005 -65 ) (-26 83.365005 32.633999 ) 
4 52 54 (-41 89 33 ) (-41 129 33 ) (-41 129 26.485001 ) (-41 89 26.485001 ) 
4 52 55 (-41 129 -64 ) (-41 129 -65 ) (-41 89 -65 ) (-41 89 -64 ) 
4 52 53 (-41 129 33 ) (-41 136 33 ) (-41 136 -65 ) (-41 129 -65 ) 
4 52 56 (-41 83 -65 ) (-41 83 33 ) (-41 89 33 ) (-41 89 -65 ) 
4 53 54 (-42 129 33 ) (-42 129 26.485001 ) (-41 129 26.485001 ) (-41 129 33 ) 
4 53 55 (-42 129 -64 ) (-42 129 -65 ) (-41 129 -65 ) (-41 129 -64 ) 
4 54 56 (-42 89 33 ) (-42 89 26.485001 ) (-41 89 26.485001 ) (-41 89 33 ) 
4 55 56 (-42 89 -64 ) (-42 89 -65 ) (-41 89 -65 ) (-41 89 -64 ) 
4 57 83 (0 -70 48 ) (0 -118 48 ) (0 -118 59 ) (0 -70 59 ) 
4 57 64 (0 -118 48 ) (0 -70 48 ) (47.870998 -70 48 ) (47.870998 -118 48 ) 
4 58 59 (87 -70.089005 33 ) (87 -70.089005 26.485001 ) (88 -70.089005 26.485001 ) (88 -70.089005 33 ) 
4 58 60 (87 -70.089005 -64 ) (87 -70.089005 -65 ) (88 -70.089005 -65 ) (88 -70.089005 -64 ) 
4 58 62 (87 -64.105003 33 ) (87 -64.105003 -65 ) (87 -70.089005 -65 ) (87 -70.089005 33 ) 
4 59 61 (87 -110.089005 33 ) (87 -110.089005 26.485001 ) (88 -110.089005 26.485001 ) (88 -110.089005 33 ) 
4 59 62 (87 -110.089005 26.485001 ) (87 -110.089005 33 ) (87 -70.089005 33 ) (87 -70.089005 26.485001 ) 
4 60 62 (87 -70.089005 -65 ) (87 -110.089005 -65 ) (87 -110.089005 -64 ) (87 -70.089005 -64 ) 
4 60 61 (87 -110.089005 -64 ) (87 -110.089005 -65 ) (88 -110.089005 -65 ) (88 -110.089005 -64 ) 
4 61 62 (87 -110.089005 -65 ) (87 -117.089005 -65 ) (87 -117.089005 33 ) (87 -110.089005 33 ) 
4 62 63 (72 -64.460999 -65 ) (72 -116.723007 -65 ) (72 -116.723007 32.633999 ) (72 -64.460999 32.633999 ) 
4 63 75 (69 -64.460999 -65 ) (69 -116.521011 -65 ) (69 -116.521011 -63 ) (69 -64.460999 -63 ) 
4 63 72 (69 -116.723007 -63 ) (69 -116.723007 32.633999 ) (69 -64.460999 32.633999 ) (69 -64.460999 -63 ) 
4 64 84 (0 0 48 ) (0 0 45 ) (0 -134 45 ) (0 -134 48 ) 
4 64 74 (68.627403 -119.089005 45 ) (68.627403 -134 45 ) (0 -134 45 ) (0 -119.089005 45 ) 
4 64 70 (0 0 45 ) (68.627403 0 45 ) (68.627403 -119.089005 45 ) (0 -119.089005 45 ) 
5 64 65 (0 -134 45 ) (68.627403 -134 45 ) (68.627403 -134 45.968193 ) (68.232903 -134 48 ) (0 -134 48 ) 
4 65 84 (0 -134 45 ) (0 -134.279022 45 ) (0 -134.279022 48 ) (0 -134 48 ) 
4 65 74 (69 -134 45 ) (69 -134.279022 45 ) (0 -134.279022 45 ) (0 -134 45 ) 
5 65 66 (0 -134.279022 45 ) (68.627403 -134.279022 45 ) (68.627403 -134.279022 45.968193 ) (68.232903 -134.279022 48 ) (0 -134.279022 48 ) 
5 66 84 (0 -134.279022 45 ) (0 -194.381012 45 ) (0 -194.381012 45.955711 ) (0 -193.983994 48 ) (0 -134.279022 48 ) 
4 66 74 (68.627403 -194.381012 45 ) (0 -194.381012 45 ) (0 -134.279022 45 ) (68.627403 -134.279022 45 ) 
4 67 85 (0 -194.751022 45 ) (0 -195 45 ) (0 -195 48 ) (0 -194.751022 48 ) 
4 67 74 (69 -194.751022 45 ) (69 -195 45 ) (0 -195 45 ) (0 -194.751022 45 ) 
4 68 71 (68.627403 -62.089001 33 ) (68.627403 0 33 ) (69 0 33 ) (69 -62.089001 33 ) 
4 68 69 (68.627403 -62.089001 45 ) (68.627403 -62.089001 35 ) (69 -62.089001 35 ) (69 -62.089001 45 ) 
4 68 70 (68.627403 0 33 ) (68.627403 -62.089001 33 ) (68.627403 -62.089001 45 ) (68.627403 0 45 ) 
4 69 74 (69 -119.089005 35 ) (69 -119.089005 45 ) (68.627403 -119.089005 45 ) (68.627403 -119.089005 35 ) 
4 69 70 (68.627403 -119.089005 35 ) (68.627403 -119.089005 45 ) (68.627403 -62.089001 45 ) (68.627403 -62.089001 35 ) 
4 70 86 (0 0 45 ) (0 0 33 ) (0 -119.089005 33 ) (0 -119.089005 45 ) 
4 70 74 (68.627403 -119.089005 45 ) (0 -119.089005 45 ) (0 -119.089005 33 ) (68.627403 -119.089005 33 ) 
4 70 73 (68.627403 -119.089005 33 ) (0 -119.089005 33 ) (0 0 33 ) (68.627403 0 33 ) 
4 71 73 (68.627403 0 -63 ) (68.627403 -62.089001 -63 ) (68.627403 -62.089001 33 ) (68.627403 0 33 ) 
4 72 75 (69 -64.460999 -63 ) (69 -116.521011 -63 ) (68.627403 -116.521011 -63 ) (68.627403 -64.460999 -63 ) 
4 72 73 (68.627403 -64.460999 -63 ) (68.627403 -116.723007 -63 ) (68.627403 -116.723007 33 ) (68.627403 -64.460999 33 ) 
4 73 90 (0 0 33 ) (0 0 -63 ) (0 -119.089005 -63 ) (0 -119.089005 33 ) 
4 73 81 (66 -119.089005 -63 ) (0 -119.089005 -63 ) (0 -116.521011 -63 ) (66 -116.521011 -63 ) 
4 73 80 (68.627403 -116.521011 -63 ) (68.627403 -119.089005 -63 ) (66 -119.089005 -63 ) (66 -116.521011 -63 ) 
4 73 77 (0 0 -63 ) (66 0 -63 ) (66 -116.521011 -63 ) (0 -116.521011 -63 ) 
4 73 76 (66 0 -63 ) (68.627403 0 -63 ) (68.627403 -116.521011 -63 ) (66 -116.521011 -63 ) 
4 73 74 (0 -119.089005 -63 ) (68.627403 -119.089005 -63 ) (68.627403 -119.089005 33 ) (0 -119.089005 33 ) 
4 74 90 (0 -119.089005 -63 ) (0 -195 -63 ) (0 -195 33 ) (0 -119.089005 33 ) 
4 74 86 (0 -195 33 ) (0 -195 45 ) (0 -119.089005 45 ) (0 -119.089005 33 ) 
4 74 81 (66 -195 -63 ) (0 -195 -63 ) (0 -119.089005 -63 ) (66 -119.089005 -63 ) 
4 74 80 (68.627403 -195 -63 ) (66 -195 -63 ) (66 -119.089005 -63 ) (68.627403 -119.089005 -63 ) 
4 75 79 (68.627403 -64 -65 ) (68.627403 -116.521011 -65 ) (68.627403 -116.521011 -63.661560 ) (68.627403 -64 -63.661560 ) 
4 75 76 (68.627403 -116.521011 -63.661560 ) (68.627403 -116.521011 -63 ) (68.627403 -64 -63 ) (68.627403 -64 -63.661560 ) 
5 76 80 (66 -116.521011 -65 ) (68.237289 -116.521011 -65 ) (68.627403 -116.521011 -63.661560 ) (68.627403 -116.521011 -63 ) (66 -116.521011 -63 ) 
4 76 79 (68.627403 -64 -63.660156 ) (68.627403 -116.521011 -63.660156 ) (68.236885 -116.521011 -65 ) (68.236885 -64 -65 ) 
4 76 78 (66 0 -65 ) (66 -116.521011 -65 ) (66 -116.521011 -64 ) (66 0 -64 ) 
4 76 77 (66 -116.521011 -64 ) (66 -116.521011 -63 ) (66 0 -63 ) (66 0 -64 ) 
4 77 94 (0 0 -63 ) (0 0 -64 ) (0 -116.521011 -64 ) (0 -116.521011 -63 ) 
4 77 81 (66 -116.521011 -64 ) (66 -116.521011 -63 ) (0 -116.521011 -63 ) (0 -116.521011 -64 ) 
4 77 78 (66 0 -64 ) (66 -116.521011 -64 ) (0 -116.521011 -64 ) (0 0 -64 ) 
4 78 95 (0 0 -64 ) (0 0 -65 ) (0 -116.521011 -65 ) (0 -116.521011 -64 ) 
4 78 82 (0 -116.521011 -65 ) (66 -116.521011 -65 ) (66 -116.521011 -64 ) (0 -116.521011 -64 ) 
4 80 82 (66 -116.521011 -64 ) (66 -116.521011 -65 ) (66 -195 -65 ) (66 -195 -64 ) 
4 80 81 (66 -116.521011 -63 ) (66 -116.521011 -64 ) (66 -195 -64 ) (66 -195 -63 ) 
4 81 94 (0 -195 -64 ) (0 -195 -63 ) (0 -116.521011 -63 ) (0 -116.521011 -64 ) 
4 81 82 (0 -116.521011 -64 ) (66 -116.521011 -64 ) (66 -195 -64 ) (0 -195 -64 ) 
4 82 95 (0 -116.521011 -65 ) (0 -195 -65 ) (0 -195 -64 ) (0 -116.521011 -64 ) 
4 83 84 (-2.709670 -118 48 ) (-2.709670 -70 48 ) (0 -70 48 ) (0 -118 48 ) 
4 84 86 (-22.638100 0 45 ) (0 0 45 ) (0 -194.381012 45 ) (-22.638100 -194.381012 45 ) 
4 85 89 (-22.638100 -195 45 ) (-23 -195 45 ) (-23 -194.751022 45 ) (-22.638100 -194.751022 45 ) 
4 85 86 (0 -195 45 ) (-22.638100 -195 45 ) (-22.638100 -194.751022 45 ) (0 -194.751022 45 ) 
4 86 90 (0 -195 33 ) (-22.638100 -195 33 ) (-22.638100 0 33 ) (0 0 33 ) 
4 86 88 (-22.638100 -66 35 ) (-22.638100 -66 45 ) (-22.638100 -9 45 ) (-22.638100 -9 35 ) 
4 86 87 (-22.638100 0 33 ) (-22.638100 -9 33 ) (-22.638100 -9 45 ) (-22.638100 0 45 ) 
4 86 89 (-22.638100 -66 33 ) (-22.638100 -195 33 ) (-22.638100 -195 45 ) (-22.638100 -66 45 ) 
4 87 91 (-23 -9 33 ) (-23 0 33 ) (-22.638100 0 33 ) (-22.638100 -9 33 ) 
4 87 88 (-22.638100 -9 35 ) (-22.638100 -9 45 ) (-23 -9 45 ) (-23 -9 35 ) 
4 88 89 (-22.638100 -66 35 ) (-22.638100 -66 45 ) (-23 -66 45 ) (-23 -66 35 ) 
4 89 93 (-22.638100 -195 33 ) (-23 -195 33 ) (-23 -66 33 ) (-22.638100 -66 33 ) 
4 90 94 (-21 0 -63 ) (0 0 -63 ) (0 -195 -63 ) (-21 -195 -63 ) 
4 90 96 (-22.638100 0 -63 ) (-21 0 -63 ) (-21 -195 -63 ) (-22.638100 -195 -63 ) 
4 90 92 (-22.638100 -11.373000 -63 ) (-22.638100 -63.635002 -63 ) (-22.638100 -63.635002 33 ) (-22.638100 -11.373000 33 ) 
4 90 93 (-22.638100 -66 -63 ) (-22.638100 -195 -63 ) (-22.638100 -195 33 ) (-22.638100 -66 33 ) 
4 90 91 (-22.638100 0 -63 ) (-22.638100 -9 -63 ) (-22.638100 -9 33 ) (-22.638100 0 33 ) 
4 92 99 (-23 -11.373000 -63 ) (-23 -63.635002 -63 ) (-23 -63.635002 32.633999 ) (-23 -11.373000 32.633999 ) 
4 92 98 (-23 -63.635002 -63 ) (-23 -11.373000 -63 ) (-22.638100 -11.373000 -63 ) (-22.638100 -63.635002 -63 ) 
4 94 96 (-21 -195 -64 ) (-21 -195 -63 ) (-21 0 -63 ) (-21 0 -64 ) 
4 94 95 (0 -195 -64 ) (-21 -195 -64 ) (-21 0 -64 ) (0 0 -64 ) 
4 95 96 (-21 0 -65 ) (-21 -195 -65 ) (-21 -195 -64 ) (-21 0 -64 ) 
4 96 98 (-22.638100 -64 -63 ) (-22.638100 -11 -63 ) (-22.638100 -11 -63.625282 ) (-22.638100 -64 -63.625282 ) 
4 96 97 (-22.238283 -11.373000 -65 ) (-22.238283 -63.635002 -65 ) (-22.638100 -63.635002 -63.628906 ) (-22.638100 -11.373000 -63.628906 ) 
4 97 98 (-22.638100 -11.373000 -65 ) (-22.638100 -63.635002 -65 ) (-22.638100 -63.635002 -63.625282 ) (-22.638100 -11.373000 -63.625282 ) 
4 98 99 (-23 -11.373000 -65 ) (-23 -63.635002 -65 ) (-23 -63.635002 -63 ) (-23 -11.373000 -63 ) 
4 99 100 (-26 -11.373000 -65 ) (-26 -63.635002 -65 ) (-26 -63.635002 32.633999 ) (-26 -11.373000 32.633999 ) 
4 100 102 (-41 -58 33 ) (-41 -18 33 ) (-41 -18 26.485001 ) (-41 -58 26.485001 ) 
4 100 103 (-41 -18 -64 ) (-41 -18 -65 ) (-41 -58 -65 ) (-41 -58 -64 ) 
4 100 101 (-41 -18 33 ) (-41 -11 33 ) (-41 -11 -65 ) (-41 -18 -65 ) 
4 100 104 (-41 -64 -65 ) (-41 -64 33 ) (-41 -58 33 ) (-41 -58 -65 ) 
4 101 102 (-41 -18 26.485001 ) (-41 -18 33 ) (-42 -18 33 ) (-42 -18 26.485001 ) 
4 101 103 (-41 -18 -65 ) (-41 -18 -64 ) (-42 -18 -64 ) (-42 -18 -65 ) 
4 102 104 (-41 -58 26.485001 ) (-41 -58 33 ) (-42 -58 33 ) (-42 -58 26.485001 ) 
4 103 104 (-41 -58 -65 ) (-41 -58 -64 ) (-42 -58 -64 ) (-42 -58 -65 ) 
