


materialPath: C:\Program Files (x86)\Steam\steamapps\sourcemods\who\materials
Loading c:\program files (x86)\steam\steamapps\sourcemods\who\maps\hostel.vmf
Could not locate 'GameData' key in c:\program files (x86)\steam\steamapps\sourcemods\who\gameinfo.txt
fixing up env_cubemap materials on brush sides...
0...1...2...3...4...5Brush 128: WARNING, microbrush
Brush 132: WARNING, microbrush
...6...7..Brush 156: WARNING, microbrush
Brush 154: WARNING, microbrush
Brush 163: WARNING, microbrush
Brush 164: WARNING, microbrush
.8...9...100...1...2...3...4...5Brush 128: WARNING, microbrush
Brush 132: WARNING, microbrush
...6...7..Brush 156: WARNING, microbrush
Brush 154: WARNING, microbrush
Brush 163: WARNING, microbrush
Brush 164: WARNING, microbrush
.8...9...10Processing areas...done (0)
Building Faces...done (0)
FixTjuncs...
PruneNodes...
WriteBSP...
done (0)
writing c:\program files (x86)\steam\steamapps\sourcemods\who\maps\hostel.prt...Building visibility clusters...
done (0)
Creating default LDR cubemaps for env_cubemap using skybox materials:
   skybox/sky_day01_01*.vmt
 ! Run buildcubemaps in the engine to get the correct cube maps.
Creating default HDR cubemaps for env_cubemap using skybox materials:
   skybox/sky_day01_01*.vmt
 ! Run buildcubemaps in the engine to get the correct cube maps.
Finding displacement neighbors...
Finding lightmap sample positions...
Displacement Alpha : 0...1...2...3...4...5...6...7...8...9...10
ConVarRef mat_reduceparticles doesn't point to an existing ConVar
Building Physics collision data...
done (0) (39642 bytes)
Placing detail props : 0...1...2...3...4...5...6...7...8...9...10
Compacting texture/material tables...
Reduced 302 texinfos to 159
Reduced 9 texdatas to 9 (200 bytes to 200)
Writing c:\program files (x86)\steam\steamapps\sourcemods\who\maps\hostel.bsp
0 seconds elapsed



8 threads
reading c:\program files (x86)\steam\steamapps\sourcemods\who\maps\hostel.bsp
reading c:\program files (x86)\steam\steamapps\sourcemods\who\maps\hostel.prt
 104 portalclusters
 235 numportals
0...1...2...3...4...5...6...7...8...9...100...1...2...3...4...5...6...7...8...9...10Optimized: 0 visible clusters (0.00%)
Total clusters visible: 9354
Average clusters visible: 89
Building PAS...
Average clusters audible: 103
visdatasize:3533  compressed from 3328
writing c:\program files (x86)\steam\steamapps\sourcemods\who\maps\hostel.bsp
0 seconds elapsed



Could not find lights.rad in lights.rad.
Trying VRAD BIN directory instead...
Warning: Couldn't open texlight file C:\Program Files (x86)\Steam\steamapps\common\Source SDK Base 2013 Singleplayer\bin\lights.rad.
Loading c:\program files (x86)\steam\steamapps\sourcemods\who\maps\hostel.bsp
467 faces
1654 square feet [238264.38 square inches]
0 Displacements
0 Square Feet [0.00 Square Inches]
467 patches before subdivision
11767 patches after subdivision
3 direct lights
0...1...2...3...4...5...6...7...8...9...100...1...2...3...4...5...6...7...8...9...10transfers 2437097, max 589
transfer lists:  18.6 megs
0...1...2...3...4...5...6...7...8...9...10	Bounce #1 added RGB(76904, 30939, 5908)
0...1...2...3...4...5...6...7...8...9...10	Bounce #2 added RGB(42939, 14115, 2280)
0...1...2...3...4...5...6...7...8...9...10	Bounce #3 added RGB(21442, 5806, 828)
0...1...2...3...4...5...6...7...8...9...10	Bounce #4 added RGB(11612, 2584, 330)
0...1...2...3...4...5...6...7...8...9...10	Bounce #5 added RGB(6127, 1135, 131)
0...1...2...3...4...5...6...7...8...9...10	Bounce #6 added RGB(3289, 504, 53)
0...1...2...3...4...5...6...7...8...9...10	Bounce #7 added RGB(1757, 224, 22)
0...1...2...3...4...5...6...7...8...9...10	Bounce #8 added RGB(942, 99, 9)
0...1...2...3...4...5...6...7...8...9...10	Bounce #9 added RGB(505, 44, 4)
0...1...2...3...4...5...6...7...8...9...10	Bounce #10 added RGB(271, 20, 1)
0...1...2...3...4...5...6...7...8...9...10	Bounce #11 added RGB(145, 9, 1)
0...1...2...3...4...5...6...7...8...9...10	Bounce #12 added RGB(78, 4, 0)
0...1...2...3...4...5...6...7...8...9...10	Bounce #13 added RGB(42, 2, 0)
0...1...2...3...4...5...6...7...8...9...10	Bounce #14 added RGB(22, 1, 0)
0...1...2...3...4...5...6...7...8...9...10	Bounce #15 added RGB(12, 0, 0)
0...1...2...3...4...5...6...7...8...9...10	Bounce #16 added RGB(6, 0, 0)
0...1...2...3...4...5...6...7...8...9...10	Bounce #17 added RGB(3, 0, 0)
0...1...2...3...4...5...6...7...8...9...10	Bounce #18 added RGB(2, 0, 0)
0...1...2...3...4...5...6...7...8...9...10	Bounce #19 added RGB(1, 0, 0)
0...1...2...3...4...5...6...7...8...9...10	Bounce #20 added RGB(1, 0, 0)
Build Patch/Sample Hash Table(s).....Done<0.0022 sec>
0...1...2...3...4...5...6...7...8...9...10FinalLightFace Done
0 of 0 (0% of) surface lights went in leaf ambient cubes.
0...1...2...3...4...5...6...7...8...9...10Writing leaf ambient...done
Ready to Finish

Object names       Objects/Maxobjs  Memory / Maxmem  Fullness 
------------       ---------------  ---------------  -------- 
models                   1/1024           48/49152    ( 0.1%) 
brushes                122/8192         1464/98304    ( 1.5%) 
brushsides             760/65536        6080/524288   ( 1.2%) 
planes                 358/65536        7160/1310720  ( 0.5%) 
vertexes               908/65536       10896/786432   ( 1.4%) 
nodes                  236/65536        7552/2097152  ( 0.4%) 
texinfos               159/12288       11448/884736   ( 1.3%) 
texdata                  9/2048          288/65536    ( 0.4%) 
dispinfos                0/0               0/0        ( 0.0%) 
disp_verts               0/0               0/0        ( 0.0%) 
disp_tris                0/0               0/0        ( 0.0%) 
disp_lmsamples           0/0               0/0        ( 0.0%) 
faces                  467/65536       26152/3670016  ( 0.7%) 
hdr faces                0/65536           0/3670016  ( 0.0%) 
origfaces              256/65536       14336/3670016  ( 0.4%) 
leaves                 238/65536        7616/2097152  ( 0.4%) 
leaffaces              596/65536        1192/131072   ( 0.9%) 
leafbrushes            260/65536         520/131072   ( 0.4%) 
areas                    2/256            16/2048     ( 0.8%) 
surfedges             3269/512000      13076/2048000  ( 0.6%) 
edges                 1919/256000       7676/1024000  ( 0.7%) 
LDR worldlights          3/8192          264/720896   ( 0.0%) 
HDR worldlights          0/8192            0/720896   ( 0.0%) 
leafwaterdata            0/32768           0/393216   ( 0.0%) 
waterstrips             55/32768         550/327680   ( 0.2%) 
waterverts               0/65536           0/786432   ( 0.0%) 
waterindices           798/65536        1596/131072   ( 1.2%) 
cubemapsamples           0/1024            0/16384    ( 0.0%) 
overlays                 3/512          1056/180224   ( 0.6%) 
LDR lightdata         [variable]     1181500/0        ( 0.0%) 
HDR lightdata         [variable]           0/0        ( 0.0%) 
visdata               [variable]        3533/16777216 ( 0.0%) 
entdata               [variable]        8701/393216   ( 2.2%) 
LDR ambient table      238/65536         952/262144   ( 0.4%) 
HDR ambient table      238/65536         952/262144   ( 0.4%) 
LDR leaf ambient       202/65536        5656/1835008  ( 0.3%) 
HDR leaf ambient       238/65536        6664/1835008  ( 0.4%) 
occluders                0/0               0/0        ( 0.0%) 
occluder polygons        0/0               0/0        ( 0.0%) 
occluder vert ind        0/0               0/0        ( 0.0%) 
detail props          [variable]           1/12       ( 8.3%) 
static props          [variable]           1/12       ( 8.3%) 
pakfile               [variable]      105655/0        ( 0.0%) 
physics               [variable]       39642/4194304  ( 0.9%) 
physics terrain       [variable]           2/1048576  ( 0.0%) 

Level flags = 0

Total triangle count: 1320
Writing c:\program files (x86)\steam\steamapps\sourcemods\who\maps\hostel.bsp
1 second elapsed



Could not find lights.rad in lights.rad.
Trying VRAD BIN directory instead...
Warning: Couldn't open texlight file C:\Program Files (x86)\Steam\steamapps\common\Source SDK Base 2013 Singleplayer\bin\lights.rad.
Loading c:\program files (x86)\steam\steamapps\sourcemods\who\maps\hostel.bsp
467 faces
1654 square feet [238264.38 square inches]
0 Displacements
0 Square Feet [0.00 Square Inches]
467 patches before subdivision
11767 patches after subdivision
3 direct lights
0...1...2...3...4...5...6...7...8...9...100...1...2...3...4...5...6...7...8...9...10transfers 2437097, max 589
transfer lists:  18.6 megs
0...1...2...3...4...5...6...7...8...9...10	Bounce #1 added RGB(76904, 30939, 5908)
0...1...2...3...4...5...6...7...8...9...10	Bounce #2 added RGB(42939, 14115, 2280)
0...1...2...3...4...5...6...7...8...9...10	Bounce #3 added RGB(21442, 5806, 828)
0...1...2...3...4...5...6...7...8...9...10	Bounce #4 added RGB(11612, 2584, 330)
0...1...2...3...4...5...6...7...8...9...10	Bounce #5 added RGB(6127, 1135, 131)
0...1...2...3...4...5...6...7...8...9...10	Bounce #6 added RGB(3289, 504, 53)
0...1...2...3...4...5...6...7...8...9...10	Bounce #7 added RGB(1757, 224, 22)
0...1...2...3...4...5...6...7...8...9...10	Bounce #8 added RGB(942, 99, 9)
0...1...2...3...4...5...6...7...8...9...10	Bounce #9 added RGB(505, 44, 4)
0...1...2...3...4...5...6...7...8...9...10	Bounce #10 added RGB(271, 20, 1)
0...1...2...3...4...5...6...7...8...9...10	Bounce #11 added RGB(145, 9, 1)
0...1...2...3...4...5...6...7...8...9...10	Bounce #12 added RGB(78, 4, 0)
0...1...2...3...4...5...6...7...8...9...10	Bounce #13 added RGB(42, 2, 0)
0...1...2...3...4...5...6...7...8...9...10	Bounce #14 added RGB(22, 1, 0)
0...1...2...3...4...5...6...7...8...9...10	Bounce #15 added RGB(12, 0, 0)
0...1...2...3...4...5...6...7...8...9...10	Bounce #16 added RGB(6, 0, 0)
0...1...2...3...4...5...6...7...8...9...10	Bounce #17 added RGB(3, 0, 0)
0...1...2...3...4...5...6...7...8...9...10	Bounce #18 added RGB(2, 0, 0)
0...1...2...3...4...5...6...7...8...9...10	Bounce #19 added RGB(1, 0, 0)
0...1...2...3...4...5...6...7...8...9...10	Bounce #20 added RGB(1, 0, 0)
Build Patch/Sample Hash Table(s).....Done<0.0022 sec>
0...1...2...3...4...5...6...7...8...9...10FinalLightFace Done
0 of 0 (0% of) surface lights went in leaf ambient cubes.
0...1...2...3...4...5...6...7...8...9...10Writing leaf ambient...done
Ready to Finish

Object names       Objects/Maxobjs  Memory / Maxmem  Fullness 
------------       ---------------  ---------------  -------- 
models                   1/1024           48/49152    ( 0.1%) 
brushes                122/8192         1464/98304    ( 1.5%) 
brushsides             760/65536        6080/524288   ( 1.2%) 
planes                 358/65536        7160/1310720  ( 0.5%) 
vertexes               908/65536       10896/786432   ( 1.4%) 
nodes                  236/65536        7552/2097152  ( 0.4%) 
texinfos               159/12288       11448/884736   ( 1.3%) 
texdata                  9/2048          288/65536    ( 0.4%) 
dispinfos                0/0               0/0        ( 0.0%) 
disp_verts               0/0               0/0        ( 0.0%) 
disp_tris                0/0               0/0        ( 0.0%) 
disp_lmsamples           0/0               0/0        ( 0.0%) 
faces                  467/65536       26152/3670016  ( 0.7%) 
hdr faces              467/65536       26152/3670016  ( 0.7%) 
origfaces              256/65536       14336/3670016  ( 0.4%) 
leaves                 238/65536        7616/2097152  ( 0.4%) 
leaffaces              596/65536        1192/131072   ( 0.9%) 
leafbrushes            260/65536         520/131072   ( 0.4%) 
areas                    2/256            16/2048     ( 0.8%) 
surfedges             3269/512000      13076/2048000  ( 0.6%) 
edges                 1919/256000       7676/1024000  ( 0.7%) 
LDR worldlights          3/8192          264/720896   ( 0.0%) 
HDR worldlights          3/8192          264/720896   ( 0.0%) 
leafwaterdata            0/32768           0/393216   ( 0.0%) 
waterstrips             55/32768         550/327680   ( 0.2%) 
waterverts               0/65536           0/786432   ( 0.0%) 
waterindices           798/65536        1596/131072   ( 1.2%) 
cubemapsamples           0/1024            0/16384    ( 0.0%) 
overlays                 3/512          1056/180224   ( 0.6%) 
LDR lightdata         [variable]     1181500/0        ( 0.0%) 
HDR lightdata         [variable]     1181500/0        ( 0.0%) 
visdata               [variable]        3533/16777216 ( 0.0%) 
entdata               [variable]        8701/393216   ( 2.2%) 
LDR ambient table      238/65536         952/262144   ( 0.4%) 
HDR ambient table      238/65536         952/262144   ( 0.4%) 
LDR leaf ambient       202/65536        5656/1835008  ( 0.3%) 
HDR leaf ambient       202/65536        5656/1835008  ( 0.3%) 
occluders                0/0               0/0        ( 0.0%) 
occluder polygons        0/0               0/0        ( 0.0%) 
occluder vert ind        0/0               0/0        ( 0.0%) 
detail props          [variable]           1/12       ( 8.3%) 
static props          [variable]           1/12       ( 8.3%) 
pakfile               [variable]      105655/0        ( 0.0%) 
physics               [variable]       39642/4194304  ( 0.9%) 
physics terrain       [variable]           2/1048576  ( 0.0%) 

Level flags = 0

Total triangle count: 1320
Writing c:\program files (x86)\steam\steamapps\sourcemods\who\maps\hostel.bsp
1 second elapsed



materialPath: C:\Program Files (x86)\Steam\steamapps\sourcemods\who\materials
Loading c:\program files (x86)\steam\steamapps\sourcemods\who\maps\hostel.vmf
Could not locate 'GameData' key in c:\program files (x86)\steam\steamapps\sourcemods\who\gameinfo.txt
fixing up env_cubemap materials on brush sides...
0...1...2...3...4...5Brush 128: WARNING, microbrush
Brush 132: WARNING, microbrush
...6...7..Brush 156: WARNING, microbrush
Brush 154: WARNING, microbrush
Brush 163: WARNING, microbrush
Brush 164: WARNING, microbrush
.8...9...100...1...2...3...4...5Brush 128: WARNING, microbrush
Brush 132: WARNING, microbrush
...6...7..Brush 156: WARNING, microbrush
Brush 154: WARNING, microbrush
Brush 163: WARNING, microbrush
Brush 164: WARNING, microbrush
.8...9...10Processing areas...done (0)
Building Faces...done (0)
FixTjuncs...
PruneNodes...
WriteBSP...
done (0)
writing c:\program files (x86)\steam\steamapps\sourcemods\who\maps\hostel.prt...Building visibility clusters...
done (0)
Creating default LDR cubemaps for env_cubemap using skybox materials:
   skybox/sky_day01_01*.vmt
 ! Run buildcubemaps in the engine to get the correct cube maps.
Creating default HDR cubemaps for env_cubemap using skybox materials:
   skybox/sky_day01_01*.vmt
 ! Run buildcubemaps in the engine to get the correct cube maps.
Finding displacement neighbors...
Finding lightmap sample positions...
Displacement Alpha : 0...1...2...3...4...5...6...7...8...9...10
ConVarRef mat_reduceparticles doesn't point to an existing ConVar
Building Physics collision data...
done (0) (39642 bytes)
Placing detail props : 0...1...2...3...4...5...6...7...8...9...10
Compacting texture/material tables...
Reduced 302 texinfos to 159
Reduced 9 texdatas to 9 (200 bytes to 200)
Writing c:\program files (x86)\steam\steamapps\sourcemods\who\maps\hostel.bsp
0 seconds elapsed



8 threads
reading c:\program files (x86)\steam\steamapps\sourcemods\who\maps\hostel.bsp
reading c:\program files (x86)\steam\steamapps\sourcemods\who\maps\hostel.prt
 104 portalclusters
 235 numportals
0...1...2...3...4...5...6...7...8...9...100...1...2...3...4...5...6...7...8...9...10Optimized: 0 visible clusters (0.00%)
Total clusters visible: 9354
Average clusters visible: 89
Building PAS...
Average clusters audible: 103
visdatasize:3533  compressed from 3328
writing c:\program files (x86)\steam\steamapps\sourcemods\who\maps\hostel.bsp
0 seconds elapsed



Could not find lights.rad in lights.rad.
Trying VRAD BIN directory instead...
Warning: Couldn't open texlight file C:\Program Files (x86)\Steam\steamapps\common\Source SDK Base 2013 Singleplayer\bin\lights.rad.
Loading c:\program files (x86)\steam\steamapps\sourcemods\who\maps\hostel.bsp
467 faces
1654 square feet [238264.38 square inches]
0 Displacements
0 Square Feet [0.00 Square Inches]
467 patches before subdivision
11767 patches after subdivision
3 direct lights
0...1...2...3...4...5...6...7...8...9...100...1...2...3...4...5...6...7...8...9...10transfers 2437097, max 589
transfer lists:  18.6 megs
0...1...2...3...4...5...6...7...8...9...10	Bounce #1 added RGB(76904, 30939, 5908)
0...1...2...3...4...5...6...7...8...9...10	Bounce #2 added RGB(42939, 14115, 2280)
0...1...2...3...4...5...6...7...8...9...10	Bounce #3 added RGB(21442, 5806, 828)
0...1...2...3...4...5...6...7...8...9...10	Bounce #4 added RGB(11612, 2584, 330)
0...1...2...3...4...5...6...7...8...9...10	Bounce #5 added RGB(6127, 1135, 131)
0...1...2...3...4...5...6...7...8...9...10	Bounce #6 added RGB(3289, 504, 53)
0...1...2...3...4...5...6...7...8...9...10	Bounce #7 added RGB(1757, 224, 22)
0...1...2...3...4...5...6...7...8...9...10	Bounce #8 added RGB(942, 99, 9)
0...1...2...3...4...5...6...7...8...9...10	Bounce #9 added RGB(505, 44, 4)
0...1...2...3...4...5...6...7...8...9...10	Bounce #10 added RGB(271, 20, 1)
0...1...2...3...4...5...6...7...8...9...10	Bounce #11 added RGB(145, 9, 1)
0...1...2...3...4...5...6...7...8...9...10	Bounce #12 added RGB(78, 4, 0)
0...1...2...3...4...5...6...7...8...9...10	Bounce #13 added RGB(42, 2, 0)
0...1...2...3...4...5...6...7...8...9...10	Bounce #14 added RGB(22, 1, 0)
0...1...2...3...4...5...6...7...8...9...10	Bounce #15 added RGB(12, 0, 0)
0...1...2...3...4...5...6...7...8...9...10	Bounce #16 added RGB(6, 0, 0)
0...1...2...3...4...5...6...7...8...9...10	Bounce #17 added RGB(3, 0, 0)
0...1...2...3...4...5...6...7...8...9...10	Bounce #18 added RGB(2, 0, 0)
0...1...2...3...4...5...6...7...8...9...10	Bounce #19 added RGB(1, 0, 0)
0...1...2...3...4...5...6...7...8...9...10	Bounce #20 added RGB(1, 0, 0)
Build Patch/Sample Hash Table(s).....Done<0.0023 sec>
0...1...2...3...4...5...6...7...8...9...10FinalLightFace Done
0 of 0 (0% of) surface lights went in leaf ambient cubes.
0...1...2...3...4...5...6...7...8...9...10Writing leaf ambient...done
Ready to Finish

Object names       Objects/Maxobjs  Memory / Maxmem  Fullness 
------------       ---------------  ---------------  -------- 
models                   1/1024           48/49152    ( 0.1%) 
brushes                122/8192         1464/98304    ( 1.5%) 
brushsides             760/65536        6080/524288   ( 1.2%) 
planes                 358/65536        7160/1310720  ( 0.5%) 
vertexes               908/65536       10896/786432   ( 1.4%) 
nodes                  236/65536        7552/2097152  ( 0.4%) 
texinfos               159/12288       11448/884736   ( 1.3%) 
texdata                  9/2048          288/65536    ( 0.4%) 
dispinfos                0/0               0/0        ( 0.0%) 
disp_verts               0/0               0/0        ( 0.0%) 
disp_tris                0/0               0/0        ( 0.0%) 
disp_lmsamples           0/0               0/0        ( 0.0%) 
faces                  467/65536       26152/3670016  ( 0.7%) 
hdr faces                0/65536           0/3670016  ( 0.0%) 
origfaces              256/65536       14336/3670016  ( 0.4%) 
leaves                 238/65536        7616/2097152  ( 0.4%) 
leaffaces              596/65536        1192/131072   ( 0.9%) 
leafbrushes            260/65536         520/131072   ( 0.4%) 
areas                    2/256            16/2048     ( 0.8%) 
surfedges             3269/512000      13076/2048000  ( 0.6%) 
edges                 1919/256000       7676/1024000  ( 0.7%) 
LDR worldlights          3/8192          264/720896   ( 0.0%) 
HDR worldlights          0/8192            0/720896   ( 0.0%) 
leafwaterdata            0/32768           0/393216   ( 0.0%) 
waterstrips             55/32768         550/327680   ( 0.2%) 
waterverts               0/65536           0/786432   ( 0.0%) 
waterindices           798/65536        1596/131072   ( 1.2%) 
cubemapsamples           0/1024            0/16384    ( 0.0%) 
overlays                 3/512          1056/180224   ( 0.6%) 
LDR lightdata         [variable]     1181500/0        ( 0.0%) 
HDR lightdata         [variable]           0/0        ( 0.0%) 
visdata               [variable]        3533/16777216 ( 0.0%) 
entdata               [variable]        9105/393216   ( 2.3%) 
LDR ambient table      238/65536         952/262144   ( 0.4%) 
HDR ambient table      238/65536         952/262144   ( 0.4%) 
LDR leaf ambient       202/65536        5656/1835008  ( 0.3%) 
HDR leaf ambient       238/65536        6664/1835008  ( 0.4%) 
occluders                0/0               0/0        ( 0.0%) 
occluder polygons        0/0               0/0        ( 0.0%) 
occluder vert ind        0/0               0/0        ( 0.0%) 
detail props          [variable]           1/12       ( 8.3%) 
static props          [variable]           1/12       ( 8.3%) 
pakfile               [variable]      105655/0        ( 0.0%) 
physics               [variable]       39642/4194304  ( 0.9%) 
physics terrain       [variable]           2/1048576  ( 0.0%) 

Level flags = 0

Total triangle count: 1320
Writing c:\program files (x86)\steam\steamapps\sourcemods\who\maps\hostel.bsp
1 second elapsed



Could not find lights.rad in lights.rad.
Trying VRAD BIN directory instead...
Warning: Couldn't open texlight file C:\Program Files (x86)\Steam\steamapps\common\Source SDK Base 2013 Singleplayer\bin\lights.rad.
Loading c:\program files (x86)\steam\steamapps\sourcemods\who\maps\hostel.bsp
467 faces
1654 square feet [238264.38 square inches]
0 Displacements
0 Square Feet [0.00 Square Inches]
467 patches before subdivision
11767 patches after subdivision
3 direct lights
0...1...2...3...4...5...6...7...8...9...100...1...2...3...4...5...6...7...8...9...10transfers 2437097, max 589
transfer lists:  18.6 megs
0...1...2...3...4...5...6...7...8...9...10	Bounce #1 added RGB(76904, 30940, 5908)
0...1...2...3...4...5...6...7...8...9...10	Bounce #2 added RGB(42939, 14115, 2280)
0...1...2...3...4...5...6...7...8...9...10	Bounce #3 added RGB(21442, 5806, 828)
0...1...2...3...4...5...6...7...8...9...10	Bounce #4 added RGB(11612, 2584, 330)
0...1...2...3...4...5...6...7...8...9...10	Bounce #5 added RGB(6127, 1135, 131)
0...1...2...3...4...5...6...7...8...9...10	Bounce #6 added RGB(3289, 504, 53)
0...1...2...3...4...5...6...7...8...9...10	Bounce #7 added RGB(1757, 224, 22)
0...1...2...3...4...5...6...7...8...9...10	Bounce #8 added RGB(942, 99, 9)
0...1...2...3...4...5...6...7...8...9...10	Bounce #9 added RGB(505, 44, 4)
0...1...2...3...4...5...6...7...8...9...10	Bounce #10 added RGB(271, 20, 1)
0...1...2...3...4...5...6...7...8...9...10	Bounce #11 added RGB(145, 9, 1)
0...1...2...3...4...5...6...7...8...9...10	Bounce #12 added RGB(78, 4, 0)
0...1...2...3...4...5...6...7...8...9...10	Bounce #13 added RGB(42, 2, 0)
0...1...2...3...4...5...6...7...8...9...10	Bounce #14 added RGB(22, 1, 0)
0...1...2...3...4...5...6...7...8...9...10	Bounce #15 added RGB(12, 0, 0)
0...1...2...3...4...5...6...7...8...9...10	Bounce #16 added RGB(6, 0, 0)
0...1...2...3...4...5...6...7...8...9...10	Bounce #17 added RGB(3, 0, 0)
0...1...2...3...4...5...6...7...8...9...10	Bounce #18 added RGB(2, 0, 0)
0...1...2...3...4...5...6...7...8...9...10	Bounce #19 added RGB(1, 0, 0)
0...1...2...3...4...5...6...7...8...9...10	Bounce #20 added RGB(1, 0, 0)
Build Patch/Sample Hash Table(s).....Done<0.0022 sec>
0...1...2...3...4...5...6...7...8...9...10FinalLightFace Done
0 of 0 (0% of) surface lights went in leaf ambient cubes.
0...1...2...3...4...5...6...7...8...9...10Writing leaf ambient...done
Ready to Finish

Object names       Objects/Maxobjs  Memory / Maxmem  Fullness 
------------       ---------------  ---------------  -------- 
models                   1/1024           48/49152    ( 0.1%) 
brushes                122/8192         1464/98304    ( 1.5%) 
brushsides             760/65536        6080/524288   ( 1.2%) 
planes                 358/65536        7160/1310720  ( 0.5%) 
vertexes               908/65536       10896/786432   ( 1.4%) 
nodes                  236/65536        7552/2097152  ( 0.4%) 
texinfos               159/12288       11448/884736   ( 1.3%) 
texdata                  9/2048          288/65536    ( 0.4%) 
dispinfos                0/0               0/0        ( 0.0%) 
disp_verts               0/0               0/0        ( 0.0%) 
disp_tris                0/0               0/0        ( 0.0%) 
disp_lmsamples           0/0               0/0        ( 0.0%) 
faces                  467/65536       26152/3670016  ( 0.7%) 
hdr faces              467/65536       26152/3670016  ( 0.7%) 
origfaces              256/65536       14336/3670016  ( 0.4%) 
leaves                 238/65536        7616/2097152  ( 0.4%) 
leaffaces              596/65536        1192/131072   ( 0.9%) 
leafbrushes            260/65536         520/131072   ( 0.4%) 
areas                    2/256            16/2048     ( 0.8%) 
surfedges             3269/512000      13076/2048000  ( 0.6%) 
edges                 1919/256000       7676/1024000  ( 0.7%) 
LDR worldlights          3/8192          264/720896   ( 0.0%) 
HDR worldlights          3/8192          264/720896   ( 0.0%) 
leafwaterdata            0/32768           0/393216   ( 0.0%) 
waterstrips             55/32768         550/327680   ( 0.2%) 
waterverts               0/65536           0/786432   ( 0.0%) 
waterindices           798/65536        1596/131072   ( 1.2%) 
cubemapsamples           0/1024            0/16384    ( 0.0%) 
overlays                 3/512          1056/180224   ( 0.6%) 
LDR lightdata         [variable]     1181500/0        ( 0.0%) 
HDR lightdata         [variable]     1181500/0        ( 0.0%) 
visdata               [variable]        3533/16777216 ( 0.0%) 
entdata               [variable]        9105/393216   ( 2.3%) 
LDR ambient table      238/65536         952/262144   ( 0.4%) 
HDR ambient table      238/65536         952/262144   ( 0.4%) 
LDR leaf ambient       202/65536        5656/1835008  ( 0.3%) 
HDR leaf ambient       202/65536        5656/1835008  ( 0.3%) 
occluders                0/0               0/0        ( 0.0%) 
occluder polygons        0/0               0/0        ( 0.0%) 
occluder vert ind        0/0               0/0        ( 0.0%) 
detail props          [variable]           1/12       ( 8.3%) 
static props          [variable]           1/12       ( 8.3%) 
pakfile               [variable]      105655/0        ( 0.0%) 
physics               [variable]       39642/4194304  ( 0.9%) 
physics terrain       [variable]           2/1048576  ( 0.0%) 

Level flags = 0

Total triangle count: 1320
Writing c:\program files (x86)\steam\steamapps\sourcemods\who\maps\hostel.bsp
1 second elapsed



materialPath: C:\Program Files (x86)\Steam\steamapps\sourcemods\who\materials
Loading c:\program files (x86)\steam\steamapps\sourcemods\who\maps\hostel.vmf
Could not locate 'GameData' key in c:\program files (x86)\steam\steamapps\sourcemods\who\gameinfo.txt
fixing up env_cubemap materials on brush sides...
0...1...2...3...4...5Brush 128: WARNING, microbrush
Brush 132: WARNING, microbrush
...6...7..Brush 156: WARNING, microbrush
Brush 154: WARNING, microbrush
Brush 163: WARNING, microbrush
Brush 164: WARNING, microbrush
.8...9...100...1...2...3...4...5Brush 128: WARNING, microbrush
Brush 132: WARNING, microbrush
...6...7..Brush 156: WARNING, microbrush
Brush 154: WARNING, microbrush
Brush 163: WARNING, microbrush
Brush 164: WARNING, microbrush
.8...9...10Processing areas...done (0)
Building Faces...done (0)
FixTjuncs...
PruneNodes...
WriteBSP...
done (0)
writing c:\program files (x86)\steam\steamapps\sourcemods\who\maps\hostel.prt...Building visibility clusters...
done (0)
Creating default LDR cubemaps for env_cubemap using skybox materials:
   skybox/sky_day01_01*.vmt
 ! Run buildcubemaps in the engine to get the correct cube maps.
Creating default HDR cubemaps for env_cubemap using skybox materials:
   skybox/sky_day01_01*.vmt
 ! Run buildcubemaps in the engine to get the correct cube maps.
Finding displacement neighbors...
Finding lightmap sample positions...
Displacement Alpha : 0...1...2...3...4...5...6...7...8...9...10
ConVarRef mat_reduceparticles doesn't point to an existing ConVar
Building Physics collision data...
done (0) (39642 bytes)
Placing detail props : 0...1...2...3...4...5...6...7...8...9...10
Compacting texture/material tables...
Reduced 302 texinfos to 159
Reduced 9 texdatas to 9 (200 bytes to 200)
Writing c:\program files (x86)\steam\steamapps\sourcemods\who\maps\hostel.bsp
0 seconds elapsed



8 threads
reading c:\program files (x86)\steam\steamapps\sourcemods\who\maps\hostel.bsp
reading c:\program files (x86)\steam\steamapps\sourcemods\who\maps\hostel.prt
 104 portalclusters
 235 numportals
0...1...2...3...4...5...6...7...8...9...100...1...2...3...4...5...6...7...8...9...10Optimized: 0 visible clusters (0.00%)
Total clusters visible: 9354
Average clusters visible: 89
Building PAS...
Average clusters audible: 103
visdatasize:3533  compressed from 3328
writing c:\program files (x86)\steam\steamapps\sourcemods\who\maps\hostel.bsp
0 seconds elapsed



Could not find lights.rad in lights.rad.
Trying VRAD BIN directory instead...
Warning: Couldn't open texlight file C:\Program Files (x86)\Steam\steamapps\common\Source SDK Base 2013 Singleplayer\bin\lights.rad.
Loading c:\program files (x86)\steam\steamapps\sourcemods\who\maps\hostel.bsp
467 faces
1654 square feet [238264.38 square inches]
0 Displacements
0 Square Feet [0.00 Square Inches]
467 patches before subdivision
11767 patches after subdivision
3 direct lights
0...1...2...3...4...5...6...7...8...9...100...1...2...3...4...5...6...7...8...9...10transfers 2437097, max 589
transfer lists:  18.6 megs
0...1...2...3...4...5...6...7...8...9...10	Bounce #1 added RGB(76904, 30939, 5908)
0...1...2...3...4...5...6...7...8...9...10	Bounce #2 added RGB(42939, 14115, 2280)
0...1...2...3...4...5...6...7...8...9...10	Bounce #3 added RGB(21442, 5806, 828)
0...1...2...3...4...5...6...7...8...9...10	Bounce #4 added RGB(11612, 2584, 330)
0...1...2...3...4...5...6...7...8...9...10	Bounce #5 added RGB(6127, 1135, 131)
0...1...2...3...4...5...6...7...8...9...10	Bounce #6 added RGB(3289, 504, 53)
0...1...2...3...4...5...6...7...8...9...10	Bounce #7 added RGB(1757, 224, 22)
0...1...2...3...4...5...6...7...8...9...10	Bounce #8 added RGB(942, 99, 9)
0...1...2...3...4...5...6...7...8...9...10	Bounce #9 added RGB(505, 44, 4)
0...1...2...3...4...5...6...7...8...9...10	Bounce #10 added RGB(271, 20, 1)
0...1...2...3...4...5...6...7...8...9...10	Bounce #11 added RGB(145, 9, 1)
0...1...2...3...4...5...6...7...8...9...10	Bounce #12 added RGB(78, 4, 0)
0...1...2...3...4...5...6...7...8...9...10	Bounce #13 added RGB(42, 2, 0)
0...1...2...3...4...5...6...7...8...9...10	Bounce #14 added RGB(22, 1, 0)
0...1...2...3...4...5...6...7...8...9...10	Bounce #15 added RGB(12, 0, 0)
0...1...2...3...4...5...6...7...8...9...10	Bounce #16 added RGB(6, 0, 0)
0...1...2...3...4...5...6...7...8...9...10	Bounce #17 added RGB(3, 0, 0)
0...1...2...3...4...5...6...7...8...9...10	Bounce #18 added RGB(2, 0, 0)
0...1...2...3...4...5...6...7...8...9...10	Bounce #19 added RGB(1, 0, 0)
0...1...2...3...4...5...6...7...8...9...10	Bounce #20 added RGB(1, 0, 0)
Build Patch/Sample Hash Table(s).....Done<0.0023 sec>
0...1...2...3...4...5...6...7...8...9...10FinalLightFace Done
0 of 0 (0% of) surface lights went in leaf ambient cubes.
0...1...2...3...4...5...6...7...8...9...10Writing leaf ambient...done
Ready to Finish

Object names       Objects/Maxobjs  Memory / Maxmem  Fullness 
------------       ---------------  ---------------  -------- 
models                   1/1024           48/49152    ( 0.1%) 
brushes                122/8192         1464/98304    ( 1.5%) 
brushsides             760/65536        6080/524288   ( 1.2%) 
planes                 358/65536        7160/1310720  ( 0.5%) 
vertexes               908/65536       10896/786432   ( 1.4%) 
nodes                  236/65536        7552/2097152  ( 0.4%) 
texinfos               159/12288       11448/884736   ( 1.3%) 
texdata                  9/2048          288/65536    ( 0.4%) 
dispinfos                0/0               0/0        ( 0.0%) 
disp_verts               0/0               0/0        ( 0.0%) 
disp_tris                0/0               0/0        ( 0.0%) 
disp_lmsamples           0/0               0/0        ( 0.0%) 
faces                  467/65536       26152/3670016  ( 0.7%) 
hdr faces                0/65536           0/3670016  ( 0.0%) 
origfaces              256/65536       14336/3670016  ( 0.4%) 
leaves                 238/65536        7616/2097152  ( 0.4%) 
leaffaces              596/65536        1192/131072   ( 0.9%) 
leafbrushes            260/65536         520/131072   ( 0.4%) 
areas                    2/256            16/2048     ( 0.8%) 
surfedges             3269/512000      13076/2048000  ( 0.6%) 
edges                 1919/256000       7676/1024000  ( 0.7%) 
LDR worldlights          3/8192          264/720896   ( 0.0%) 
HDR worldlights          0/8192            0/720896   ( 0.0%) 
leafwaterdata            0/32768           0/393216   ( 0.0%) 
waterstrips             55/32768         550/327680   ( 0.2%) 
waterverts               0/65536           0/786432   ( 0.0%) 
waterindices           798/65536        1596/131072   ( 1.2%) 
cubemapsamples           0/1024            0/16384    ( 0.0%) 
overlays                 3/512          1056/180224   ( 0.6%) 
LDR lightdata         [variable]     1181500/0        ( 0.0%) 
HDR lightdata         [variable]           0/0        ( 0.0%) 
visdata               [variable]        3533/16777216 ( 0.0%) 
entdata               [variable]        9105/393216   ( 2.3%) 
LDR ambient table      238/65536         952/262144   ( 0.4%) 
HDR ambient table      238/65536         952/262144   ( 0.4%) 
LDR leaf ambient       202/65536        5656/1835008  ( 0.3%) 
HDR leaf ambient       238/65536        6664/1835008  ( 0.4%) 
occluders                0/0               0/0        ( 0.0%) 
occluder polygons        0/0               0/0        ( 0.0%) 
occluder vert ind        0/0               0/0        ( 0.0%) 
detail props          [variable]           1/12       ( 8.3%) 
static props          [variable]           1/12       ( 8.3%) 
pakfile               [variable]      105655/0        ( 0.0%) 
physics               [variable]       39642/4194304  ( 0.9%) 
physics terrain       [variable]           2/1048576  ( 0.0%) 

Level flags = 0

Total triangle count: 1320
Writing c:\program files (x86)\steam\steamapps\sourcemods\who\maps\hostel.bsp
1 second elapsed



Could not find lights.rad in lights.rad.
Trying VRAD BIN directory instead...
Warning: Couldn't open texlight file C:\Program Files (x86)\Steam\steamapps\common\Source SDK Base 2013 Singleplayer\bin\lights.rad.
Loading c:\program files (x86)\steam\steamapps\sourcemods\who\maps\hostel.bsp
467 faces
1654 square feet [238264.38 square inches]
0 Displacements
0 Square Feet [0.00 Square Inches]
467 patches before subdivision
11767 patches after subdivision
3 direct lights
0...1...2...3...4...5...6...7...8...9...100...1...2...3...4...5...6...7...8...9...10transfers 2437097, max 589
transfer lists:  18.6 megs
0...1...2...3...4...5...6...7...8...9...10	Bounce #1 added RGB(76904, 30940, 5908)
0...1...2...3...4...5...6...7...8...9...10	Bounce #2 added RGB(42939, 14115, 2280)
0...1...2...3...4...5...6...7...8...9...10	Bounce #3 added RGB(21442, 5806, 828)
0...1...2...3...4...5...6...7...8...9...10	Bounce #4 added RGB(11612, 2584, 330)
0...1...2...3...4...5...6...7...8...9...10	Bounce #5 added RGB(6127, 1135, 131)
0...1...2...3...4...5...6...7...8...9...10	Bounce #6 added RGB(3289, 504, 53)
0...1...2...3...4...5...6...7...8...9...10	Bounce #7 added RGB(1757, 224, 22)
0...1...2...3...4...5...6...7...8...9...10	Bounce #8 added RGB(942, 99, 9)
0...1...2...3...4...5...6...7...8...9...10	Bounce #9 added RGB(505, 44, 4)
0...1...2...3...4...5...6...7...8...9...10	Bounce #10 added RGB(271, 20, 1)
0...1...2...3...4...5...6...7...8...9...10	Bounce #11 added RGB(145, 9, 1)
0...1...2...3...4...5...6...7...8...9...10	Bounce #12 added RGB(78, 4, 0)
0...1...2...3...4...5...6...7...8...9...10	Bounce #13 added RGB(42, 2, 0)
0...1...2...3...4...5...6...7...8...9...10	Bounce #14 added RGB(22, 1, 0)
0...1...2...3...4...5...6...7...8...9...10	Bounce #15 added RGB(12, 0, 0)
0...1...2...3...4...5...6...7...8...9...10	Bounce #16 added RGB(6, 0, 0)
0...1...2...3...4...5...6...7...8...9...10	Bounce #17 added RGB(3, 0, 0)
0...1...2...3...4...5...6...7...8...9...10	Bounce #18 added RGB(2, 0, 0)
0...1...2...3...4...5...6...7...8...9...10	Bounce #19 added RGB(1, 0, 0)
0...1...2...3...4...5...6...7...8...9...10	Bounce #20 added RGB(1, 0, 0)
Build Patch/Sample Hash Table(s).....Done<0.0021 sec>
0...1...2...3...4...5...6...7...8...9...10FinalLightFace Done
0 of 0 (0% of) surface lights went in leaf ambient cubes.
0...1...2...3...4...5...6...7...8...9...10Writing leaf ambient...done
Ready to Finish

Object names       Objects/Maxobjs  Memory / Maxmem  Fullness 
------------       ---------------  ---------------  -------- 
models                   1/1024           48/49152    ( 0.1%) 
brushes                122/8192         1464/98304    ( 1.5%) 
brushsides             760/65536        6080/524288   ( 1.2%) 
planes                 358/65536        7160/1310720  ( 0.5%) 
vertexes               908/65536       10896/786432   ( 1.4%) 
nodes                  236/65536        7552/2097152  ( 0.4%) 
texinfos               159/12288       11448/884736   ( 1.3%) 
texdata                  9/2048          288/65536    ( 0.4%) 
dispinfos                0/0               0/0        ( 0.0%) 
disp_verts               0/0               0/0        ( 0.0%) 
disp_tris                0/0               0/0        ( 0.0%) 
disp_lmsamples           0/0               0/0        ( 0.0%) 
faces                  467/65536       26152/3670016  ( 0.7%) 
hdr faces              467/65536       26152/3670016  ( 0.7%) 
origfaces              256/65536       14336/3670016  ( 0.4%) 
leaves                 238/65536        7616/2097152  ( 0.4%) 
leaffaces              596/65536        1192/131072   ( 0.9%) 
leafbrushes            260/65536         520/131072   ( 0.4%) 
areas                    2/256            16/2048     ( 0.8%) 
surfedges             3269/512000      13076/2048000  ( 0.6%) 
edges                 1919/256000       7676/1024000  ( 0.7%) 
LDR worldlights          3/8192          264/720896   ( 0.0%) 
HDR worldlights          3/8192          264/720896   ( 0.0%) 
leafwaterdata            0/32768           0/393216   ( 0.0%) 
waterstrips             55/32768         550/327680   ( 0.2%) 
waterverts               0/65536           0/786432   ( 0.0%) 
waterindices           798/65536        1596/131072   ( 1.2%) 
cubemapsamples           0/1024            0/16384    ( 0.0%) 
overlays                 3/512          1056/180224   ( 0.6%) 
LDR lightdata         [variable]     1181500/0        ( 0.0%) 
HDR lightdata         [variable]     1181500/0        ( 0.0%) 
visdata               [variable]        3533/16777216 ( 0.0%) 
entdata               [variable]        9105/393216   ( 2.3%) 
LDR ambient table      238/65536         952/262144   ( 0.4%) 
HDR ambient table      238/65536         952/262144   ( 0.4%) 
LDR leaf ambient       202/65536        5656/1835008  ( 0.3%) 
HDR leaf ambient       202/65536        5656/1835008  ( 0.3%) 
occluders                0/0               0/0        ( 0.0%) 
occluder polygons        0/0               0/0        ( 0.0%) 
occluder vert ind        0/0               0/0        ( 0.0%) 
detail props          [variable]           1/12       ( 8.3%) 
static props          [variable]           1/12       ( 8.3%) 
pakfile               [variable]      105655/0        ( 0.0%) 
physics               [variable]       39642/4194304  ( 0.9%) 
physics terrain       [variable]           2/1048576  ( 0.0%) 

Level flags = 0

Total triangle count: 1320
Writing c:\program files (x86)\steam\steamapps\sourcemods\who\maps\hostel.bsp
1 second elapsed



materialPath: C:\Program Files (x86)\Steam\steamapps\sourcemods\who\materials
Loading c:\program files (x86)\steam\steamapps\sourcemods\who\maps\hostel.vmf
Could not locate 'GameData' key in c:\program files (x86)\steam\steamapps\sourcemods\who\gameinfo.txt
fixing up env_cubemap materials on brush sides...
0...1...2...3...4...5Brush 128: WARNING, microbrush
Brush 132: WARNING, microbrush
...6...7..Brush 156: WARNING, microbrush
Brush 154: WARNING, microbrush
Brush 163: WARNING, microbrush
Brush 164: WARNING, microbrush
.8...9...100...1...2...3...4...5Brush 128: WARNING, microbrush
Brush 132: WARNING, microbrush
...6...7..Brush 156: WARNING, microbrush
Brush 154: WARNING, microbrush
Brush 163: WARNING, microbrush
Brush 164: WARNING, microbrush
.8...9...10Processing areas...done (0)
Building Faces...done (0)
FixTjuncs...
PruneNodes...
WriteBSP...
done (0)
writing c:\program files (x86)\steam\steamapps\sourcemods\who\maps\hostel.prt...Building visibility clusters...
done (0)
Creating default LDR cubemaps for env_cubemap using skybox materials:
   skybox/sky_day01_01*.vmt
 ! Run buildcubemaps in the engine to get the correct cube maps.
Creating default HDR cubemaps for env_cubemap using skybox materials:
   skybox/sky_day01_01*.vmt
 ! Run buildcubemaps in the engine to get the correct cube maps.
Finding displacement neighbors...
Finding lightmap sample positions...
Displacement Alpha : 0...1...2...3...4...5...6...7...8...9...10
ConVarRef mat_reduceparticles doesn't point to an existing ConVar
Building Physics collision data...
done (0) (39642 bytes)
Placing detail props : 0...1...2...3...4...5...6...7...8...9...10
Compacting texture/material tables...
Reduced 302 texinfos to 159
Reduced 9 texdatas to 9 (200 bytes to 200)
Writing c:\program files (x86)\steam\steamapps\sourcemods\who\maps\hostel.bsp
0 seconds elapsed



8 threads
reading c:\program files (x86)\steam\steamapps\sourcemods\who\maps\hostel.bsp
reading c:\program files (x86)\steam\steamapps\sourcemods\who\maps\hostel.prt
 104 portalclusters
 235 numportals
0...1...2...3...4...5...6...7...8...9...100...1...2...3...4...5...6...7...8...9...10Optimized: 0 visible clusters (0.00%)
Total clusters visible: 9354
Average clusters visible: 89
Building PAS...
Average clusters audible: 103
visdatasize:3533  compressed from 3328
writing c:\program files (x86)\steam\steamapps\sourcemods\who\maps\hostel.bsp
0 seconds elapsed



Could not find lights.rad in lights.rad.
Trying VRAD BIN directory instead...
Warning: Couldn't open texlight file C:\Program Files (x86)\Steam\steamapps\common\Source SDK Base 2013 Singleplayer\bin\lights.rad.
Loading c:\program files (x86)\steam\steamapps\sourcemods\who\maps\hostel.bsp
467 faces
1654 square feet [238264.38 square inches]
0 Displacements
0 Square Feet [0.00 Square Inches]
467 patches before subdivision
11767 patches after subdivision
3 direct lights
0...1...2...3...4...5...6...7...8...9...100...1...2...3...4...5...6...7...8...9...10transfers 2437097, max 589
transfer lists:  18.6 megs
0...1...2...3...4...5...6...7...8...9...10	Bounce #1 added RGB(76904, 30939, 5908)
0...1...2...3...4...5...6...7...8...9...10	Bounce #2 added RGB(42939, 14115, 2280)
0...1...2...3...4...5...6...7...8...9...10	Bounce #3 added RGB(21442, 5806, 828)
0...1...2...3...4...5...6...7...8...9...10	Bounce #4 added RGB(11612, 2584, 330)
0...1...2...3...4...5...6...7...8...9...10	Bounce #5 added RGB(6127, 1135, 131)
0...1...2...3...4...5...6...7...8...9...10	Bounce #6 added RGB(3289, 504, 53)
0...1...2...3...4...5...6...7...8...9...10	Bounce #7 added RGB(1757, 224, 22)
0...1...2...3...4...5...6...7...8...9...10	Bounce #8 added RGB(942, 99, 9)
0...1...2...3...4...5...6...7...8...9...10	Bounce #9 added RGB(505, 44, 4)
0...1...2...3...4...5...6...7...8...9...10	Bounce #10 added RGB(271, 20, 1)
0...1...2...3...4...5...6...7...8...9...10	Bounce #11 added RGB(145, 9, 1)
0...1...2...3...4...5...6...7...8...9...10	Bounce #12 added RGB(78, 4, 0)
0...1...2...3...4...5...6...7...8...9...10	Bounce #13 added RGB(42, 2, 0)
0...1...2...3...4...5...6...7...8...9...10	Bounce #14 added RGB(22, 1, 0)
0...1...2...3...4...5...6...7...8...9...10	Bounce #15 added RGB(12, 0, 0)
0...1...2...3...4...5...6...7...8...9...10	Bounce #16 added RGB(6, 0, 0)
0...1...2...3...4...5...6...7...8...9...10	Bounce #17 added RGB(3, 0, 0)
0...1...2...3...4...5...6...7...8...9...10	Bounce #18 added RGB(2, 0, 0)
0...1...2...3...4...5...6...7...8...9...10	Bounce #19 added RGB(1, 0, 0)
0...1...2...3...4...5...6...7...8...9...10	Bounce #20 added RGB(1, 0, 0)
Build Patch/Sample Hash Table(s).....Done<0.0023 sec>
0...1...2...3...4...5...6...7...8...9...10FinalLightFace Done
0 of 0 (0% of) surface lights went in leaf ambient cubes.
0...1...2...3...4...5...6...7...8...9...10Writing leaf ambient...done
Ready to Finish

Object names       Objects/Maxobjs  Memory / Maxmem  Fullness 
------------       ---------------  ---------------  -------- 
models                   1/1024           48/49152    ( 0.1%) 
brushes                122/8192         1464/98304    ( 1.5%) 
brushsides             760/65536        6080/524288   ( 1.2%) 
planes                 358/65536        7160/1310720  ( 0.5%) 
vertexes               908/65536       10896/786432   ( 1.4%) 
nodes                  236/65536        7552/2097152  ( 0.4%) 
texinfos               159/12288       11448/884736   ( 1.3%) 
texdata                  9/2048          288/65536    ( 0.4%) 
dispinfos                0/0               0/0        ( 0.0%) 
disp_verts               0/0               0/0        ( 0.0%) 
disp_tris                0/0               0/0        ( 0.0%) 
disp_lmsamples           0/0               0/0        ( 0.0%) 
faces                  467/65536       26152/3670016  ( 0.7%) 
hdr faces                0/65536           0/3670016  ( 0.0%) 
origfaces              256/65536       14336/3670016  ( 0.4%) 
leaves                 238/65536        7616/2097152  ( 0.4%) 
leaffaces              596/65536        1192/131072   ( 0.9%) 
leafbrushes            260/65536         520/131072   ( 0.4%) 
areas                    2/256            16/2048     ( 0.8%) 
surfedges             3269/512000      13076/2048000  ( 0.6%) 
edges                 1919/256000       7676/1024000  ( 0.7%) 
LDR worldlights          3/8192          264/720896   ( 0.0%) 
HDR worldlights          0/8192            0/720896   ( 0.0%) 
leafwaterdata            0/32768           0/393216   ( 0.0%) 
waterstrips             55/32768         550/327680   ( 0.2%) 
waterverts               0/65536           0/786432   ( 0.0%) 
waterindices           798/65536        1596/131072   ( 1.2%) 
cubemapsamples           0/1024            0/16384    ( 0.0%) 
overlays                 3/512          1056/180224   ( 0.6%) 
LDR lightdata         [variable]     1181500/0        ( 0.0%) 
HDR lightdata         [variable]           0/0        ( 0.0%) 
visdata               [variable]        3533/16777216 ( 0.0%) 
entdata               [variable]        9105/393216   ( 2.3%) 
LDR ambient table      238/65536         952/262144   ( 0.4%) 
HDR ambient table      238/65536         952/262144   ( 0.4%) 
LDR leaf ambient       202/65536        5656/1835008  ( 0.3%) 
HDR leaf ambient       238/65536        6664/1835008  ( 0.4%) 
occluders                0/0               0/0        ( 0.0%) 
occluder polygons        0/0               0/0        ( 0.0%) 
occluder vert ind        0/0               0/0        ( 0.0%) 
detail props          [variable]           1/12       ( 8.3%) 
static props          [variable]           1/12       ( 8.3%) 
pakfile               [variable]      105655/0        ( 0.0%) 
physics               [variable]       39642/4194304  ( 0.9%) 
physics terrain       [variable]           2/1048576  ( 0.0%) 

Level flags = 0

Total triangle count: 1320
Writing c:\program files (x86)\steam\steamapps\sourcemods\who\maps\hostel.bsp
1 second elapsed



Could not find lights.rad in lights.rad.
Trying VRAD BIN directory instead...
Warning: Couldn't open texlight file C:\Program Files (x86)\Steam\steamapps\common\Source SDK Base 2013 Singleplayer\bin\lights.rad.
Loading c:\program files (x86)\steam\steamapps\sourcemods\who\maps\hostel.bsp
467 faces
1654 square feet [238264.38 square inches]
0 Displacements
0 Square Feet [0.00 Square Inches]
467 patches before subdivision
11767 patches after subdivision
3 direct lights
0...1...2...3...4...5...6...7...8...9...100...1...2...3...4...5...6...7...8...9...10transfers 2437097, max 589
transfer lists:  18.6 megs
0...1...2...3...4...5...6...7...8...9...10	Bounce #1 added RGB(76904, 30940, 5908)
0...1...2...3...4...5...6...7...8...9...10	Bounce #2 added RGB(42939, 14115, 2280)
0...1...2...3...4...5...6...7...8...9...10	Bounce #3 added RGB(21442, 5806, 828)
0...1...2...3...4...5...6...7...8...9...10	Bounce #4 added RGB(11612, 2584, 330)
0...1...2...3...4...5...6...7...8...9...10	Bounce #5 added RGB(6127, 1135, 131)
0...1...2...3...4...5...6...7...8...9...10	Bounce #6 added RGB(3289, 504, 53)
0...1...2...3...4...5...6...7...8...9...10	Bounce #7 added RGB(1757, 224, 22)
0...1...2...3...4...5...6...7...8...9...10	Bounce #8 added RGB(942, 99, 9)
0...1...2...3...4...5...6...7...8...9...10	Bounce #9 added RGB(505, 44, 4)
0...1...2...3...4...5...6...7...8...9...10	Bounce #10 added RGB(271, 20, 1)
0...1...2...3...4...5...6...7...8...9...10	Bounce #11 added RGB(145, 9, 1)
0...1...2...3...4...5...6...7...8...9...10	Bounce #12 added RGB(78, 4, 0)
0...1...2...3...4...5...6...7...8...9...10	Bounce #13 added RGB(42, 2, 0)
0...1...2...3...4...5...6...7...8...9...10	Bounce #14 added RGB(22, 1, 0)
0...1...2...3...4...5...6...7...8...9...10	Bounce #15 added RGB(12, 0, 0)
0...1...2...3...4...5...6...7...8...9...10	Bounce #16 added RGB(6, 0, 0)
0...1...2...3...4...5...6...7...8...9...10	Bounce #17 added RGB(3, 0, 0)
0...1...2...3...4...5...6...7...8...9...10	Bounce #18 added RGB(2, 0, 0)
0...1...2...3...4...5...6...7...8...9...10	Bounce #19 added RGB(1, 0, 0)
0...1...2...3...4...5...6...7...8...9...10	Bounce #20 added RGB(1, 0, 0)
Build Patch/Sample Hash Table(s).....Done<0.0022 sec>
0...1...2...3...4...5...6...7...8...9...10FinalLightFace Done
0 of 0 (0% of) surface lights went in leaf ambient cubes.
0...1...2...3...4...5...6...7...8...9...10Writing leaf ambient...done
Ready to Finish

Object names       Objects/Maxobjs  Memory / Maxmem  Fullness 
------------       ---------------  ---------------  -------- 
models                   1/1024           48/49152    ( 0.1%) 
brushes                122/8192         1464/98304    ( 1.5%) 
brushsides             760/65536        6080/524288   ( 1.2%) 
planes                 358/65536        7160/1310720  ( 0.5%) 
vertexes               908/65536       10896/786432   ( 1.4%) 
nodes                  236/65536        7552/2097152  ( 0.4%) 
texinfos               159/12288       11448/884736   ( 1.3%) 
texdata                  9/2048          288/65536    ( 0.4%) 
dispinfos                0/0               0/0        ( 0.0%) 
disp_verts               0/0               0/0        ( 0.0%) 
disp_tris                0/0               0/0        ( 0.0%) 
disp_lmsamples           0/0               0/0        ( 0.0%) 
faces                  467/65536       26152/3670016  ( 0.7%) 
hdr faces              467/65536       26152/3670016  ( 0.7%) 
origfaces              256/65536       14336/3670016  ( 0.4%) 
leaves                 238/65536        7616/2097152  ( 0.4%) 
leaffaces              596/65536        1192/131072   ( 0.9%) 
leafbrushes            260/65536         520/131072   ( 0.4%) 
areas                    2/256            16/2048     ( 0.8%) 
surfedges             3269/512000      13076/2048000  ( 0.6%) 
edges                 1919/256000       7676/1024000  ( 0.7%) 
LDR worldlights          3/8192          264/720896   ( 0.0%) 
HDR worldlights          3/8192          264/720896   ( 0.0%) 
leafwaterdata            0/32768           0/393216   ( 0.0%) 
waterstrips             55/32768         550/327680   ( 0.2%) 
waterverts               0/65536           0/786432   ( 0.0%) 
waterindices           798/65536        1596/131072   ( 1.2%) 
cubemapsamples           0/1024            0/16384    ( 0.0%) 
overlays                 3/512          1056/180224   ( 0.6%) 
LDR lightdata         [variable]     1181500/0        ( 0.0%) 
HDR lightdata         [variable]     1181500/0        ( 0.0%) 
visdata               [variable]        3533/16777216 ( 0.0%) 
entdata               [variable]        9105/393216   ( 2.3%) 
LDR ambient table      238/65536         952/262144   ( 0.4%) 
HDR ambient table      238/65536         952/262144   ( 0.4%) 
LDR leaf ambient       202/65536        5656/1835008  ( 0.3%) 
HDR leaf ambient       202/65536        5656/1835008  ( 0.3%) 
occluders                0/0               0/0        ( 0.0%) 
occluder polygons        0/0               0/0        ( 0.0%) 
occluder vert ind        0/0               0/0        ( 0.0%) 
detail props          [variable]           1/12       ( 8.3%) 
static props          [variable]           1/12       ( 8.3%) 
pakfile               [variable]      105655/0        ( 0.0%) 
physics               [variable]       39642/4194304  ( 0.9%) 
physics terrain       [variable]           2/1048576  ( 0.0%) 

Level flags = 0

Total triangle count: 1320
Writing c:\program files (x86)\steam\steamapps\sourcemods\who\maps\hostel.bsp
1 second elapsed



materialPath: C:\Program Files (x86)\Steam\steamapps\sourcemods\who\materials
Loading c:\program files (x86)\steam\steamapps\sourcemods\who\maps\hostel.vmf
Could not locate 'GameData' key in c:\program files (x86)\steam\steamapps\sourcemods\who\gameinfo.txt
fixing up env_cubemap materials on brush sides...
0...1...2...3...4...5Brush 128: WARNING, microbrush
Brush 132: WARNING, microbrush
...6...7..Brush 156: WARNING, microbrush
Brush 154: WARNING, microbrush
Brush 163: WARNING, microbrush
Brush 164: WARNING, microbrush
.8...9...100...1...2...3...4...5Brush 128: WARNING, microbrush
Brush 132: WARNING, microbrush
...6...7..Brush 156: WARNING, microbrush
Brush 154: WARNING, microbrush
Brush 163: WARNING, microbrush
Brush 164: WARNING, microbrush
.8...9...10Processing areas...done (0)
Building Faces...done (0)
FixTjuncs...
PruneNodes...
WriteBSP...
done (0)
writing c:\program files (x86)\steam\steamapps\sourcemods\who\maps\hostel.prt...Building visibility clusters...
done (0)
Creating default LDR cubemaps for env_cubemap using skybox materials:
   skybox/sky_day01_01*.vmt
 ! Run buildcubemaps in the engine to get the correct cube maps.
Creating default HDR cubemaps for env_cubemap using skybox materials:
   skybox/sky_day01_01*.vmt
 ! Run buildcubemaps in the engine to get the correct cube maps.
Finding displacement neighbors...
Finding lightmap sample positions...
Displacement Alpha : 0...1...2...3...4...5...6...7...8...9...10
ConVarRef mat_reduceparticles doesn't point to an existing ConVar
Building Physics collision data...
done (0) (39642 bytes)
Placing detail props : 0...1...2...3...4...5...6...7...8...9...10
Compacting texture/material tables...
Reduced 302 texinfos to 157
Reduced 9 texdatas to 9 (200 bytes to 200)
Writing c:\program files (x86)\steam\steamapps\sourcemods\who\maps\hostel.bsp
0 seconds elapsed



8 threads
reading c:\program files (x86)\steam\steamapps\sourcemods\who\maps\hostel.bsp
reading c:\program files (x86)\steam\steamapps\sourcemods\who\maps\hostel.prt
 105 portalclusters
 241 numportals
0...1...2...3...4...5...6...7...8...9...100...1...2...3...4...5...6...7...8...9...10Optimized: 0 visible clusters (0.00%)
Total clusters visible: 9473
Average clusters visible: 90
Building PAS...
Average clusters audible: 104
visdatasize:3811  compressed from 3360
writing c:\program files (x86)\steam\steamapps\sourcemods\who\maps\hostel.bsp
0 seconds elapsed



Could not find lights.rad in lights.rad.
Trying VRAD BIN directory instead...
Warning: Couldn't open texlight file C:\Program Files (x86)\Steam\steamapps\common\Source SDK Base 2013 Singleplayer\bin\lights.rad.
Loading c:\program files (x86)\steam\steamapps\sourcemods\who\maps\hostel.bsp
469 faces
1655 square feet [238389.59 square inches]
0 Displacements
0 Square Feet [0.00 Square Inches]
469 patches before subdivision
11707 patches after subdivision
3 direct lights
0...1...2...3...4...5...6...7...8...9...100...1...2...3...4...5...6...7...8...9...10transfers 2425295, max 590
transfer lists:  18.5 megs
0...1...2...3...4...5...6...7...8...9...10	Bounce #1 added RGB(76538, 30741, 5858)
0...1...2...3...4...5...6...7...8...9...10	Bounce #2 added RGB(42578, 14004, 2260)
0...1...2...3...4...5...6...7...8...9...10	Bounce #3 added RGB(21286, 5763, 820)
0...1...2...3...4...5...6...7...8...9...10	Bounce #4 added RGB(11519, 2564, 327)
0...1...2...3...4...5...6...7...8...9...10	Bounce #5 added RGB(6078, 1126, 130)
0...1...2...3...4...5...6...7...8...9...10	Bounce #6 added RGB(3262, 500, 53)
0...1...2...3...4...5...6...7...8...9...10	Bounce #7 added RGB(1742, 222, 21)
0...1...2...3...4...5...6...7...8...9...10	Bounce #8 added RGB(934, 99, 9)
0...1...2...3...4...5...6...7...8...9...10	Bounce #9 added RGB(500, 44, 4)
0...1...2...3...4...5...6...7...8...9...10	Bounce #10 added RGB(268, 20, 1)
0...1...2...3...4...5...6...7...8...9...10	Bounce #11 added RGB(144, 9, 1)
0...1...2...3...4...5...6...7...8...9...10	Bounce #12 added RGB(77, 4, 0)
0...1...2...3...4...5...6...7...8...9...10	Bounce #13 added RGB(41, 2, 0)
0...1...2...3...4...5...6...7...8...9...10	Bounce #14 added RGB(22, 1, 0)
0...1...2...3...4...5...6...7...8...9...10	Bounce #15 added RGB(12, 0, 0)
0...1...2...3...4...5...6...7...8...9...10	Bounce #16 added RGB(6, 0, 0)
0...1...2...3...4...5...6...7...8...9...10	Bounce #17 added RGB(3, 0, 0)
0...1...2...3...4...5...6...7...8...9...10	Bounce #18 added RGB(2, 0, 0)
0...1...2...3...4...5...6...7...8...9...10	Bounce #19 added RGB(1, 0, 0)
Build Patch/Sample Hash Table(s).....Done<0.0024 sec>
0...1...2...3...4...5...6...7...8...9...10FinalLightFace Done
0 of 0 (0% of) surface lights went in leaf ambient cubes.
0...1...2...3...4...5...6...7...8...9...10Writing leaf ambient...done
Ready to Finish

Object names       Objects/Maxobjs  Memory / Maxmem  Fullness 
------------       ---------------  ---------------  -------- 
models                   1/1024           48/49152    ( 0.1%) 
brushes                122/8192         1464/98304    ( 1.5%) 
brushsides             760/65536        6080/524288   ( 1.2%) 
planes                 358/65536        7160/1310720  ( 0.5%) 
vertexes               910/65536       10920/786432   ( 1.4%) 
nodes                  237/65536        7584/2097152  ( 0.4%) 
texinfos               157/12288       11304/884736   ( 1.3%) 
texdata                  9/2048          288/65536    ( 0.4%) 
dispinfos                0/0               0/0        ( 0.0%) 
disp_verts               0/0               0/0        ( 0.0%) 
disp_tris                0/0               0/0        ( 0.0%) 
disp_lmsamples           0/0               0/0        ( 0.0%) 
faces                  469/65536       26264/3670016  ( 0.7%) 
hdr faces                0/65536           0/3670016  ( 0.0%) 
origfaces              257/65536       14392/3670016  ( 0.4%) 
leaves                 239/65536        7648/2097152  ( 0.4%) 
leaffaces              600/65536        1200/131072   ( 0.9%) 
leafbrushes            259/65536         518/131072   ( 0.4%) 
areas                    2/256            16/2048     ( 0.8%) 
surfedges             3283/512000      13132/2048000  ( 0.6%) 
edges                 1935/256000       7740/1024000  ( 0.8%) 
LDR worldlights          3/8192          264/720896   ( 0.0%) 
HDR worldlights          0/8192            0/720896   ( 0.0%) 
leafwaterdata            0/32768           0/393216   ( 0.0%) 
waterstrips             57/32768         570/327680   ( 0.2%) 
waterverts               0/65536           0/786432   ( 0.0%) 
waterindices           828/65536        1656/131072   ( 1.3%) 
cubemapsamples           0/1024            0/16384    ( 0.0%) 
overlays                 3/512          1056/180224   ( 0.6%) 
LDR lightdata         [variable]     1182820/0        ( 0.0%) 
HDR lightdata         [variable]           0/0        ( 0.0%) 
visdata               [variable]        3811/16777216 ( 0.0%) 
entdata               [variable]        9106/393216   ( 2.3%) 
LDR ambient table      239/65536         956/262144   ( 0.4%) 
HDR ambient table      239/65536         956/262144   ( 0.4%) 
LDR leaf ambient       215/65536        6020/1835008  ( 0.3%) 
HDR leaf ambient       239/65536        6692/1835008  ( 0.4%) 
occluders                0/0               0/0        ( 0.0%) 
occluder polygons        0/0               0/0        ( 0.0%) 
occluder vert ind        0/0               0/0        ( 0.0%) 
detail props          [variable]           1/12       ( 8.3%) 
static props          [variable]           1/12       ( 8.3%) 
pakfile               [variable]      105655/0        ( 0.0%) 
physics               [variable]       39642/4194304  ( 0.9%) 
physics terrain       [variable]           2/1048576  ( 0.0%) 

Level flags = 0

Total triangle count: 1326
Writing c:\program files (x86)\steam\steamapps\sourcemods\who\maps\hostel.bsp
1 second elapsed



Could not find lights.rad in lights.rad.
Trying VRAD BIN directory instead...
Warning: Couldn't open texlight file C:\Program Files (x86)\Steam\steamapps\common\Source SDK Base 2013 Singleplayer\bin\lights.rad.
Loading c:\program files (x86)\steam\steamapps\sourcemods\who\maps\hostel.bsp
469 faces
1655 square feet [238389.59 square inches]
0 Displacements
0 Square Feet [0.00 Square Inches]
469 patches before subdivision
11707 patches after subdivision
3 direct lights
0...1...2...3...4...5...6...7...8...9...100...1...2...3...4...5...6...7...8...9...10transfers 2425295, max 590
transfer lists:  18.5 megs
0...1...2...3...4...5...6...7...8...9...10	Bounce #1 added RGB(76538, 30741, 5858)
0...1...2...3...4...5...6...7...8...9...10	Bounce #2 added RGB(42578, 14004, 2260)
0...1...2...3...4...5...6...7...8...9...10	Bounce #3 added RGB(21286, 5763, 820)
0...1...2...3...4...5...6...7...8...9...10	Bounce #4 added RGB(11519, 2564, 327)
0...1...2...3...4...5...6...7...8...9...10	Bounce #5 added RGB(6078, 1126, 130)
0...1...2...3...4...5...6...7...8...9...10	Bounce #6 added RGB(3262, 500, 53)
0...1...2...3...4...5...6...7...8...9...10	Bounce #7 added RGB(1742, 222, 21)
0...1...2...3...4...5...6...7...8...9...10	Bounce #8 added RGB(934, 99, 9)
0...1...2...3...4...5...6...7...8...9...10	Bounce #9 added RGB(500, 44, 4)
0...1...2...3...4...5...6...7...8...9...10	Bounce #10 added RGB(268, 20, 1)
0...1...2...3...4...5...6...7...8...9...10	Bounce #11 added RGB(144, 9, 1)
0...1...2...3...4...5...6...7...8...9...10	Bounce #12 added RGB(77, 4, 0)
0...1...2...3...4...5...6...7...8...9...10	Bounce #13 added RGB(41, 2, 0)
0...1...2...3...4...5...6...7...8...9...10	Bounce #14 added RGB(22, 1, 0)
0...1...2...3...4...5...6...7...8...9...10	Bounce #15 added RGB(12, 0, 0)
0...1...2...3...4...5...6...7...8...9...10	Bounce #16 added RGB(6, 0, 0)
0...1...2...3...4...5...6...7...8...9...10	Bounce #17 added RGB(3, 0, 0)
0...1...2...3...4...5...6...7...8...9...10	Bounce #18 added RGB(2, 0, 0)
0...1...2...3...4...5...6...7...8...9...10	Bounce #19 added RGB(1, 0, 0)
Build Patch/Sample Hash Table(s).....Done<0.0024 sec>
0...1...2...3...4...5...6...7...8...9...10FinalLightFace Done
0 of 0 (0% of) surface lights went in leaf ambient cubes.
0...1...2...3...4...5...6...7...8...9...10Writing leaf ambient...done
Ready to Finish

Object names       Objects/Maxobjs  Memory / Maxmem  Fullness 
------------       ---------------  ---------------  -------- 
models                   1/1024           48/49152    ( 0.1%) 
brushes                122/8192         1464/98304    ( 1.5%) 
brushsides             760/65536        6080/524288   ( 1.2%) 
planes                 358/65536        7160/1310720  ( 0.5%) 
vertexes               910/65536       10920/786432   ( 1.4%) 
nodes                  237/65536        7584/2097152  ( 0.4%) 
texinfos               157/12288       11304/884736   ( 1.3%) 
texdata                  9/2048          288/65536    ( 0.4%) 
dispinfos                0/0               0/0        ( 0.0%) 
disp_verts               0/0               0/0        ( 0.0%) 
disp_tris                0/0               0/0        ( 0.0%) 
disp_lmsamples           0/0               0/0        ( 0.0%) 
faces                  469/65536       26264/3670016  ( 0.7%) 
hdr faces              469/65536       26264/3670016  ( 0.7%) 
origfaces              257/65536       14392/3670016  ( 0.4%) 
leaves                 239/65536        7648/2097152  ( 0.4%) 
leaffaces              600/65536        1200/131072   ( 0.9%) 
leafbrushes            259/65536         518/131072   ( 0.4%) 
areas                    2/256            16/2048     ( 0.8%) 
surfedges             3283/512000      13132/2048000  ( 0.6%) 
edges                 1935/256000       7740/1024000  ( 0.8%) 
LDR worldlights          3/8192          264/720896   ( 0.0%) 
HDR worldlights          3/8192          264/720896   ( 0.0%) 
leafwaterdata            0/32768           0/393216   ( 0.0%) 
waterstrips             57/32768         570/327680   ( 0.2%) 
waterverts               0/65536           0/786432   ( 0.0%) 
waterindices           828/65536        1656/131072   ( 1.3%) 
cubemapsamples           0/1024            0/16384    ( 0.0%) 
overlays                 3/512          1056/180224   ( 0.6%) 
LDR lightdata         [variable]     1182820/0        ( 0.0%) 
HDR lightdata         [variable]     1182820/0        ( 0.0%) 
visdata               [variable]        3811/16777216 ( 0.0%) 
entdata               [variable]        9106/393216   ( 2.3%) 
LDR ambient table      239/65536         956/262144   ( 0.4%) 
HDR ambient table      239/65536         956/262144   ( 0.4%) 
LDR leaf ambient       215/65536        6020/1835008  ( 0.3%) 
HDR leaf ambient       215/65536        6020/1835008  ( 0.3%) 
occluders                0/0               0/0        ( 0.0%) 
occluder polygons        0/0               0/0        ( 0.0%) 
occluder vert ind        0/0               0/0        ( 0.0%) 
detail props          [variable]           1/12       ( 8.3%) 
static props          [variable]           1/12       ( 8.3%) 
pakfile               [variable]      105655/0        ( 0.0%) 
physics               [variable]       39642/4194304  ( 0.9%) 
physics terrain       [variable]           2/1048576  ( 0.0%) 

Level flags = 0

Total triangle count: 1326
Writing c:\program files (x86)\steam\steamapps\sourcemods\who\maps\hostel.bsp
1 second elapsed
