PRT1
56
158
4 0 8 (0 1024 -896 ) (0 1024 896 ) (0 1152 896 ) (0 1152 -896 ) 
4 0 7 (0 1024 32 ) (0 1024 -896 ) (768 1024 -896 ) (768 1024 32 ) 
4 0 2 (0 1024 896 ) (0 1024 32 ) (160 1024 32 ) (160 1024 896 ) 
4 0 1 (160 1024 32 ) (768 1024 32 ) (768 1024 896 ) (160 1024 896 ) 
4 1 7 (160 1024 32 ) (768 1024 32 ) (768 576 32 ) (160 576 32 ) 
4 1 5 (160 576 32 ) (768 576 32 ) (768 576 160 ) (160 576 160 ) 
4 1 4 (768 576 160 ) (768 576 896 ) (160 576 896 ) (160 576 160 ) 
4 1 3 (160 576 160 ) (160 576 896 ) (160 608 896 ) (160 608 160 ) 
4 1 2 (160 1024 32 ) (160 608 32 ) (160 608 896 ) (160 1024 896 ) 
4 2 10 (0 1024 160 ) (0 1024 32 ) (0 608 32 ) (0 608 160 ) 
4 2 9 (0 1024 896 ) (0 1024 160 ) (0 608 160 ) (0 608 896 ) 
4 2 7 (0 608 32 ) (0 1024 32 ) (160 1024 32 ) (160 608 32 ) 
4 2 3 (160 608 160 ) (160 608 896 ) (0 608 896 ) (0 608 160 ) 
4 3 9 (0 576 160 ) (0 576 896 ) (0 608 896 ) (0 608 160 ) 
4 3 6 (0 576 896 ) (0 576 160 ) (128 576 160 ) (128 576 896 ) 
4 3 4 (128 576 160 ) (160 576 160 ) (160 576 896 ) (128 576 896 ) 
4 4 30 (128 0 896 ) (128 0 160 ) (768 0 160 ) (768 0 896 ) 
4 4 6 (128 576 896 ) (128 576 160 ) (128 0 160 ) (128 0 896 ) 
4 4 5 (160 576 160 ) (768 576 160 ) (768 0 160 ) (160 0 160 ) 
4 5 31 (160 0 32 ) (768 0 32 ) (768 0 160 ) (160 0 160 ) 
4 5 7 (768 0 32 ) (160 0 32 ) (160 576 32 ) (768 576 32 ) 
4 6 32 (0 0 896 ) (0 0 64 ) (128 0 64 ) (128 0 896 ) 
4 6 14 (0 0 64 ) (0 0 160 ) (0 576 160 ) (0 576 64 ) 
4 6 13 (0 0 160 ) (0 0 896 ) (0 576 896 ) (0 576 160 ) 
4 7 36 (768 0 -896 ) (768 0 32 ) (0 0 32 ) (0 0 -896 ) 
4 7 18 (0 0 -896 ) (0 0 32 ) (0 576 32 ) (0 576 -896 ) 
4 7 11 (0 576 32 ) (0 608 32 ) (0 608 -896 ) (0 576 -896 ) 
4 7 10 (0 608 32 ) (0 1024 32 ) (0 1024 -896 ) (0 608 -896 ) 
4 8 28 (-1024 1024 -896 ) (-1024 1024 896 ) (-1024 1152 896 ) (-1024 1152 -896 ) 
4 8 10 (0 1024 -896 ) (0 1024 160 ) (-928 1024 160 ) (-928 1024 -896 ) 
4 8 12 (-928 1024 160 ) (-1024 1024 160 ) (-1024 1024 -896 ) (-928 1024 -896 ) 
4 8 9 (0 1024 160 ) (0 1024 896 ) (-1024 1024 896 ) (-1024 1024 160 ) 
4 9 29 (-1024 576 160 ) (-1024 576 896 ) (-1024 1024 896 ) (-1024 1024 160 ) 
4 9 13 (-1024 576 896 ) (-1024 576 160 ) (0 576 160 ) (0 576 896 ) 
4 9 10 (-928 608 160 ) (-928 1024 160 ) (0 1024 160 ) (0 608 160 ) 
4 9 12 (-928 576 160 ) (-1024 576 160 ) (-1024 1024 160 ) (-928 1024 160 ) 
4 10 11 (-928 608 32 ) (-928 608 -896 ) (0 608 -896 ) (0 608 32 ) 
4 10 12 (-928 1024 -896 ) (-928 608 -896 ) (-928 608 160 ) (-928 1024 160 ) 
4 11 21 (-928 576 -896 ) (-256 576 -896 ) (-256 576 32 ) (-928 576 32 ) 
4 11 18 (-256 576 -896 ) (0 576 -896 ) (0 576 32 ) (-256 576 32 ) 
4 11 12 (-928 608 -896 ) (-928 576 -896 ) (-928 576 32 ) (-928 608 32 ) 
4 12 29 (-1024 576 -896 ) (-1024 576 160 ) (-1024 1024 160 ) (-1024 1024 -896 ) 
4 12 21 (-1024 576 32 ) (-1024 576 -896 ) (-928 576 -896 ) (-928 576 32 ) 
4 12 20 (-1024 576 64 ) (-1024 576 32 ) (-928 576 32 ) (-928 576 64 ) 
4 12 15 (-1024 576 160 ) (-1024 576 64 ) (-928 576 64 ) (-928 576 160 ) 
4 13 48 (-896 0 896 ) (-1024 0 896 ) (-1024 0 160 ) (-896 0 160 ) 
4 13 45 (-448 0 896 ) (-896 0 896 ) (-896 0 160 ) (-448 0 160 ) 
4 13 37 (0 0 160 ) (0 0 896 ) (-448 0 896 ) (-448 0 160 ) 
4 13 29 (-1024 0 160 ) (-1024 0 896 ) (-1024 576 896 ) (-1024 576 160 ) 
4 13 14 (0 0 160 ) (-896 0 160 ) (-896 576 160 ) (0 576 160 ) 
4 13 15 (-928 0 160 ) (-1024 0 160 ) (-1024 576 160 ) (-928 576 160 ) 
4 14 45 (-448 0 160 ) (-896 0 160 ) (-896 0 64 ) (-448 0 64 ) 
4 14 37 (0 0 64 ) (0 0 160 ) (-448 0 160 ) (-448 0 64 ) 
4 14 23 (-448 0 64 ) (-465.127014 0 64 ) (-465.127014 128 64 ) (-448 128 64 ) 
4 14 22 (-256 128 64 ) (-256 0 64 ) (-448 0 64 ) (-448 128 64 ) 
4 14 19 (-256 134.109985 64 ) (-256 128 64 ) (-464.840027 128 64 ) (-464.840027 134.110001 64 ) 
4 14 17 (-249.626984 0 64 ) (-256 0 64 ) (-256 128 64 ) (-249.626984 128 64 ) 
4 14 16 (-249.425995 128 64 ) (-256 128 64 ) (-256 134.110001 64 ) (-249.425995 134.110001 64 ) 
4 15 49 (-928 0 160 ) (-1024 0 160 ) (-1024 0 64 ) (-928 0 64 ) 
4 15 29 (-1024 0 64 ) (-1024 0 160 ) (-1024 576 160 ) (-1024 576 64 ) 
4 15 26 (-928 128 64 ) (-928 0 64 ) (-1024 0 64 ) (-1024 128 64 ) 
4 15 20 (-1024 576 64 ) (-928 576 64 ) (-928 128 64 ) (-1024 128 64 ) 
3 16 19 (-256 128 64 ) (-256 134.110001 64 ) (-256 128 52.924892 ) 
5 16 17 (-256 128 64 ) (-256 128 52.925781 ) (-255.908066 128 52.925781 ) (-251.091476 128 61.154621 ) (-249.626999 128 64 ) 
3 17 39 (-256 0 52.061302 ) (-256 0 51.617687 ) (-255.771683 0 52.061302 ) 
4 17 38 (-249.626984 0 64 ) (-256 0 64 ) (-256 0 52.061302 ) (-255.771683 0 52.061302 ) 
5 17 22 (-256 0 64 ) (-256 128 64 ) (-256 128 52.924892 ) (-256 127.523567 52.061302 ) (-256 0 52.061302 ) 
4 18 41 (0 0 -896 ) (0 0 20.061300 ) (-256 0 20.061300 ) (-256 0 -896 ) 
4 18 40 (0 0 20.061300 ) (0 0 32 ) (-256 0 32 ) (-256 0 20.061300 ) 
4 18 27 (-256 128 -896 ) (-256 0 -896 ) (-256 0 20.061300 ) (-256 128 20.061300 ) 
4 18 21 (-256 576 32 ) (-256 576 -896 ) (-256 128 -896 ) (-256 128 32 ) 
3 19 23 (-448 128 64 ) (-464.840027 128 64 ) (-448 128 52.954182 ) 
5 19 22 (-256 128 52.927097 ) (-256 128 64 ) (-448 128 64 ) (-448 128 52.954182 ) (-447.958710 128 52.927097 ) 
4 20 29 (-1024 128 32 ) (-1024 128 64 ) (-1024 576 64 ) (-1024 576 32 ) 
4 20 26 (-928 128 64 ) (-1024 128 64 ) (-1024 128 32 ) (-928 128 32 ) 
4 20 21 (-928 128 32 ) (-1024 128 32 ) (-1024 576 32 ) (-928 576 32 ) 
4 21 29 (-1024 128 -896 ) (-1024 128 32 ) (-1024 576 32 ) (-1024 576 -896 ) 
4 21 27 (-256 128 -896 ) (-256 128 20.061300 ) (-1024 128 20.061300 ) (-1024 128 -896 ) 
4 21 25 (-896 128 32 ) (-928 128 32 ) (-928 128 20.061300 ) (-896 128 20.061300 ) 
4 21 26 (-928 128 32 ) (-1024 128 32 ) (-1024 128 20.061300 ) (-928 128 20.061300 ) 
4 21 24 (-448 128 32 ) (-896 128 32 ) (-896 128 20.061300 ) (-448 128 20.061300 ) 
4 22 38 (-256 0 52.061302 ) (-256 0 64 ) (-448 0 64 ) (-448 0 52.061302 ) 
4 22 23 (-448 128 64 ) (-448 128 52.843304 ) (-448 0 52.843304 ) (-448 0 64 ) 
3 23 46 (-448 0 64 ) (-465.127014 0 64 ) (-448 0 52.843300 ) 
4 24 50 (-896 0 32 ) (-896 0 20.061300 ) (-448 0 20.061300 ) (-448 0 32 ) 
4 24 27 (-896 128 20.061300 ) (-448 128 20.061300 ) (-448 0 20.061300 ) (-896 0 20.061300 ) 
4 24 25 (-896 128 32 ) (-896 128 20.061300 ) (-896 0 20.061300 ) (-896 0 32 ) 
4 25 50 (-928 0 32 ) (-928 0 20.061300 ) (-896 0 20.061300 ) (-896 0 32 ) 
4 25 27 (-928 128 20.061300 ) (-896 128 20.061300 ) (-896 0 20.061300 ) (-928 0 20.061300 ) 
4 25 26 (-928 128 32 ) (-928 128 20.061300 ) (-928 0 20.061300 ) (-928 0 32 ) 
4 26 50 (-1024 0 32 ) (-1024 0 20.061300 ) (-928 0 20.061300 ) (-928 0 32 ) 
4 26 49 (-928 0 64 ) (-1024 0 64 ) (-1024 0 32 ) (-928 0 32 ) 
4 26 29 (-1024 0 20.061300 ) (-1024 0 64 ) (-1024 128 64 ) (-1024 128 20.061300 ) 
4 26 27 (-1024 0 20.061300 ) (-1024 128 20.061300 ) (-928 128 20.061300 ) (-928 0 20.061300 ) 
4 27 50 (-448 0 20.061300 ) (-1024 0 20.061300 ) (-1024 0 -896 ) (-448 0 -896 ) 
4 27 41 (-256 0 -896 ) (-256 0 20.061300 ) (-448 0 20.061300 ) (-448 0 -896 ) 
4 27 29 (-1024 0 -896 ) (-1024 0 20.061300 ) (-1024 128 20.061300 ) (-1024 128 -896 ) 
4 28 29 (-1024 1024 -896 ) (-1024 1024 896 ) (-1536 1024 896 ) (-1536 1024 -896 ) 
4 29 55 (-1024 0 -896 ) (-1024 0 896 ) (-1536 0 896 ) (-1536 0 -896 ) 
4 30 34 (160 -192 896 ) (128 -192 896 ) (128 -192 160 ) (160 -192 160 ) 
4 30 33 (768 -192 160 ) (768 -192 896 ) (160 -192 896 ) (160 -192 160 ) 
4 30 32 (128 0 896 ) (128 0 160 ) (128 -192 160 ) (128 -192 896 ) 
4 30 31 (768 -192 160 ) (160 -192 160 ) (160 0 160 ) (768 0 160 ) 
4 31 36 (160 0 32 ) (768 0 32 ) (768 -192 32 ) (160 -192 32 ) 
4 31 33 (160 -192 32 ) (768 -192 32 ) (768 -192 160 ) (160 -192 160 ) 
4 32 42 (0 -64 64 ) (0 -192 64 ) (0 -192 896 ) (0 -64 896 ) 
4 32 37 (0 0 896 ) (0 0 64 ) (0 -64 64 ) (0 -64 896 ) 
4 32 34 (128 -192 160 ) (128 -192 896 ) (0 -192 896 ) (0 -192 160 ) 
4 33 36 (768 -1024 32 ) (160 -1024 32 ) (160 -192 32 ) (768 -192 32 ) 
4 33 34 (160 -224 896 ) (160 -192 896 ) (160 -192 160 ) (160 -224 160 ) 
4 33 35 (160 -1024 896 ) (160 -224 896 ) (160 -224 32 ) (160 -1024 32 ) 
4 34 51 (0 -224 160 ) (0 -224 896 ) (0 -192 896 ) (0 -192 160 ) 
4 34 35 (160 -224 160 ) (160 -224 896 ) (0 -224 896 ) (0 -224 160 ) 
4 35 53 (0 -224 32 ) (0 -1024 32 ) (0 -1024 160 ) (0 -224 160 ) 
4 35 51 (0 -1024 160 ) (0 -1024 896 ) (0 -224 896 ) (0 -224 160 ) 
4 35 36 (160 -1024 32 ) (0 -1024 32 ) (0 -224 32 ) (160 -224 32 ) 
4 36 52 (0 -192 -896 ) (0 -224 -896 ) (0 -224 32 ) (0 -192 32 ) 
4 36 53 (0 -224 -896 ) (0 -1024 -896 ) (0 -1024 32 ) (0 -224 32 ) 
4 36 44 (0 -64 -896 ) (0 -192 -896 ) (0 -192 32 ) (0 -64 32 ) 
4 36 41 (0 0 20.061300 ) (0 0 -896 ) (0 -64 -896 ) (0 -64 20.061300 ) 
4 36 40 (0 0 32 ) (0 0 20.061300 ) (0 -64 20.061300 ) (0 -64 32 ) 
4 37 45 (-448 0 896 ) (-448 0 64 ) (-448 -64 64 ) (-448 -64 896 ) 
4 37 42 (-448 -64 896 ) (-448 -64 64 ) (0 -64 64 ) (0 -64 896 ) 
4 37 38 (-249.626999 -64 64 ) (-448 -64 64 ) (-448 0 64 ) (-249.627014 0 64 ) 
4 38 46 (-448 0 64 ) (-448 0 52.843304 ) (-448 -64 52.843304 ) (-448 -64 64 ) 
4 38 43 (-448 -64 64 ) (-448 -64 52.061302 ) (-256 -64 52.061302 ) (-256 -64 64 ) 
4 38 39 (-255.771698 -64 52.061302 ) (-256 -64 52.061302 ) (-256 0 52.061302 ) (-255.771683 0 52.061302 ) 
4 40 44 (-256 -64 20.061300 ) (0 -64 20.061300 ) (0 -64 32 ) (-256 -64 32 ) 
4 40 41 (0 -64 20.061300 ) (-256 -64 20.061300 ) (-256 0 20.061300 ) (0 0 20.061300 ) 
4 41 50 (-448 0 20.061300 ) (-448 0 -896 ) (-448 -64 -896 ) (-448 -64 20.061300 ) 
4 41 44 (-448 -64 20.061300 ) (-448 -64 -896 ) (0 -64 -896 ) (0 -64 20.061300 ) 
4 42 51 (0 -192 160 ) (0 -192 896 ) (-448 -192 896 ) (-448 -192 160 ) 
4 42 45 (-448 -192 64 ) (-448 -192 896 ) (-448 -64 896 ) (-448 -64 64 ) 
4 42 43 (-448 -71.923897 64 ) (-448 -64 64 ) (-256 -64 64 ) (-256 -71.923897 64 ) 
3 43 47 (-448 -71.820702 64 ) (-448 -64 64 ) (-448 -64 52.713978 ) 
4 44 52 (0 -192 -896 ) (0 -192 32 ) (-448 -192 32 ) (-448 -192 -896 ) 
4 44 50 (-448 -192 -896 ) (-448 -192 32 ) (-448 -64 32 ) (-448 -64 -896 ) 
4 45 51 (-448 -192 160 ) (-448 -192 896 ) (-896 -192 896 ) (-896 -192 160 ) 
4 45 48 (-896 0 896 ) (-896 0 160 ) (-896 -192 160 ) (-896 -192 896 ) 
4 45 47 (-464.558014 -64 64 ) (-448 -64 64 ) (-448 -71.820702 64 ) (-464.558014 -71.820702 64 ) 
4 45 46 (-465.127014 0 64 ) (-448 0 64 ) (-448 -64 64 ) (-465.127014 -64 64 ) 
3 46 47 (-448 -64 64 ) (-464.558014 -64 64 ) (-448 -64 52.912914 ) 
4 48 55 (-1024 0 896 ) (-1024 0 160 ) (-1024 -192 160 ) (-1024 -192 896 ) 
4 48 51 (-1024 -192 896 ) (-1024 -192 160 ) (-896 -192 160 ) (-896 -192 896 ) 
4 48 49 (-1024 0 160 ) (-928 0 160 ) (-928 -192 160 ) (-1024 -192 160 ) 
4 49 55 (-1024 0 160 ) (-1024 0 32 ) (-1024 -192 32 ) (-1024 -192 160 ) 
4 49 54 (-1024 -192 160 ) (-1024 -192 32 ) (-928 -192 32 ) (-928 -192 160 ) 
4 49 50 (-1024 0 32 ) (-928 0 32 ) (-928 -192 32 ) (-1024 -192 32 ) 
4 50 55 (-1024 0 32 ) (-1024 0 -896 ) (-1024 -192 -896 ) (-1024 -192 32 ) 
4 50 52 (-448 -192 -896 ) (-448 -192 32 ) (-928 -192 32 ) (-928 -192 -896 ) 
4 50 54 (-928 -192 32 ) (-1024 -192 32 ) (-1024 -192 -896 ) (-928 -192 -896 ) 
4 51 55 (-1024 -1024 160 ) (-1024 -1024 896 ) (-1024 -192 896 ) (-1024 -192 160 ) 
4 51 53 (0 -1024 160 ) (-928 -1024 160 ) (-928 -224 160 ) (0 -224 160 ) 
4 51 54 (-928 -1024 160 ) (-1024 -1024 160 ) (-1024 -192 160 ) (-928 -192 160 ) 
4 52 53 (-928 -224 32 ) (-928 -224 -896 ) (0 -224 -896 ) (0 -224 32 ) 
4 52 54 (-928 -192 -896 ) (-928 -224 -896 ) (-928 -224 32 ) (-928 -192 32 ) 
4 53 54 (-928 -224 -896 ) (-928 -1024 -896 ) (-928 -1024 160 ) (-928 -224 160 ) 
4 54 55 (-1024 -1024 -896 ) (-1024 -1024 160 ) (-1024 -192 160 ) (-1024 -192 -896 ) 
