Using shader api: shaderapiempty.dll
WARNING: ConVarRef developer doesn't point to an existing ConVar
----------------------------------------------
All Search Paths:
"e:\steamlibrary\steamapps\common\half-life 2\" "BASE_PATH" 
"e:\steamlibrary\steamapps\common\half-life 2\bin\" "EXECUTABLE_PATH" 
"GAME" "GAME" (VPK)E:\SteamLibrary\steamapps\common\Half-Life 2\hl2\hl2_sound_vo_english.vpk
"mod" "mod" (VPK)E:\SteamLibrary\steamapps\common\Half-Life 2\hl2\hl2_sound_vo_english.vpk
"GAME" "GAME" (VPK)E:\SteamLibrary\steamapps\common\Half-Life 2\hl2\hl2_pak.vpk
"mod" "mod" (VPK)E:\SteamLibrary\steamapps\common\Half-Life 2\hl2\hl2_pak.vpk
"GAME" "GAME" (VPK)E:\SteamLibrary\steamapps\common\Half-Life 2\hl2\hl2_textures.vpk
"GAME" "GAME" (VPK)E:\SteamLibrary\steamapps\common\Half-Life 2\hl2\hl2_sound_misc.vpk
"GAME" "GAME" (VPK)E:\SteamLibrary\steamapps\common\Half-Life 2\hl2\hl2_misc.vpk
"platform" "platform" (VPK)E:\SteamLibrary\steamapps\common\Half-Life 2\platform\platform_misc.vpk
"e:\steamlibrary\steamapps\common\half-life 2\hl2\" "mod" 
"e:\steamlibrary\steamapps\common\half-life 2\hl2\" "mod_write" 
"e:\steamlibrary\steamapps\common\half-life 2\hl2\" "default_write_path" 
"e:\steamlibrary\steamapps\common\half-life 2\hl2\" "GAME" 
"e:\steamlibrary\steamapps\common\half-life 2\hl2\" "game_write" 
"e:\steamlibrary\steamapps\common\half-life 2\hl2\bin\" "gamebin" 
"e:\steamlibrary\steamapps\common\half-life 2\platform\" "platform" 
"e:\steamlibrary\steamapps\common\half-life 2\e:\steamlibrary\steamapps\common\half-life 2\hl2\" "exp" 
"e:\steamlibrary\steamapps\common\half-life 2\e:\steamlibrary\steamapps\common\half-life 2\hl2\" "root_mod" 
----------------------------------------------
UpdateSearchPathsForCurrentGameExpansion
qdir:    "c:\program files (x86)\steam\steamapps\sourcemods\whohl2mod\modelsrc\wine_bottle\bottle_wine01\"
gamedir: "E:\SteamLibrary\steamapps\common\Half-Life 2\hl2\"
g_path:  "C:\Program Files (x86)\Steam\steamapps\sourcemods\whohl2mod\ModelSrc\wine_bottle\bottle_wine01\bottle_wine01.qc"
Building binary model files...
Working on "bottle_wine01.qc"
SMD MODEL ref.smd
SMD MODEL collz.smd
SMD MODEL anims/idle.smd
Model has 3 convex sub-parts
Collision model completed.
---------------------
writing E:\SteamLibrary\steamapps\common\Half-Life 2\hl2\models/wine_bottle/bottle_wine01.mdl:
bones          964 bytes (1)
animations     112 bytes (1 anims) (1 frames) [0:00]
sequences      220 bytes (1 seq) 
ik/pose        164 bytes
eyeballs         0 bytes (0 eyeballs)
flexes           0 bytes (0 flexes)
textures        72 bytes
keyvalues        0 bytes
bone transforms        0 bytes
bone flex driver       0 bytes
Collision model volume 103.42 in^3
collision        0 bytes
total         1756
WARNING: ConVarRef mat_specular_scalar doesn't point to an existing ConVar
---------------------
writing E:\SteamLibrary\steamapps\common\Half-Life 2\hl2\models/wine_bottle/bottle_wine01.vvd:
vertices     16368 bytes (341 vertices)
tangents      5456 bytes (341 vertices)
total        21888 bytes
---------------------
Generating optimized mesh "E:\SteamLibrary\steamapps\common\Half-Life 2\hl2\models/wine_bottle/bottle_wine01.sw.vtx":
body parts:         8 bytes
models:            20 bytes
model LODs:        12 bytes
meshes:             9 bytes
strip groups:      25 bytes
strips:            27 bytes
verts:           3069 bytes
indices:         2832 bytes
bone changes:      16 bytes
everything:      6042 bytes
---------------------
Generating optimized mesh "E:\SteamLibrary\steamapps\common\Half-Life 2\hl2\models/wine_bottle/bottle_wine01.dx80.vtx":
body parts:         8 bytes
models:            20 bytes
model LODs:        12 bytes
meshes:             9 bytes
strip groups:      25 bytes
strips:            27 bytes
verts:           3069 bytes
indices:         2832 bytes
bone changes:      16 bytes
everything:      6042 bytes
---------------------
Generating optimized mesh "E:\SteamLibrary\steamapps\common\Half-Life 2\hl2\models/wine_bottle/bottle_wine01.dx90.vtx":
body parts:         8 bytes
models:            20 bytes
model LODs:        12 bytes
meshes:             9 bytes
strip groups:      25 bytes
strips:            27 bytes
verts:           3069 bytes
indices:         2832 bytes
bone changes:      16 bytes
everything:      6042 bytes

Completed "bottle_wine01.qc"



