Using shader api: shaderapiempty.dll
WARNING: ConVarRef developer doesn't point to an existing ConVar
----------------------------------------------
All Search Paths:
"c:\program files (x86)\steam\steamapps\common\half-life 2\" "BASE_PATH" 
"c:\program files (x86)\steam\steamapps\common\half-life 2\bin\" "EXECUTABLE_PATH" 
"GAME" "GAME" (VPK)C:\Program Files (x86)\Steam\steamapps\common\Half-Life 2\hl2\hl2_sound_vo_english.vpk
"mod" "mod" (VPK)C:\Program Files (x86)\Steam\steamapps\common\Half-Life 2\hl2\hl2_sound_vo_english.vpk
"GAME" "GAME" (VPK)C:\Program Files (x86)\Steam\steamapps\common\Half-Life 2\hl2\hl2_pak.vpk
"mod" "mod" (VPK)C:\Program Files (x86)\Steam\steamapps\common\Half-Life 2\hl2\hl2_pak.vpk
"GAME" "GAME" (VPK)C:\Program Files (x86)\Steam\steamapps\common\Half-Life 2\hl2\hl2_textures.vpk
"GAME" "GAME" (VPK)C:\Program Files (x86)\Steam\steamapps\common\Half-Life 2\hl2\hl2_sound_misc.vpk
"GAME" "GAME" (VPK)C:\Program Files (x86)\Steam\steamapps\common\Half-Life 2\hl2\hl2_misc.vpk
"platform" "platform" (VPK)C:\Program Files (x86)\Steam\steamapps\common\Half-Life 2\platform\platform_misc.vpk
"c:\program files (x86)\steam\steamapps\common\half-life 2\hl2\" "mod" 
"c:\program files (x86)\steam\steamapps\common\half-life 2\hl2\" "mod_write" 
"c:\program files (x86)\steam\steamapps\common\half-life 2\hl2\" "default_write_path" 
"c:\program files (x86)\steam\steamapps\common\half-life 2\hl2\" "GAME" 
"c:\program files (x86)\steam\steamapps\common\half-life 2\hl2\" "game_write" 
"c:\program files (x86)\steam\steamapps\common\half-life 2\hl2\bin\" "gamebin" 
"c:\program files (x86)\steam\steamapps\common\half-life 2\platform\" "platform" 
"c:\program files (x86)\steam\steamapps\common\half-life 2\c:\program files (x86)\steam\steamapps\common\half-life 2\hl2\" "exp" 
"c:\program files (x86)\steam\steamapps\common\half-life 2\c:\program files (x86)\steam\steamapps\common\half-life 2\hl2\" "root_mod" 
----------------------------------------------
UpdateSearchPathsForCurrentGameExpansion
qdir:    "c:\program files (x86)\steam\steamapps\common\half-life 2\hl2\modelsrc\casset\tapereader\"
gamedir: "C:\Program Files (x86)\Steam\steamapps\common\Half-Life 2\hl2\"
g_path:  "C:\Program Files (x86)\Steam\steamapps\common\Half-Life 2\hl2\modelsrc\casset\tapereader\tapereader.qc"
Building binary model files...
Working on "tapereader.qc"
SMD MODEL ref.smd
SMD MODEL colls.smd
SMD MODEL anims/idle.smd
WARNING: Model has 2-dimensional geometry (less than 0.500 inches thick on any axis)!!!
WARNING: Model has 2-dimensional geometry (less than 0.500 inches thick on any axis)!!!
WARNING: Model has 2-dimensional geometry (less than 0.500 inches thick on any axis)!!!
WARNING: Model has 2-dimensional geometry (less than 0.500 inches thick on any axis)!!!
WARNING: Model has 2-dimensional geometry (less than 0.500 inches thick on any axis)!!!
WARNING: Model has 2-dimensional geometry (less than 0.500 inches thick on any axis)!!!
WARNING: Model has 2-dimensional geometry (less than 0.500 inches thick on any axis)!!!
WARNING: Model has 2-dimensional geometry (less than 0.500 inches thick on any axis)!!!
WARNING: Model has 2-dimensional geometry (less than 0.500 inches thick on any axis)!!!
WARNING: Model has 2-dimensional geometry (less than 0.500 inches thick on any axis)!!!
WARNING: Model has 2-dimensional geometry (less than 0.500 inches thick on any axis)!!!
WARNING: Model has 2-dimensional geometry (less than 0.500 inches thick on any axis)!!!
WARNING: Model has 2-dimensional geometry (less than 0.500 inches thick on any axis)!!!
WARNING: Model has 2-dimensional geometry (less than 0.500 inches thick on any axis)!!!
WARNING: Model has 2-dimensional geometry (less than 0.500 inches thick on any axis)!!!
WARNING: Model has 2-dimensional geometry (less than 0.500 inches thick on any axis)!!!
WARNING: Model has 2-dimensional geometry (less than 0.500 inches thick on any axis)!!!
WARNING: Error with convex elements of colls.smd, building single convex!!!!
Model has 7 convex sub-parts
Collision model completed.
---------------------
writing C:\Program Files (x86)\Steam\steamapps\common\Half-Life 2\hl2\models/casset/tapereader.mdl:
bones          964 bytes (1)
animations     112 bytes (1 anims) (1 frames) [0:00]
sequences      220 bytes (1 seq) 
ik/pose        164 bytes
eyeballs         0 bytes (0 eyeballs)
flexes           0 bytes (0 flexes)
textures       204 bytes
keyvalues        0 bytes
bone transforms        0 bytes
bone flex driver       0 bytes
Collision model volume 224.68 in^3
collision        0 bytes
total         2160
WARNING: ConVarRef mat_specular_scalar doesn't point to an existing ConVar
---------------------
writing C:\Program Files (x86)\Steam\steamapps\common\Half-Life 2\hl2\models/casset/tapereader.vvd:
vertices    177744 bytes (3703 vertices)
tangents     59248 bytes (3703 vertices)
total       237056 bytes
---------------------
Generating optimized mesh "C:\Program Files (x86)\Steam\steamapps\common\Half-Life 2\hl2\models/casset/tapereader.sw.vtx":
body parts:         8 bytes
models:            20 bytes
model LODs:        12 bytes
meshes:            27 bytes
strip groups:      75 bytes
strips:            81 bytes
verts:          33327 bytes
indices:        28980 bytes
bone changes:      32 bytes
everything:     62586 bytes
---------------------
Generating optimized mesh "C:\Program Files (x86)\Steam\steamapps\common\Half-Life 2\hl2\models/casset/tapereader.dx80.vtx":
body parts:         8 bytes
models:            20 bytes
model LODs:        12 bytes
meshes:            27 bytes
strip groups:      75 bytes
strips:            81 bytes
verts:          33327 bytes
indices:        28980 bytes
bone changes:      32 bytes
everything:     62586 bytes
---------------------
Generating optimized mesh "C:\Program Files (x86)\Steam\steamapps\common\Half-Life 2\hl2\models/casset/tapereader.dx90.vtx":
body parts:         8 bytes
models:            20 bytes
model LODs:        12 bytes
meshes:            27 bytes
strip groups:      75 bytes
strips:            81 bytes
verts:          33327 bytes
indices:        28980 bytes
bone changes:      32 bytes
everything:     62586 bytes

Completed "tapereader.qc"



